/*C21*/SET SCHEMA PUBLIC
CONNECT USER SA
SET AUTOCOMMIT FALSE
/*C22*/SET SCHEMA PUBLIC
CONNECT USER SA
SET AUTOCOMMIT FALSE
SET AUTOCOMMIT TRUE
alter table ACCOUNTS drop constraint FKAF43ABE618085ABA
alter table ACCOUNT_HOLDINGS drop constraint FKAB0B6C023AA42D41
alter table ACCOUNT_HOLDINGS drop constraint FKAB0B6C02F513C021
alter table ACCOUNT_HOLDINGS drop constraint FKAB0B6C024BC7993
alter table ASKS drop constraint FK1ECD1A38904A85
alter table BEST_ASKS drop constraint FKF4AB869538904A85
alter table BEST_BIDS drop constraint FKF4ABD49138904A85
alter table BIDS drop constraint FK1F1B1638904A85
alter table BOOK drop constraint FK1F32E94C01F0EF
alter table BOOK drop constraint FK1F32E978D5D654
alter table BOOK_OFFERS drop constraint FK21F087AD3AA42D41
alter table BOOK_OFFERS drop constraint FK21F087ADAF241F6D
alter table BOOK_OFFERS drop constraint FK21F087AD458F91F6
alter table CASHBANKS drop constraint FKD3585E44B5A0569A
alter table CBANK_POS_TOKENS drop constraint FKB63B09459E4F249B
alter table CBANK_POS_TOKENS drop constraint FKB63B0945152634D3
alter table CBANK_POS_TOKENS drop constraint FKB63B0945A95DC501
alter table CLAIMS drop constraint FK76A253B7CB114E02
alter table COUPONBANKS drop constraint FKE782A5316A36D033
alter table COUPONBANKS drop constraint FKE782A5317E3EEE70
alter table COUPONS drop constraint FK63E3B8ED3AA42D41
alter table COUPONS drop constraint FK63E3B8EDB5A0569A
alter table FUNDSS drop constraint FK7C4587E5B5A0569A
alter table MARKET drop constraint FK871F883C760F7B71
alter table MARKET drop constraint FK871F883C7E3EEE70
alter table MARKET drop constraint FK871F883CF5AE661E
alter table MARKET drop constraint FK871F883CCB114E02
alter table MARKETMAKER drop constraint FK9213FD6878D5D654
alter table MARKETMAKER drop constraint FK9213FD68420317F3
alter table MM_Probabilities drop constraint FK1D59E3143AA42D41
alter table MM_Probabilities drop constraint FK1D59E3145AE3447D
alter table ORDERREMOVALS drop constraint FK3E1573538904A85
alter table ORDER_TBL drop constraint FK8ED4BB0D3AA42D41
alter table ORDER_TBL drop constraint FK8ED4BB0DBBF8495E
alter table OUTCOME drop constraint FKE8D793323AA42D41
alter table POSITIONS drop constraint FKBD89C4A66AE28D7
alter table REDEMPTIONS drop constraint FK6170EF8838904A85
alter table SELFDEALING drop constraint FK10726B0A38904A85
alter table SORTEDORDERS drop constraint FKEF719BE23AA42D41
alter table SORTEDORDERS_POS_ORDER drop constraint FKD8B355466DA91987
alter table SORTEDORDERS_POS_ORDER drop constraint FKD8B35546AF241F6D
alter table TRADES drop constraint FK93F92F8F38904A85
alter table USERS drop constraint FK4D495E8420317F3
drop table ACCOUNTS if exists
drop table ACCOUNT_HOLDINGS if exists
drop table ASKS if exists
drop table BEST_ASKS if exists
drop table BEST_BIDS if exists
drop table BIDS if exists
drop table BOOK if exists
drop table BOOK_OFFERS if exists
drop table CASHBANKS if exists
drop table CBANK_POS_TOKENS if exists
drop table CLAIMS if exists
drop table COUPONBANKS if exists
drop table COUPONS if exists
drop table CURRENCYTOKENS if exists
drop table FUNDSS if exists
drop table MARKET if exists
drop table MARKETMAKER if exists
drop table MM_Probabilities if exists
drop table MOCKDATA if exists
drop table ORDERREMOVALS if exists
drop table ORDER_TBL if exists
drop table OUTCOME if exists
drop table POSITIONS if exists
drop table REDEMPTIONS if exists
drop table SELFDEALING if exists
drop table SORTEDORDERS if exists
drop table SORTEDORDERS_POS_ORDER if exists
drop table TRADES if exists
drop table UNCONFIRMED_USERS if exists
drop table USERS if exists
create table ACCOUNTS (ACCOUNTS_ID bigint not null, cash bigint not null, primary key (ACCOUNTS_ID))
create table ACCOUNT_HOLDINGS (ACCOUNTS_ID bigint not null, COUPONS_ID bigint not null, POSITIONS_ID bigint not null, primary key (ACCOUNTS_ID, POSITIONS_ID))
create table ASKS (ASKS_ID bigint not null, owner varchar(255), price numeric, priceMax numeric, quant numeric, time timestamp, pos bigint not null, primary key (ASKS_ID))
create table BEST_ASKS (BEST_ASKS_ID bigint not null, owner varchar(255), price numeric, priceMax numeric, quant numeric, time timestamp, pos bigint not null, primary key (BEST_ASKS_ID))
create table BEST_BIDS (BEST_BIDS_ID bigint not null, owner varchar(255), price numeric, priceMax numeric, quant numeric, time timestamp, pos bigint not null, primary key (BEST_BIDS_ID))
create table BIDS (BID_ID bigint not null, owner varchar(255), price numeric, priceMax numeric, quant numeric, time timestamp, pos bigint not null, primary key (BID_ID))
create table BOOK (BOOK_ID bigint not null, BOOK_TYPE varchar(255) not null, market bigint not null, claim bigint not null, primary key (BOOK_ID), unique (market))
create table BOOK_OFFERS (BOOK_ID bigint not null, SORTEDORDERS_ID bigint not null, POSITIONS_ID bigint not null, primary key (BOOK_ID, POSITIONS_ID))
create table CASHBANKS (CASHBANK_ID bigint not null, token bigint not null, primary key (CASHBANK_ID), unique (token))
create table CBANK_POS_TOKENS (COUPONBANK_ID bigint not null, CURRENCYTOKEN_ID bigint not null, positions bigint not null, primary key (COUPONBANK_ID, positions))
create table CLAIMS (CLAIMS_ID bigint not null, CLAIM_TYPE varchar(255) not null, name varchar(255), owner bigint not null, description varchar(255), primary key (CLAIMS_ID))
create table COUPONBANKS (COUPONBANK_ID bigint not null, minted numeric, redeemed numeric, FUNDS_ID bigint not null, claim bigint not null, primary key (COUPONBANK_ID), unique (FUNDS_ID))
create table COUPONS (COUPONS_ID bigint not null, quant numeric, token bigint not null, POSITIONS_ID bigint not null, primary key (COUPONS_ID))
create table CURRENCYTOKENS (CURRENCYTOKEN_ID bigint not null, name varchar(255), primary key (CURRENCYTOKEN_ID))
create table FUNDSS (FUNDS_ID bigint not null, quant numeric, token bigint not null, primary key (FUNDS_ID))
create table MARKET (MARKETS_ID bigint not null, MARKET_TYPE varchar(255) not null, priceBetteringRequired bit, wholeShareTradingOnly bit, lastTrade timestamp, marketClosed bit, owner bigint not null, couponMint bigint not null, Outcome_ID bigint, claim bigint not null, maxPrice numeric, maxPriceMax numeric, primary key (MARKETS_ID), unique (Outcome_ID))
create table MARKETMAKER (MARKETMAKER_ID bigint not null, MarketMaker_TYPE varchar(255) not null, beta numeric, market bigint not null, accounts bigint not null, probability numeric, primary key (MARKETMAKER_ID), unique (market), unique (accounts))
create table MM_Probabilities (MARKETMAKER_ID bigint not null, probability numeric, POSITIONS_ID bigint not null, primary key (MARKETMAKER_ID, POSITIONS_ID))
create table MOCKDATA (DATUM_ID bigint not null, title varchar(255), primary key (DATUM_ID))
create table ORDERREMOVALS (ORDERREMOVAL_ID bigint not null, owner varchar(255), price numeric, priceMax numeric, quant numeric, fullfilledQuant numeric, voidedQuant numeric, time timestamp, pos bigint not null, primary key (ORDERREMOVAL_ID))
create table ORDER_TBL (ORDER_ID bigint not null, price numeric, priceMax numeric, quant numeric, fullfilled numeric, voided numeric, USER_ID bigint not null, POSITIONS_ID bigint not null, primary key (ORDER_ID))
create table OUTCOME (OUTCOME_ID bigint not null, OUTCOME_TYPE varchar(255) not null, continuous bit, POSITIONS_ID bigint, primary key (OUTCOME_ID))
create table POSITIONS (POSITIONS_ID bigint not null, name varchar(255), CLAIMS_ID bigint not null, idx integer, primary key (POSITIONS_ID))
create table REDEMPTIONS (Redemption_ID bigint not null, owner varchar(255), price numeric, priceMax numeric, quant numeric, time timestamp, pos bigint not null, primary key (Redemption_ID))
create table SELFDEALING (SELFDEALING_ID bigint not null, owner varchar(255), price numeric, priceMax numeric, quant numeric, time timestamp, pos bigint not null, primary key (SELFDEALING_ID))
create table SORTEDORDERS (SORTEDORDERS_ID bigint not null, POSITIONS_ID bigint not null, samplePrice numeric, samplePriceMax numeric, primary key (SORTEDORDERS_ID))
create table SORTEDORDERS_POS_ORDER (SORTEDORDERS_ID bigint not null, ORDER_ID bigint not null, primary key (SORTEDORDERS_ID, ORDER_ID), unique (ORDER_ID))
create table TRADES (TRADE_ID bigint not null, TRADE_TYPE varchar(255) not null, owner varchar(255), price numeric, priceMax numeric, quant numeric, time timestamp, pos bigint not null, openingPrice numeric, openingPriceMax numeric, closingPrice numeric, closingPriceMax numeric, primary key (TRADE_ID))
create table UNCONFIRMED_USERS (USER_ID bigint not null, name varchar(255), emailAddress varchar(255), password varchar(255), confirmationToken varchar(255), primary key (USER_ID))
create table USERS (USER_ID bigint not null, name varchar(255), email varchar(255), hashedPassword varbinary(255), accounts bigint not null, primary key (USER_ID), unique (accounts))
alter table ACCOUNTS add constraint FKAF43ABE618085ABA foreign key (cash) references FUNDSS
alter table ACCOUNT_HOLDINGS add constraint FKAB0B6C023AA42D41 foreign key (POSITIONS_ID) references POSITIONS
alter table ACCOUNT_HOLDINGS add constraint FKAB0B6C02F513C021 foreign key (ACCOUNTS_ID) references ACCOUNTS
alter table ACCOUNT_HOLDINGS add constraint FKAB0B6C024BC7993 foreign key (COUPONS_ID) references COUPONS
alter table ASKS add constraint FK1ECD1A38904A85 foreign key (pos) references POSITIONS
alter table BEST_ASKS add constraint FKF4AB869538904A85 foreign key (pos) references POSITIONS
alter table BEST_BIDS add constraint FKF4ABD49138904A85 foreign key (pos) references POSITIONS
alter table BIDS add constraint FK1F1B1638904A85 foreign key (pos) references POSITIONS
alter table BOOK add constraint FK1F32E94C01F0EF foreign key (claim) references CLAIMS
alter table BOOK add constraint FK1F32E978D5D654 foreign key (market) references MARKET
alter table BOOK_OFFERS add constraint FK21F087AD3AA42D41 foreign key (POSITIONS_ID) references POSITIONS
alter table BOOK_OFFERS add constraint FK21F087ADAF241F6D foreign key (SORTEDORDERS_ID) references SORTEDORDERS
alter table BOOK_OFFERS add constraint FK21F087AD458F91F6 foreign key (BOOK_ID) references BOOK
alter table CASHBANKS add constraint FKD3585E44B5A0569A foreign key (token) references CURRENCYTOKENS
alter table CBANK_POS_TOKENS add constraint FKB63B09459E4F249B foreign key (positions) references POSITIONS
alter table CBANK_POS_TOKENS add constraint FKB63B0945152634D3 foreign key (CURRENCYTOKEN_ID) references CURRENCYTOKENS
alter table CBANK_POS_TOKENS add constraint FKB63B0945A95DC501 foreign key (COUPONBANK_ID) references COUPONBANKS
alter table CLAIMS add constraint FK76A253B7CB114E02 foreign key (owner) references USERS
alter table COUPONBANKS add constraint FKE782A5316A36D033 foreign key (FUNDS_ID) references FUNDSS
alter table COUPONBANKS add constraint FKE782A5317E3EEE70 foreign key (claim) references CLAIMS
alter table COUPONS add constraint FK63E3B8ED3AA42D41 foreign key (POSITIONS_ID) references POSITIONS
alter table COUPONS add constraint FK63E3B8EDB5A0569A foreign key (token) references CURRENCYTOKENS
alter table FUNDSS add constraint FK7C4587E5B5A0569A foreign key (token) references CURRENCYTOKENS
alter table MARKET add constraint FK871F883C760F7B71 foreign key (couponMint) references COUPONBANKS
alter table MARKET add constraint FK871F883C7E3EEE70 foreign key (claim) references CLAIMS
alter table MARKET add constraint FK871F883CF5AE661E foreign key (Outcome_ID) references OUTCOME
alter table MARKET add constraint FK871F883CCB114E02 foreign key (owner) references USERS
alter table MARKETMAKER add constraint FK9213FD6878D5D654 foreign key (market) references MARKET
alter table MARKETMAKER add constraint FK9213FD68420317F3 foreign key (accounts) references ACCOUNTS
alter table MM_Probabilities add constraint FK1D59E3143AA42D41 foreign key (POSITIONS_ID) references POSITIONS
alter table MM_Probabilities add constraint FK1D59E3145AE3447D foreign key (MARKETMAKER_ID) references MARKETMAKER
alter table ORDERREMOVALS add constraint FK3E1573538904A85 foreign key (pos) references POSITIONS
alter table ORDER_TBL add constraint FK8ED4BB0D3AA42D41 foreign key (POSITIONS_ID) references POSITIONS
alter table ORDER_TBL add constraint FK8ED4BB0DBBF8495E foreign key (USER_ID) references USERS
alter table OUTCOME add constraint FKE8D793323AA42D41 foreign key (POSITIONS_ID) references POSITIONS
alter table POSITIONS add constraint FKBD89C4A66AE28D7 foreign key (CLAIMS_ID) references CLAIMS
alter table REDEMPTIONS add constraint FK6170EF8838904A85 foreign key (pos) references POSITIONS
alter table SELFDEALING add constraint FK10726B0A38904A85 foreign key (pos) references POSITIONS
alter table SORTEDORDERS add constraint FKEF719BE23AA42D41 foreign key (POSITIONS_ID) references POSITIONS
alter table SORTEDORDERS_POS_ORDER add constraint FKD8B355466DA91987 foreign key (ORDER_ID) references ORDER_TBL
alter table SORTEDORDERS_POS_ORDER add constraint FKD8B35546AF241F6D foreign key (SORTEDORDERS_ID) references SORTEDORDERS
alter table TRADES add constraint FK93F92F8F38904A85 foreign key (pos) references POSITIONS
alter table USERS add constraint FK4D495E8420317F3 foreign key (accounts) references ACCOUNTS
DISCONNECT
/*C21*/INSERT INTO CURRENCYTOKENS VALUES(1,'money')
INSERT INTO CASHBANKS VALUES(1,1)
INSERT INTO FUNDSS VALUES(1,30000,1)
INSERT INTO ACCOUNTS VALUES(1,1)
INSERT INTO USERS VALUES(1,'owner','someone@example.com','d015cc465bdb4e51987df7fb870472d3fb9a3505',1)
INSERT INTO CLAIMS VALUES(1,'BIN','rain',1,'will it rain tomorrow?')
INSERT INTO POSITIONS VALUES(1,'yes',1,NULL)
INSERT INTO POSITIONS VALUES(2,'no',1,NULL)
INSERT INTO CURRENCYTOKENS VALUES(2,'yes')
INSERT INTO CURRENCYTOKENS VALUES(3,'no')
INSERT INTO OUTCOME VALUES(1,'Open',FALSE,NULL)
INSERT INTO SORTEDORDERS VALUES(1,1,100,100)
INSERT INTO SORTEDORDERS VALUES(2,2,100,100)
INSERT INTO FUNDSS VALUES(2,0,1)
INSERT INTO COUPONBANKS VALUES(1,0,0,2,1)
INSERT INTO MARKET VALUES(1,'Bin',FALSE,FALSE,'2009-12-15 18:19:07.804000000',FALSE,1,1,1,1,100,100)
INSERT INTO BOOK VALUES(1,'Binary',1,1)
INSERT INTO FUNDSS VALUES(3,20000,1)
INSERT INTO ACCOUNTS VALUES(2,3)
INSERT INTO MARKETMAKER VALUES(1,'Bin',288.539008,1,2,0.5)
INSERT INTO FUNDSS VALUES(4,30000,1)
INSERT INTO ACCOUNTS VALUES(3,4)
INSERT INTO USERS VALUES(2,'joe','joe@example.com','d015cc465bdb4e51987df7fb870472d3fb9a3505',3)
INSERT INTO FUNDSS VALUES(5,30000,1)
INSERT INTO ACCOUNTS VALUES(4,5)
INSERT INTO USERS VALUES(3,'alice','alice@example.com','d015cc465bdb4e51987df7fb870472d3fb9a3505',4)
INSERT INTO COUPONS VALUES(1,0,2,1)
INSERT INTO COUPONS VALUES(2,0,3,2)
INSERT INTO COUPONS VALUES(3,0,2,1)
INSERT INTO TRADES VALUES(1,'MAKER','joe',50.4332030,100,9.99999892,'2009-12-15 18:19:07.807000000',1,50.0,100,50.8663473,100)
INSERT INTO COUPONS VALUES(4,0,3,2)
INSERT INTO TRADES VALUES(2,'MAKER','alice',50.0000016,100,19.9999993,'2009-12-15 18:19:07.853000000',2,49.1336527,100,50.8663472,100)
INSERT INTO TRADES VALUES(3,'MAKER','joe',49.5667976,100,10.0000017,'2009-12-15 18:19:07.901000000',1,49.1336528,100,50.0000001,100)
DELETE FROM FUNDSS WHERE FUNDS_ID=1
INSERT INTO FUNDSS VALUES(1,10000,1)
DELETE FROM FUNDSS WHERE FUNDS_ID=2
INSERT INTO FUNDSS VALUES(2,1999.999932,1)
DELETE FROM COUPONBANKS WHERE COUPONBANK_ID=1
INSERT INTO COUPONBANKS VALUES(1,19.99999932,0,2,1)
DELETE FROM MARKET WHERE MARKETS_ID=1
INSERT INTO MARKET VALUES(1,'Bin',FALSE,FALSE,'2009-12-15 18:19:07.943000000',FALSE,1,1,1,1,100,100)
DELETE FROM FUNDSS WHERE FUNDS_ID=3
INSERT INTO FUNDSS VALUES(3,20000.000160,1)
DELETE FROM MARKETMAKER WHERE MARKETMAKER_ID=1
INSERT INTO MARKETMAKER VALUES(1,'Bin',288.539008,1,2,0.500000001)
DELETE FROM FUNDSS WHERE FUNDS_ID=4
INSERT INTO FUNDSS VALUES(4,28999.9999,1)
DELETE FROM FUNDSS WHERE FUNDS_ID=5
INSERT INTO FUNDSS VALUES(5,29000.0000,1)
DELETE FROM COUPONS WHERE COUPONS_ID=1
INSERT INTO COUPONS VALUES(1,-0.00000130,2,1)
DELETE FROM COUPONS WHERE COUPONS_ID=2
INSERT INTO COUPONS VALUES(2,2E-8,3,2)
DELETE FROM COUPONS WHERE COUPONS_ID=3
INSERT INTO COUPONS VALUES(3,20.00000062,2,1)
DELETE FROM COUPONS WHERE COUPONS_ID=4
INSERT INTO COUPONS VALUES(4,19.9999993,3,2)
DELETE FROM POSITIONS WHERE POSITIONS_ID=1
INSERT INTO POSITIONS VALUES(1,'yes',1,0)
DELETE FROM POSITIONS WHERE POSITIONS_ID=2
INSERT INTO POSITIONS VALUES(2,'no',1,1)
INSERT INTO CBANK_POS_TOKENS VALUES(1,3,2)
INSERT INTO CBANK_POS_TOKENS VALUES(1,2,1)
INSERT INTO BOOK_OFFERS VALUES(1,2,2)
INSERT INTO BOOK_OFFERS VALUES(1,1,1)
INSERT INTO ACCOUNT_HOLDINGS VALUES(2,2,2)
INSERT INTO ACCOUNT_HOLDINGS VALUES(2,1,1)
INSERT INTO ACCOUNT_HOLDINGS VALUES(3,3,1)
INSERT INTO ACCOUNT_HOLDINGS VALUES(4,4,2)
COMMIT
DISCONNECT
/*C23*/SET SCHEMA PUBLIC
CONNECT USER SA
SET AUTOCOMMIT FALSE
/*C24*/SET SCHEMA PUBLIC
CONNECT USER SA
SET AUTOCOMMIT FALSE
SET AUTOCOMMIT TRUE
SET AUTOCOMMIT FALSE
DISCONNECT
/*C23*/DISCONNECT
/*C25*/SET SCHEMA PUBLIC
CONNECT USER SA
SET AUTOCOMMIT FALSE
/*C26*/SET SCHEMA PUBLIC
CONNECT USER SA
SET AUTOCOMMIT FALSE
SET AUTOCOMMIT TRUE
alter table ACCOUNTS drop constraint FKAF43ABE618085ABA
alter table ACCOUNT_HOLDINGS drop constraint FKAB0B6C023AA42D41
alter table ACCOUNT_HOLDINGS drop constraint FKAB0B6C02F513C021
alter table ACCOUNT_HOLDINGS drop constraint FKAB0B6C024BC7993
alter table ASKS drop constraint FK1ECD1A38904A85
alter table BEST_ASKS drop constraint FKF4AB869538904A85
alter table BEST_BIDS drop constraint FKF4ABD49138904A85
alter table BIDS drop constraint FK1F1B1638904A85
alter table BOOK drop constraint FK1F32E94C01F0EF
alter table BOOK drop constraint FK1F32E978D5D654
alter table BOOK_OFFERS drop constraint FK21F087AD3AA42D41
alter table BOOK_OFFERS drop constraint FK21F087ADAF241F6D
alter table BOOK_OFFERS drop constraint FK21F087AD458F91F6
alter table CASHBANKS drop constraint FKD3585E44B5A0569A
alter table CBANK_POS_TOKENS drop constraint FKB63B09459E4F249B
alter table CBANK_POS_TOKENS drop constraint FKB63B0945152634D3
alter table CBANK_POS_TOKENS drop constraint FKB63B0945A95DC501
alter table CLAIMS drop constraint FK76A253B7CB114E02
alter table COUPONBANKS drop constraint FKE782A5316A36D033
alter table COUPONBANKS drop constraint FKE782A5317E3EEE70
alter table COUPONS drop constraint FK63E3B8ED3AA42D41
alter table COUPONS drop constraint FK63E3B8EDB5A0569A
alter table FUNDSS drop constraint FK7C4587E5B5A0569A
alter table MARKET drop constraint FK871F883C760F7B71
alter table MARKET drop constraint FK871F883C7E3EEE70
alter table MARKET drop constraint FK871F883CF5AE661E
alter table MARKET drop constraint FK871F883CCB114E02
alter table MARKETMAKER drop constraint FK9213FD6878D5D654
alter table MARKETMAKER drop constraint FK9213FD68420317F3
alter table MM_Probabilities drop constraint FK1D59E3143AA42D41
alter table MM_Probabilities drop constraint FK1D59E3145AE3447D
alter table ORDERREMOVALS drop constraint FK3E1573538904A85
alter table ORDER_TBL drop constraint FK8ED4BB0D3AA42D41
alter table ORDER_TBL drop constraint FK8ED4BB0DBBF8495E
alter table OUTCOME drop constraint FKE8D793323AA42D41
alter table POSITIONS drop constraint FKBD89C4A66AE28D7
alter table REDEMPTIONS drop constraint FK6170EF8838904A85
alter table SELFDEALING drop constraint FK10726B0A38904A85
alter table SORTEDORDERS drop constraint FKEF719BE23AA42D41
alter table SORTEDORDERS_POS_ORDER drop constraint FKD8B355466DA91987
alter table SORTEDORDERS_POS_ORDER drop constraint FKD8B35546AF241F6D
alter table TRADES drop constraint FK93F92F8F38904A85
alter table USERS drop constraint FK4D495E8420317F3
drop table ACCOUNTS if exists
drop table ACCOUNT_HOLDINGS if exists
drop table ASKS if exists
drop table BEST_ASKS if exists
drop table BEST_BIDS if exists
drop table BIDS if exists
drop table BOOK if exists
drop table BOOK_OFFERS if exists
drop table CASHBANKS if exists
drop table CBANK_POS_TOKENS if exists
drop table CLAIMS if exists
drop table COUPONBANKS if exists
drop table COUPONS if exists
drop table CURRENCYTOKENS if exists
drop table FUNDSS if exists
drop table MARKET if exists
drop table MARKETMAKER if exists
drop table MM_Probabilities if exists
drop table MOCKDATA if exists
drop table ORDERREMOVALS if exists
drop table ORDER_TBL if exists
drop table OUTCOME if exists
drop table POSITIONS if exists
drop table REDEMPTIONS if exists
drop table SELFDEALING if exists
drop table SORTEDORDERS if exists
drop table SORTEDORDERS_POS_ORDER if exists
drop table TRADES if exists
drop table UNCONFIRMED_USERS if exists
drop table USERS if exists
create table ACCOUNTS (ACCOUNTS_ID bigint not null, cash bigint not null, primary key (ACCOUNTS_ID))
create table ACCOUNT_HOLDINGS (ACCOUNTS_ID bigint not null, COUPONS_ID bigint not null, POSITIONS_ID bigint not null, primary key (ACCOUNTS_ID, POSITIONS_ID))
create table ASKS (ASKS_ID bigint not null, owner varchar(255), price numeric, priceMax numeric, quant numeric, time timestamp, pos bigint not null, primary key (ASKS_ID))
create table BEST_ASKS (BEST_ASKS_ID bigint not null, owner varchar(255), price numeric, priceMax numeric, quant numeric, time timestamp, pos bigint not null, primary key (BEST_ASKS_ID))
create table BEST_BIDS (BEST_BIDS_ID bigint not null, owner varchar(255), price numeric, priceMax numeric, quant numeric, time timestamp, pos bigint not null, primary key (BEST_BIDS_ID))
create table BIDS (BID_ID bigint not null, owner varchar(255), price numeric, priceMax numeric, quant numeric, time timestamp, pos bigint not null, primary key (BID_ID))
create table BOOK (BOOK_ID bigint not null, BOOK_TYPE varchar(255) not null, market bigint not null, claim bigint not null, primary key (BOOK_ID), unique (market))
create table BOOK_OFFERS (BOOK_ID bigint not null, SORTEDORDERS_ID bigint not null, POSITIONS_ID bigint not null, primary key (BOOK_ID, POSITIONS_ID))
create table CASHBANKS (CASHBANK_ID bigint not null, token bigint not null, primary key (CASHBANK_ID), unique (token))
create table CBANK_POS_TOKENS (COUPONBANK_ID bigint not null, CURRENCYTOKEN_ID bigint not null, positions bigint not null, primary key (COUPONBANK_ID, positions))
create table CLAIMS (CLAIMS_ID bigint not null, CLAIM_TYPE varchar(255) not null, name varchar(255), owner bigint not null, description varchar(255), primary key (CLAIMS_ID))
create table COUPONBANKS (COUPONBANK_ID bigint not null, minted numeric, redeemed numeric, FUNDS_ID bigint not null, claim bigint not null, primary key (COUPONBANK_ID), unique (FUNDS_ID))
create table COUPONS (COUPONS_ID bigint not null, quant numeric, token bigint not null, POSITIONS_ID bigint not null, primary key (COUPONS_ID))
create table CURRENCYTOKENS (CURRENCYTOKEN_ID bigint not null, name varchar(255), primary key (CURRENCYTOKEN_ID))
create table FUNDSS (FUNDS_ID bigint not null, quant numeric, token bigint not null, primary key (FUNDS_ID))
create table MARKET (MARKETS_ID bigint not null, MARKET_TYPE varchar(255) not null, priceBetteringRequired bit, wholeShareTradingOnly bit, lastTrade timestamp, marketClosed bit, owner bigint not null, couponMint bigint not null, Outcome_ID bigint, claim bigint not null, maxPrice numeric, maxPriceMax numeric, primary key (MARKETS_ID), unique (Outcome_ID))
create table MARKETMAKER (MARKETMAKER_ID bigint not null, MarketMaker_TYPE varchar(255) not null, beta numeric, market bigint not null, accounts bigint not null, probability numeric, primary key (MARKETMAKER_ID), unique (market), unique (accounts))
create table MM_Probabilities (MARKETMAKER_ID bigint not null, probability numeric, POSITIONS_ID bigint not null, primary key (MARKETMAKER_ID, POSITIONS_ID))
create table MOCKDATA (DATUM_ID bigint not null, title varchar(255), primary key (DATUM_ID))
create table ORDERREMOVALS (ORDERREMOVAL_ID bigint not null, owner varchar(255), price numeric, priceMax numeric, quant numeric, fullfilledQuant numeric, voidedQuant numeric, time timestamp, pos bigint not null, primary key (ORDERREMOVAL_ID))
create table ORDER_TBL (ORDER_ID bigint not null, price numeric, priceMax numeric, quant numeric, fullfilled numeric, voided numeric, USER_ID bigint not null, POSITIONS_ID bigint not null, primary key (ORDER_ID))
create table OUTCOME (OUTCOME_ID bigint not null, OUTCOME_TYPE varchar(255) not null, continuous bit, POSITIONS_ID bigint, primary key (OUTCOME_ID))
create table POSITIONS (POSITIONS_ID bigint not null, name varchar(255), CLAIMS_ID bigint not null, idx integer, primary key (POSITIONS_ID))
create table REDEMPTIONS (Redemption_ID bigint not null, owner varchar(255), price numeric, priceMax numeric, quant numeric, time timestamp, pos bigint not null, primary key (Redemption_ID))
create table SELFDEALING (SELFDEALING_ID bigint not null, owner varchar(255), price numeric, priceMax numeric, quant numeric, time timestamp, pos bigint not null, primary key (SELFDEALING_ID))
create table SORTEDORDERS (SORTEDORDERS_ID bigint not null, POSITIONS_ID bigint not null, samplePrice numeric, samplePriceMax numeric, primary key (SORTEDORDERS_ID))
create table SORTEDORDERS_POS_ORDER (SORTEDORDERS_ID bigint not null, ORDER_ID bigint not null, primary key (SORTEDORDERS_ID, ORDER_ID), unique (ORDER_ID))
create table TRADES (TRADE_ID bigint not null, TRADE_TYPE varchar(255) not null, owner varchar(255), price numeric, priceMax numeric, quant numeric, time timestamp, pos bigint not null, openingPrice numeric, openingPriceMax numeric, closingPrice numeric, closingPriceMax numeric, primary key (TRADE_ID))
create table UNCONFIRMED_USERS (USER_ID bigint not null, name varchar(255), emailAddress varchar(255), password varchar(255), confirmationToken varchar(255), primary key (USER_ID))
create table USERS (USER_ID bigint not null, name varchar(255), email varchar(255), hashedPassword varbinary(255), accounts bigint not null, primary key (USER_ID), unique (accounts))
alter table ACCOUNTS add constraint FKAF43ABE618085ABA foreign key (cash) references FUNDSS
alter table ACCOUNT_HOLDINGS add constraint FKAB0B6C023AA42D41 foreign key (POSITIONS_ID) references POSITIONS
alter table ACCOUNT_HOLDINGS add constraint FKAB0B6C02F513C021 foreign key (ACCOUNTS_ID) references ACCOUNTS
alter table ACCOUNT_HOLDINGS add constraint FKAB0B6C024BC7993 foreign key (COUPONS_ID) references COUPONS
alter table ASKS add constraint FK1ECD1A38904A85 foreign key (pos) references POSITIONS
alter table BEST_ASKS add constraint FKF4AB869538904A85 foreign key (pos) references POSITIONS
alter table BEST_BIDS add constraint FKF4ABD49138904A85 foreign key (pos) references POSITIONS
alter table BIDS add constraint FK1F1B1638904A85 foreign key (pos) references POSITIONS
alter table BOOK add constraint FK1F32E94C01F0EF foreign key (claim) references CLAIMS
alter table BOOK add constraint FK1F32E978D5D654 foreign key (market) references MARKET
alter table BOOK_OFFERS add constraint FK21F087AD3AA42D41 foreign key (POSITIONS_ID) references POSITIONS
alter table BOOK_OFFERS add constraint FK21F087ADAF241F6D foreign key (SORTEDORDERS_ID) references SORTEDORDERS
alter table BOOK_OFFERS add constraint FK21F087AD458F91F6 foreign key (BOOK_ID) references BOOK
alter table CASHBANKS add constraint FKD3585E44B5A0569A foreign key (token) references CURRENCYTOKENS
alter table CBANK_POS_TOKENS add constraint FKB63B09459E4F249B foreign key (positions) references POSITIONS
alter table CBANK_POS_TOKENS add constraint FKB63B0945152634D3 foreign key (CURRENCYTOKEN_ID) references CURRENCYTOKENS
alter table CBANK_POS_TOKENS add constraint FKB63B0945A95DC501 foreign key (COUPONBANK_ID) references COUPONBANKS
alter table CLAIMS add constraint FK76A253B7CB114E02 foreign key (owner) references USERS
alter table COUPONBANKS add constraint FKE782A5316A36D033 foreign key (FUNDS_ID) references FUNDSS
alter table COUPONBANKS add constraint FKE782A5317E3EEE70 foreign key (claim) references CLAIMS
alter table COUPONS add constraint FK63E3B8ED3AA42D41 foreign key (POSITIONS_ID) references POSITIONS
alter table COUPONS add constraint FK63E3B8EDB5A0569A foreign key (token) references CURRENCYTOKENS
alter table FUNDSS add constraint FK7C4587E5B5A0569A foreign key (token) references CURRENCYTOKENS
alter table MARKET add constraint FK871F883C760F7B71 foreign key (couponMint) references COUPONBANKS
alter table MARKET add constraint FK871F883C7E3EEE70 foreign key (claim) references CLAIMS
alter table MARKET add constraint FK871F883CF5AE661E foreign key (Outcome_ID) references OUTCOME
alter table MARKET add constraint FK871F883CCB114E02 foreign key (owner) references USERS
alter table MARKETMAKER add constraint FK9213FD6878D5D654 foreign key (market) references MARKET
alter table MARKETMAKER add constraint FK9213FD68420317F3 foreign key (accounts) references ACCOUNTS
alter table MM_Probabilities add constraint FK1D59E3143AA42D41 foreign key (POSITIONS_ID) references POSITIONS
alter table MM_Probabilities add constraint FK1D59E3145AE3447D foreign key (MARKETMAKER_ID) references MARKETMAKER
alter table ORDERREMOVALS add constraint FK3E1573538904A85 foreign key (pos) references POSITIONS
alter table ORDER_TBL add constraint FK8ED4BB0D3AA42D41 foreign key (POSITIONS_ID) references POSITIONS
alter table ORDER_TBL add constraint FK8ED4BB0DBBF8495E foreign key (USER_ID) references USERS
alter table OUTCOME add constraint FKE8D793323AA42D41 foreign key (POSITIONS_ID) references POSITIONS
alter table POSITIONS add constraint FKBD89C4A66AE28D7 foreign key (CLAIMS_ID) references CLAIMS
alter table REDEMPTIONS add constraint FK6170EF8838904A85 foreign key (pos) references POSITIONS
alter table SELFDEALING add constraint FK10726B0A38904A85 foreign key (pos) references POSITIONS
alter table SORTEDORDERS add constraint FKEF719BE23AA42D41 foreign key (POSITIONS_ID) references POSITIONS
alter table SORTEDORDERS_POS_ORDER add constraint FKD8B355466DA91987 foreign key (ORDER_ID) references ORDER_TBL
alter table SORTEDORDERS_POS_ORDER add constraint FKD8B35546AF241F6D foreign key (SORTEDORDERS_ID) references SORTEDORDERS
alter table TRADES add constraint FK93F92F8F38904A85 foreign key (pos) references POSITIONS
alter table USERS add constraint FK4D495E8420317F3 foreign key (accounts) references ACCOUNTS
DISCONNECT
/*C25*/INSERT INTO CURRENCYTOKENS VALUES(1,'money')
INSERT INTO CASHBANKS VALUES(1,1)
INSERT INTO FUNDSS VALUES(1,30000,1)
INSERT INTO ACCOUNTS VALUES(1,1)
INSERT INTO USERS VALUES(1,'owner','someone@example.com','d015cc465bdb4e51987df7fb870472d3fb9a3505',1)
INSERT INTO CLAIMS VALUES(1,'BIN','rain',1,'will it rain tomorrow?')
INSERT INTO POSITIONS VALUES(1,'yes',1,NULL)
INSERT INTO POSITIONS VALUES(2,'no',1,NULL)
INSERT INTO CURRENCYTOKENS VALUES(2,'yes')
INSERT INTO CURRENCYTOKENS VALUES(3,'no')
INSERT INTO OUTCOME VALUES(1,'Open',FALSE,NULL)
INSERT INTO SORTEDORDERS VALUES(1,1,100,100)
INSERT INTO SORTEDORDERS VALUES(2,2,100,100)
INSERT INTO FUNDSS VALUES(2,0,1)
INSERT INTO COUPONBANKS VALUES(1,0,0,2,1)
INSERT INTO MARKET VALUES(1,'Bin',FALSE,FALSE,'2009-12-15 18:19:08.515000000',FALSE,1,1,1,1,100,100)
INSERT INTO BOOK VALUES(1,'Binary',1,1)
INSERT INTO FUNDSS VALUES(3,20000,1)
INSERT INTO ACCOUNTS VALUES(2,3)
INSERT INTO MARKETMAKER VALUES(1,'Bin',288.539008,1,2,0.5)
INSERT INTO FUNDSS VALUES(4,30000,1)
INSERT INTO ACCOUNTS VALUES(3,4)
INSERT INTO USERS VALUES(2,'joe','joe@example.com','d015cc465bdb4e51987df7fb870472d3fb9a3505',3)
INSERT INTO FUNDSS VALUES(5,30000,1)
INSERT INTO ACCOUNTS VALUES(4,5)
INSERT INTO USERS VALUES(3,'alice','alice@example.com','d015cc465bdb4e51987df7fb870472d3fb9a3505',4)
INSERT INTO COUPONS VALUES(1,0,2,1)
INSERT INTO COUPONS VALUES(2,0,3,2)
INSERT INTO COUPONS VALUES(3,0,2,1)
INSERT INTO TRADES VALUES(1,'MAKER','joe',50.4332030,100,9.99999892,'2009-12-15 18:19:08.519000000',1,50.0,100,50.8663473,100)
INSERT INTO COUPONS VALUES(4,0,3,2)
INSERT INTO TRADES VALUES(2,'MAKER','alice',50.0000016,100,19.9999993,'2009-12-15 18:19:08.569000000',2,49.1336527,100,50.8663472,100)
INSERT INTO TRADES VALUES(3,'MAKER','joe',49.5667976,100,10.0000017,'2009-12-15 18:19:08.619000000',1,49.1336528,100,50.0000001,100)
DELETE FROM FUNDSS WHERE FUNDS_ID=1
INSERT INTO FUNDSS VALUES(1,10000,1)
DELETE FROM FUNDSS WHERE FUNDS_ID=2
INSERT INTO FUNDSS VALUES(2,1999.999932,1)
DELETE FROM COUPONBANKS WHERE COUPONBANK_ID=1
INSERT INTO COUPONBANKS VALUES(1,19.99999932,0,2,1)
DELETE FROM MARKET WHERE MARKETS_ID=1
INSERT INTO MARKET VALUES(1,'Bin',FALSE,FALSE,'2009-12-15 18:19:08.665000000',FALSE,1,1,1,1,100,100)
DELETE FROM FUNDSS WHERE FUNDS_ID=3
INSERT INTO FUNDSS VALUES(3,20000.000160,1)
DELETE FROM MARKETMAKER WHERE MARKETMAKER_ID=1
INSERT INTO MARKETMAKER VALUES(1,'Bin',288.539008,1,2,0.500000001)
DELETE FROM FUNDSS WHERE FUNDS_ID=4
INSERT INTO FUNDSS VALUES(4,28999.9999,1)
DELETE FROM FUNDSS WHERE FUNDS_ID=5
INSERT INTO FUNDSS VALUES(5,29000.0000,1)
DELETE FROM COUPONS WHERE COUPONS_ID=1
INSERT INTO COUPONS VALUES(1,-0.00000130,2,1)
DELETE FROM COUPONS WHERE COUPONS_ID=2
INSERT INTO COUPONS VALUES(2,2E-8,3,2)
DELETE FROM COUPONS WHERE COUPONS_ID=3
INSERT INTO COUPONS VALUES(3,20.00000062,2,1)
DELETE FROM COUPONS WHERE COUPONS_ID=4
INSERT INTO COUPONS VALUES(4,19.9999993,3,2)
DELETE FROM POSITIONS WHERE POSITIONS_ID=1
INSERT INTO POSITIONS VALUES(1,'yes',1,0)
DELETE FROM POSITIONS WHERE POSITIONS_ID=2
INSERT INTO POSITIONS VALUES(2,'no',1,1)
INSERT INTO CBANK_POS_TOKENS VALUES(1,2,1)
INSERT INTO CBANK_POS_TOKENS VALUES(1,3,2)
INSERT INTO BOOK_OFFERS VALUES(1,1,1)
INSERT INTO BOOK_OFFERS VALUES(1,2,2)
INSERT INTO ACCOUNT_HOLDINGS VALUES(2,1,1)
INSERT INTO ACCOUNT_HOLDINGS VALUES(2,2,2)
INSERT INTO ACCOUNT_HOLDINGS VALUES(3,3,1)
INSERT INTO ACCOUNT_HOLDINGS VALUES(4,4,2)
COMMIT
DISCONNECT
/*C27*/SET SCHEMA PUBLIC
CONNECT USER SA
SET AUTOCOMMIT FALSE
/*C28*/SET SCHEMA PUBLIC
CONNECT USER SA
SET AUTOCOMMIT FALSE
SET AUTOCOMMIT TRUE
SET AUTOCOMMIT FALSE
DISCONNECT
/*C27*/DISCONNECT
/*C29*/SET SCHEMA PUBLIC
CONNECT USER SA
SET AUTOCOMMIT FALSE
/*C30*/SET SCHEMA PUBLIC
CONNECT USER SA
SET AUTOCOMMIT FALSE
SET AUTOCOMMIT TRUE
alter table ACCOUNTS drop constraint FKAF43ABE618085ABA
alter table ACCOUNT_HOLDINGS drop constraint FKAB0B6C023AA42D41
alter table ACCOUNT_HOLDINGS drop constraint FKAB0B6C02F513C021
alter table ACCOUNT_HOLDINGS drop constraint FKAB0B6C024BC7993
alter table ASKS drop constraint FK1ECD1A38904A85
alter table BEST_ASKS drop constraint FKF4AB869538904A85
alter table BEST_BIDS drop constraint FKF4ABD49138904A85
alter table BIDS drop constraint FK1F1B1638904A85
alter table BOOK drop constraint FK1F32E94C01F0EF
alter table BOOK drop constraint FK1F32E978D5D654
alter table BOOK_OFFERS drop constraint FK21F087AD3AA42D41
alter table BOOK_OFFERS drop constraint FK21F087ADAF241F6D
alter table BOOK_OFFERS drop constraint FK21F087AD458F91F6
alter table CASHBANKS drop constraint FKD3585E44B5A0569A
alter table CBANK_POS_TOKENS drop constraint FKB63B09459E4F249B
alter table CBANK_POS_TOKENS drop constraint FKB63B0945152634D3
alter table CBANK_POS_TOKENS drop constraint FKB63B0945A95DC501
alter table CLAIMS drop constraint FK76A253B7CB114E02
alter table COUPONBANKS drop constraint FKE782A5316A36D033
alter table COUPONBANKS drop constraint FKE782A5317E3EEE70
alter table COUPONS drop constraint FK63E3B8ED3AA42D41
alter table COUPONS drop constraint FK63E3B8EDB5A0569A
alter table FUNDSS drop constraint FK7C4587E5B5A0569A
alter table MARKET drop constraint FK871F883C760F7B71
alter table MARKET drop constraint FK871F883C7E3EEE70
alter table MARKET drop constraint FK871F883CF5AE661E
alter table MARKET drop constraint FK871F883CCB114E02
alter table MARKETMAKER drop constraint FK9213FD6878D5D654
alter table MARKETMAKER drop constraint FK9213FD68420317F3
alter table MM_Probabilities drop constraint FK1D59E3143AA42D41
alter table MM_Probabilities drop constraint FK1D59E3145AE3447D
alter table ORDERREMOVALS drop constraint FK3E1573538904A85
alter table ORDER_TBL drop constraint FK8ED4BB0D3AA42D41
alter table ORDER_TBL drop constraint FK8ED4BB0DBBF8495E
alter table OUTCOME drop constraint FKE8D793323AA42D41
alter table POSITIONS drop constraint FKBD89C4A66AE28D7
alter table REDEMPTIONS drop constraint FK6170EF8838904A85
alter table SELFDEALING drop constraint FK10726B0A38904A85
alter table SORTEDORDERS drop constraint FKEF719BE23AA42D41
alter table SORTEDORDERS_POS_ORDER drop constraint FKD8B355466DA91987
alter table SORTEDORDERS_POS_ORDER drop constraint FKD8B35546AF241F6D
alter table TRADES drop constraint FK93F92F8F38904A85
alter table USERS drop constraint FK4D495E8420317F3
drop table ACCOUNTS if exists
drop table ACCOUNT_HOLDINGS if exists
drop table ASKS if exists
drop table BEST_ASKS if exists
drop table BEST_BIDS if exists
drop table BIDS if exists
drop table BOOK if exists
drop table BOOK_OFFERS if exists
drop table CASHBANKS if exists
drop table CBANK_POS_TOKENS if exists
drop table CLAIMS if exists
drop table COUPONBANKS if exists
drop table COUPONS if exists
drop table CURRENCYTOKENS if exists
drop table FUNDSS if exists
drop table MARKET if exists
drop table MARKETMAKER if exists
drop table MM_Probabilities if exists
drop table MOCKDATA if exists
drop table ORDERREMOVALS if exists
drop table ORDER_TBL if exists
drop table OUTCOME if exists
drop table POSITIONS if exists
drop table REDEMPTIONS if exists
drop table SELFDEALING if exists
drop table SORTEDORDERS if exists
drop table SORTEDORDERS_POS_ORDER if exists
drop table TRADES if exists
drop table UNCONFIRMED_USERS if exists
drop table USERS if exists
create table ACCOUNTS (ACCOUNTS_ID bigint not null, cash bigint not null, primary key (ACCOUNTS_ID))
create table ACCOUNT_HOLDINGS (ACCOUNTS_ID bigint not null, COUPONS_ID bigint not null, POSITIONS_ID bigint not null, primary key (ACCOUNTS_ID, POSITIONS_ID))
create table ASKS (ASKS_ID bigint not null, owner varchar(255), price numeric, priceMax numeric, quant numeric, time timestamp, pos bigint not null, primary key (ASKS_ID))
create table BEST_ASKS (BEST_ASKS_ID bigint not null, owner varchar(255), price numeric, priceMax numeric, quant numeric, time timestamp, pos bigint not null, primary key (BEST_ASKS_ID))
create table BEST_BIDS (BEST_BIDS_ID bigint not null, owner varchar(255), price numeric, priceMax numeric, quant numeric, time timestamp, pos bigint not null, primary key (BEST_BIDS_ID))
create table BIDS (BID_ID bigint not null, owner varchar(255), price numeric, priceMax numeric, quant numeric, time timestamp, pos bigint not null, primary key (BID_ID))
create table BOOK (BOOK_ID bigint not null, BOOK_TYPE varchar(255) not null, market bigint not null, claim bigint not null, primary key (BOOK_ID), unique (market))
create table BOOK_OFFERS (BOOK_ID bigint not null, SORTEDORDERS_ID bigint not null, POSITIONS_ID bigint not null, primary key (BOOK_ID, POSITIONS_ID))
create table CASHBANKS (CASHBANK_ID bigint not null, token bigint not null, primary key (CASHBANK_ID), unique (token))
create table CBANK_POS_TOKENS (COUPONBANK_ID bigint not null, CURRENCYTOKEN_ID bigint not null, positions bigint not null, primary key (COUPONBANK_ID, positions))
create table CLAIMS (CLAIMS_ID bigint not null, CLAIM_TYPE varchar(255) not null, name varchar(255), owner bigint not null, description varchar(255), primary key (CLAIMS_ID))
create table COUPONBANKS (COUPONBANK_ID bigint not null, minted numeric, redeemed numeric, FUNDS_ID bigint not null, claim bigint not null, primary key (COUPONBANK_ID), unique (FUNDS_ID))
create table COUPONS (COUPONS_ID bigint not null, quant numeric, token bigint not null, POSITIONS_ID bigint not null, primary key (COUPONS_ID))
create table CURRENCYTOKENS (CURRENCYTOKEN_ID bigint not null, name varchar(255), primary key (CURRENCYTOKEN_ID))
create table FUNDSS (FUNDS_ID bigint not null, quant numeric, token bigint not null, primary key (FUNDS_ID))
create table MARKET (MARKETS_ID bigint not null, MARKET_TYPE varchar(255) not null, priceBetteringRequired bit, wholeShareTradingOnly bit, lastTrade timestamp, marketClosed bit, owner bigint not null, couponMint bigint not null, Outcome_ID bigint, claim bigint not null, maxPrice numeric, maxPriceMax numeric, primary key (MARKETS_ID), unique (Outcome_ID))
create table MARKETMAKER (MARKETMAKER_ID bigint not null, MarketMaker_TYPE varchar(255) not null, beta numeric, market bigint not null, accounts bigint not null, probability numeric, primary key (MARKETMAKER_ID), unique (market), unique (accounts))
create table MM_Probabilities (MARKETMAKER_ID bigint not null, probability numeric, POSITIONS_ID bigint not null, primary key (MARKETMAKER_ID, POSITIONS_ID))
create table MOCKDATA (DATUM_ID bigint not null, title varchar(255), primary key (DATUM_ID))
create table ORDERREMOVALS (ORDERREMOVAL_ID bigint not null, owner varchar(255), price numeric, priceMax numeric, quant numeric, fullfilledQuant numeric, voidedQuant numeric, time timestamp, pos bigint not null, primary key (ORDERREMOVAL_ID))
create table ORDER_TBL (ORDER_ID bigint not null, price numeric, priceMax numeric, quant numeric, fullfilled numeric, voided numeric, USER_ID bigint not null, POSITIONS_ID bigint not null, primary key (ORDER_ID))
create table OUTCOME (OUTCOME_ID bigint not null, OUTCOME_TYPE varchar(255) not null, continuous bit, POSITIONS_ID bigint, primary key (OUTCOME_ID))
create table POSITIONS (POSITIONS_ID bigint not null, name varchar(255), CLAIMS_ID bigint not null, idx integer, primary key (POSITIONS_ID))
create table REDEMPTIONS (Redemption_ID bigint not null, owner varchar(255), price numeric, priceMax numeric, quant numeric, time timestamp, pos bigint not null, primary key (Redemption_ID))
create table SELFDEALING (SELFDEALING_ID bigint not null, owner varchar(255), price numeric, priceMax numeric, quant numeric, time timestamp, pos bigint not null, primary key (SELFDEALING_ID))
create table SORTEDORDERS (SORTEDORDERS_ID bigint not null, POSITIONS_ID bigint not null, samplePrice numeric, samplePriceMax numeric, primary key (SORTEDORDERS_ID))
create table SORTEDORDERS_POS_ORDER (SORTEDORDERS_ID bigint not null, ORDER_ID bigint not null, primary key (SORTEDORDERS_ID, ORDER_ID), unique (ORDER_ID))
create table TRADES (TRADE_ID bigint not null, TRADE_TYPE varchar(255) not null, owner varchar(255), price numeric, priceMax numeric, quant numeric, time timestamp, pos bigint not null, openingPrice numeric, openingPriceMax numeric, closingPrice numeric, closingPriceMax numeric, primary key (TRADE_ID))
create table UNCONFIRMED_USERS (USER_ID bigint not null, name varchar(255), emailAddress varchar(255), password varchar(255), confirmationToken varchar(255), primary key (USER_ID))
create table USERS (USER_ID bigint not null, name varchar(255), email varchar(255), hashedPassword varbinary(255), accounts bigint not null, primary key (USER_ID), unique (accounts))
alter table ACCOUNTS add constraint FKAF43ABE618085ABA foreign key (cash) references FUNDSS
alter table ACCOUNT_HOLDINGS add constraint FKAB0B6C023AA42D41 foreign key (POSITIONS_ID) references POSITIONS
alter table ACCOUNT_HOLDINGS add constraint FKAB0B6C02F513C021 foreign key (ACCOUNTS_ID) references ACCOUNTS
alter table ACCOUNT_HOLDINGS add constraint FKAB0B6C024BC7993 foreign key (COUPONS_ID) references COUPONS
alter table ASKS add constraint FK1ECD1A38904A85 foreign key (pos) references POSITIONS
alter table BEST_ASKS add constraint FKF4AB869538904A85 foreign key (pos) references POSITIONS
alter table BEST_BIDS add constraint FKF4ABD49138904A85 foreign key (pos) references POSITIONS
alter table BIDS add constraint FK1F1B1638904A85 foreign key (pos) references POSITIONS
alter table BOOK add constraint FK1F32E94C01F0EF foreign key (claim) references CLAIMS
alter table BOOK add constraint FK1F32E978D5D654 foreign key (market) references MARKET
alter table BOOK_OFFERS add constraint FK21F087AD3AA42D41 foreign key (POSITIONS_ID) references POSITIONS
alter table BOOK_OFFERS add constraint FK21F087ADAF241F6D foreign key (SORTEDORDERS_ID) references SORTEDORDERS
alter table BOOK_OFFERS add constraint FK21F087AD458F91F6 foreign key (BOOK_ID) references BOOK
alter table CASHBANKS add constraint FKD3585E44B5A0569A foreign key (token) references CURRENCYTOKENS
alter table CBANK_POS_TOKENS add constraint FKB63B09459E4F249B foreign key (positions) references POSITIONS
alter table CBANK_POS_TOKENS add constraint FKB63B0945152634D3 foreign key (CURRENCYTOKEN_ID) references CURRENCYTOKENS
alter table CBANK_POS_TOKENS add constraint FKB63B0945A95DC501 foreign key (COUPONBANK_ID) references COUPONBANKS
alter table CLAIMS add constraint FK76A253B7CB114E02 foreign key (owner) references USERS
alter table COUPONBANKS add constraint FKE782A5316A36D033 foreign key (FUNDS_ID) references FUNDSS
alter table COUPONBANKS add constraint FKE782A5317E3EEE70 foreign key (claim) references CLAIMS
alter table COUPONS add constraint FK63E3B8ED3AA42D41 foreign key (POSITIONS_ID) references POSITIONS
alter table COUPONS add constraint FK63E3B8EDB5A0569A foreign key (token) references CURRENCYTOKENS
alter table FUNDSS add constraint FK7C4587E5B5A0569A foreign key (token) references CURRENCYTOKENS
alter table MARKET add constraint FK871F883C760F7B71 foreign key (couponMint) references COUPONBANKS
alter table MARKET add constraint FK871F883C7E3EEE70 foreign key (claim) references CLAIMS
alter table MARKET add constraint FK871F883CF5AE661E foreign key (Outcome_ID) references OUTCOME
alter table MARKET add constraint FK871F883CCB114E02 foreign key (owner) references USERS
alter table MARKETMAKER add constraint FK9213FD6878D5D654 foreign key (market) references MARKET
alter table MARKETMAKER add constraint FK9213FD68420317F3 foreign key (accounts) references ACCOUNTS
alter table MM_Probabilities add constraint FK1D59E3143AA42D41 foreign key (POSITIONS_ID) references POSITIONS
alter table MM_Probabilities add constraint FK1D59E3145AE3447D foreign key (MARKETMAKER_ID) references MARKETMAKER
alter table ORDERREMOVALS add constraint FK3E1573538904A85 foreign key (pos) references POSITIONS
alter table ORDER_TBL add constraint FK8ED4BB0D3AA42D41 foreign key (POSITIONS_ID) references POSITIONS
alter table ORDER_TBL add constraint FK8ED4BB0DBBF8495E foreign key (USER_ID) references USERS
alter table OUTCOME add constraint FKE8D793323AA42D41 foreign key (POSITIONS_ID) references POSITIONS
alter table POSITIONS add constraint FKBD89C4A66AE28D7 foreign key (CLAIMS_ID) references CLAIMS
alter table REDEMPTIONS add constraint FK6170EF8838904A85 foreign key (pos) references POSITIONS
alter table SELFDEALING add constraint FK10726B0A38904A85 foreign key (pos) references POSITIONS
alter table SORTEDORDERS add constraint FKEF719BE23AA42D41 foreign key (POSITIONS_ID) references POSITIONS
alter table SORTEDORDERS_POS_ORDER add constraint FKD8B355466DA91987 foreign key (ORDER_ID) references ORDER_TBL
alter table SORTEDORDERS_POS_ORDER add constraint FKD8B35546AF241F6D foreign key (SORTEDORDERS_ID) references SORTEDORDERS
alter table TRADES add constraint FK93F92F8F38904A85 foreign key (pos) references POSITIONS
alter table USERS add constraint FK4D495E8420317F3 foreign key (accounts) references ACCOUNTS
DISCONNECT
/*C29*/INSERT INTO CURRENCYTOKENS VALUES(1,'money')
INSERT INTO CASHBANKS VALUES(1,1)
INSERT INTO FUNDSS VALUES(1,30000,1)
INSERT INTO ACCOUNTS VALUES(1,1)
INSERT INTO USERS VALUES(1,'owner','someone@example.com','d015cc465bdb4e51987df7fb870472d3fb9a3505',1)
INSERT INTO CLAIMS VALUES(1,'BIN','rain',1,'will it rain tomorrow?')
INSERT INTO POSITIONS VALUES(1,'yes',1,NULL)
INSERT INTO POSITIONS VALUES(2,'no',1,NULL)
INSERT INTO CURRENCYTOKENS VALUES(2,'yes')
INSERT INTO CURRENCYTOKENS VALUES(3,'no')
INSERT INTO OUTCOME VALUES(1,'Open',FALSE,NULL)
INSERT INTO SORTEDORDERS VALUES(1,1,100,100)
INSERT INTO SORTEDORDERS VALUES(2,2,100,100)
INSERT INTO FUNDSS VALUES(2,0,1)
INSERT INTO COUPONBANKS VALUES(1,0,0,2,1)
INSERT INTO MARKET VALUES(1,'Bin',FALSE,FALSE,'2009-12-15 18:19:09.259000000',FALSE,1,1,1,1,100,100)
INSERT INTO BOOK VALUES(1,'Binary',1,1)
INSERT INTO FUNDSS VALUES(3,20000,1)
INSERT INTO ACCOUNTS VALUES(2,3)
INSERT INTO MARKETMAKER VALUES(1,'Bin',288.539008,1,2,0.5)
INSERT INTO FUNDSS VALUES(4,30000,1)
INSERT INTO ACCOUNTS VALUES(3,4)
INSERT INTO USERS VALUES(2,'joe','joe@example.com','d015cc465bdb4e51987df7fb870472d3fb9a3505',3)
INSERT INTO FUNDSS VALUES(5,30000,1)
INSERT INTO ACCOUNTS VALUES(4,5)
INSERT INTO USERS VALUES(3,'alice','alice@example.com','d015cc465bdb4e51987df7fb870472d3fb9a3505',4)
INSERT INTO COUPONS VALUES(1,0,2,1)
INSERT INTO COUPONS VALUES(2,0,3,2)
INSERT INTO COUPONS VALUES(3,0,2,1)
INSERT INTO TRADES VALUES(1,'MAKER','joe',50.4332030,100,9.99999892,'2009-12-15 18:19:09.262000000',1,50.0,100,50.8663473,100)
INSERT INTO COUPONS VALUES(4,0,3,2)
INSERT INTO TRADES VALUES(2,'MAKER','alice',50.0000016,100,19.9999993,'2009-12-15 18:19:09.315000000',2,49.1336527,100,50.8663472,100)
INSERT INTO TRADES VALUES(3,'MAKER','joe',49.5667976,100,10.0000017,'2009-12-15 18:19:09.357000000',1,49.1336528,100,50.0000001,100)
DELETE FROM FUNDSS WHERE FUNDS_ID=1
INSERT INTO FUNDSS VALUES(1,10000,1)
DELETE FROM FUNDSS WHERE FUNDS_ID=2
INSERT INTO FUNDSS VALUES(2,1999.999932,1)
DELETE FROM COUPONBANKS WHERE COUPONBANK_ID=1
INSERT INTO COUPONBANKS VALUES(1,19.99999932,0,2,1)
DELETE FROM MARKET WHERE MARKETS_ID=1
INSERT INTO MARKET VALUES(1,'Bin',FALSE,FALSE,'2009-12-15 18:19:09.402000000',FALSE,1,1,1,1,100,100)
DELETE FROM FUNDSS WHERE FUNDS_ID=3
INSERT INTO FUNDSS VALUES(3,20000.000160,1)
DELETE FROM MARKETMAKER WHERE MARKETMAKER_ID=1
INSERT INTO MARKETMAKER VALUES(1,'Bin',288.539008,1,2,0.500000001)
DELETE FROM FUNDSS WHERE FUNDS_ID=4
INSERT INTO FUNDSS VALUES(4,28999.9999,1)
DELETE FROM FUNDSS WHERE FUNDS_ID=5
INSERT INTO FUNDSS VALUES(5,29000.0000,1)
DELETE FROM COUPONS WHERE COUPONS_ID=1
INSERT INTO COUPONS VALUES(1,-0.00000130,2,1)
DELETE FROM COUPONS WHERE COUPONS_ID=2
INSERT INTO COUPONS VALUES(2,2E-8,3,2)
DELETE FROM COUPONS WHERE COUPONS_ID=3
INSERT INTO COUPONS VALUES(3,20.00000062,2,1)
DELETE FROM COUPONS WHERE COUPONS_ID=4
INSERT INTO COUPONS VALUES(4,19.9999993,3,2)
DELETE FROM POSITIONS WHERE POSITIONS_ID=1
INSERT INTO POSITIONS VALUES(1,'yes',1,0)
DELETE FROM POSITIONS WHERE POSITIONS_ID=2
INSERT INTO POSITIONS VALUES(2,'no',1,1)
INSERT INTO CBANK_POS_TOKENS VALUES(1,3,2)
INSERT INTO CBANK_POS_TOKENS VALUES(1,2,1)
INSERT INTO BOOK_OFFERS VALUES(1,2,2)
INSERT INTO BOOK_OFFERS VALUES(1,1,1)
INSERT INTO ACCOUNT_HOLDINGS VALUES(2,2,2)
INSERT INTO ACCOUNT_HOLDINGS VALUES(2,1,1)
INSERT INTO ACCOUNT_HOLDINGS VALUES(3,3,1)
INSERT INTO ACCOUNT_HOLDINGS VALUES(4,4,2)
COMMIT
DISCONNECT
/*C31*/SET SCHEMA PUBLIC
CONNECT USER SA
SET AUTOCOMMIT FALSE
/*C32*/SET SCHEMA PUBLIC
CONNECT USER SA
SET AUTOCOMMIT FALSE
SET AUTOCOMMIT TRUE
SET AUTOCOMMIT FALSE
DISCONNECT
/*C31*/INSERT INTO CLAIMS VALUES(2,'BIN','hockey',1,'Will the home team win?')
INSERT INTO POSITIONS VALUES(3,'yes',2,NULL)
INSERT INTO POSITIONS VALUES(4,'no',2,NULL)
INSERT INTO CURRENCYTOKENS VALUES(4,'yes')
INSERT INTO CURRENCYTOKENS VALUES(5,'no')
INSERT INTO OUTCOME VALUES(2,'Open',FALSE,NULL)
INSERT INTO SORTEDORDERS VALUES(3,3,100,100)
INSERT INTO SORTEDORDERS VALUES(4,4,100,100)
INSERT INTO FUNDSS VALUES(6,0,1)
INSERT INTO COUPONBANKS VALUES(2,0,0,6,2)
INSERT INTO MARKET VALUES(2,'Bin',FALSE,FALSE,'2009-12-15 18:19:09.682000000',FALSE,1,2,2,2,100,100)
INSERT INTO BOOK VALUES(2,'Binary',2,2)
INSERT INTO FUNDSS VALUES(7,50,1)
INSERT INTO ACCOUNTS VALUES(5,7)
INSERT INTO MARKETMAKER VALUES(2,'Bin',0.721347520,2,5,0.5)
INSERT INTO COUPONS VALUES(5,0,4,3)
INSERT INTO COUPONS VALUES(6,0,5,4)
INSERT INTO COUPONS VALUES(7,0,4,3)
INSERT INTO TRADES VALUES(4,'MAKER','joe',52.5041868,100,0.144753307,'2009-12-15 18:19:09.687000000',3,50.0,100,55.00,100)
INSERT INTO COUPONS VALUES(8,0,5,4)
INSERT INTO TRADES VALUES(5,'MAKER','alice',50.0000002,100,0.289506617,'2009-12-15 18:19:09.693000000',4,45.00,100,55.00,100)
INSERT INTO TRADES VALUES(6,'MAKER','alice',60.0701102,100,0.301789090,'2009-12-15 18:19:09.702000000',4,55.00,100,65.00,100)
INSERT INTO TRADES VALUES(7,'MAKER','joe',50.0000001,100,0.893084795,'2009-12-15 18:19:09.715000000',3,35.00,100,65.00,100)
DELETE FROM FUNDSS WHERE FUNDS_ID=6
INSERT INTO FUNDSS VALUES(6,103.7838102,1)
DELETE FROM COUPONBANKS WHERE COUPONBANK_ID=2
INSERT INTO COUPONBANKS VALUES(2,1.037838102,0,6,2)
DELETE FROM MARKET WHERE MARKETS_ID=2
INSERT INTO MARKET VALUES(2,'Bin',FALSE,FALSE,'2009-12-15 18:19:09.719000000',FALSE,1,2,2,2,100,100)
DELETE FROM FUNDSS WHERE FUNDS_ID=1
INSERT INTO FUNDSS VALUES(1,9950,1)
DELETE FROM FUNDSS WHERE FUNDS_ID=7
INSERT INTO FUNDSS VALUES(7,31.0744191,1)
DELETE FROM MARKETMAKER WHERE MARKETMAKER_ID=2
INSERT INTO MARKETMAKER VALUES(2,'Bin',0.721347520,2,5,0.65)
DELETE FROM FUNDSS WHERE FUNDS_ID=4
INSERT INTO FUNDSS VALUES(4,28947.7455,1)
DELETE FROM COUPONS WHERE COUPONS_ID=6
INSERT INTO COUPONS VALUES(6,0.446542395,5,4)
DELETE FROM COUPONS WHERE COUPONS_ID=7
INSERT INTO COUPONS VALUES(7,1.037838102,4,3)
DELETE FROM FUNDSS WHERE FUNDS_ID=5
INSERT INTO FUNDSS VALUES(5,28967.3962,1)
DELETE FROM COUPONS WHERE COUPONS_ID=8
INSERT INTO COUPONS VALUES(8,0.591295707,5,4)
INSERT INTO ACCOUNT_HOLDINGS VALUES(3,7,3)
INSERT INTO ACCOUNT_HOLDINGS VALUES(4,8,4)
DELETE FROM POSITIONS WHERE POSITIONS_ID=3
INSERT INTO POSITIONS VALUES(3,'yes',2,0)
DELETE FROM POSITIONS WHERE POSITIONS_ID=4
INSERT INTO POSITIONS VALUES(4,'no',2,1)
INSERT INTO CBANK_POS_TOKENS VALUES(2,4,3)
INSERT INTO CBANK_POS_TOKENS VALUES(2,5,4)
INSERT INTO BOOK_OFFERS VALUES(2,3,3)
INSERT INTO BOOK_OFFERS VALUES(2,4,4)
INSERT INTO ACCOUNT_HOLDINGS VALUES(5,5,3)
INSERT INTO ACCOUNT_HOLDINGS VALUES(5,6,4)
COMMIT
DISCONNECT
/*C33*/SET SCHEMA PUBLIC
CONNECT USER SA
SET AUTOCOMMIT FALSE
/*C34*/SET SCHEMA PUBLIC
CONNECT USER SA
SET AUTOCOMMIT FALSE
SET AUTOCOMMIT TRUE
SET AUTOCOMMIT FALSE
DISCONNECT
/*C33*/DISCONNECT
/*C35*/SET SCHEMA PUBLIC
CONNECT USER SA
SET AUTOCOMMIT FALSE
/*C36*/SET SCHEMA PUBLIC
CONNECT USER SA
SET AUTOCOMMIT FALSE
SET AUTOCOMMIT TRUE
alter table ACCOUNTS drop constraint FKAF43ABE618085ABA
alter table ACCOUNT_HOLDINGS drop constraint FKAB0B6C023AA42D41
alter table ACCOUNT_HOLDINGS drop constraint FKAB0B6C02F513C021
alter table ACCOUNT_HOLDINGS drop constraint FKAB0B6C024BC7993
alter table ASKS drop constraint FK1ECD1A38904A85
alter table BEST_ASKS drop constraint FKF4AB869538904A85
alter table BEST_BIDS drop constraint FKF4ABD49138904A85
alter table BIDS drop constraint FK1F1B1638904A85
alter table BOOK drop constraint FK1F32E94C01F0EF
alter table BOOK drop constraint FK1F32E978D5D654
alter table BOOK_OFFERS drop constraint FK21F087AD3AA42D41
alter table BOOK_OFFERS drop constraint FK21F087ADAF241F6D
alter table BOOK_OFFERS drop constraint FK21F087AD458F91F6
alter table CASHBANKS drop constraint FKD3585E44B5A0569A
alter table CBANK_POS_TOKENS drop constraint FKB63B09459E4F249B
alter table CBANK_POS_TOKENS drop constraint FKB63B0945152634D3
alter table CBANK_POS_TOKENS drop constraint FKB63B0945A95DC501
alter table CLAIMS drop constraint FK76A253B7CB114E02
alter table COUPONBANKS drop constraint FKE782A5316A36D033
alter table COUPONBANKS drop constraint FKE782A5317E3EEE70
alter table COUPONS drop constraint FK63E3B8ED3AA42D41
alter table COUPONS drop constraint FK63E3B8EDB5A0569A
alter table FUNDSS drop constraint FK7C4587E5B5A0569A
alter table MARKET drop constraint FK871F883C760F7B71
alter table MARKET drop constraint FK871F883C7E3EEE70
alter table MARKET drop constraint FK871F883CF5AE661E
alter table MARKET drop constraint FK871F883CCB114E02
alter table MARKETMAKER drop constraint FK9213FD6878D5D654
alter table MARKETMAKER drop constraint FK9213FD68420317F3
alter table MM_Probabilities drop constraint FK1D59E3143AA42D41
alter table MM_Probabilities drop constraint FK1D59E3145AE3447D
alter table ORDERREMOVALS drop constraint FK3E1573538904A85
alter table ORDER_TBL drop constraint FK8ED4BB0D3AA42D41
alter table ORDER_TBL drop constraint FK8ED4BB0DBBF8495E
alter table OUTCOME drop constraint FKE8D793323AA42D41
alter table POSITIONS drop constraint FKBD89C4A66AE28D7
alter table REDEMPTIONS drop constraint FK6170EF8838904A85
alter table SELFDEALING drop constraint FK10726B0A38904A85
alter table SORTEDORDERS drop constraint FKEF719BE23AA42D41
alter table SORTEDORDERS_POS_ORDER drop constraint FKD8B355466DA91987
alter table SORTEDORDERS_POS_ORDER drop constraint FKD8B35546AF241F6D
alter table TRADES drop constraint FK93F92F8F38904A85
alter table USERS drop constraint FK4D495E8420317F3
drop table ACCOUNTS if exists
drop table ACCOUNT_HOLDINGS if exists
drop table ASKS if exists
drop table BEST_ASKS if exists
drop table BEST_BIDS if exists
drop table BIDS if exists
drop table BOOK if exists
drop table BOOK_OFFERS if exists
drop table CASHBANKS if exists
drop table CBANK_POS_TOKENS if exists
drop table CLAIMS if exists
drop table COUPONBANKS if exists
drop table COUPONS if exists
drop table CURRENCYTOKENS if exists
drop table FUNDSS if exists
drop table MARKET if exists
drop table MARKETMAKER if exists
drop table MM_Probabilities if exists
drop table MOCKDATA if exists
drop table ORDERREMOVALS if exists
drop table ORDER_TBL if exists
drop table OUTCOME if exists
drop table POSITIONS if exists
drop table REDEMPTIONS if exists
drop table SELFDEALING if exists
drop table SORTEDORDERS if exists
drop table SORTEDORDERS_POS_ORDER if exists
drop table TRADES if exists
drop table UNCONFIRMED_USERS if exists
drop table USERS if exists
create table ACCOUNTS (ACCOUNTS_ID bigint not null, cash bigint not null, primary key (ACCOUNTS_ID))
create table ACCOUNT_HOLDINGS (ACCOUNTS_ID bigint not null, COUPONS_ID bigint not null, POSITIONS_ID bigint not null, primary key (ACCOUNTS_ID, POSITIONS_ID))
create table ASKS (ASKS_ID bigint not null, owner varchar(255), price numeric, priceMax numeric, quant numeric, time timestamp, pos bigint not null, primary key (ASKS_ID))
create table BEST_ASKS (BEST_ASKS_ID bigint not null, owner varchar(255), price numeric, priceMax numeric, quant numeric, time timestamp, pos bigint not null, primary key (BEST_ASKS_ID))
create table BEST_BIDS (BEST_BIDS_ID bigint not null, owner varchar(255), price numeric, priceMax numeric, quant numeric, time timestamp, pos bigint not null, primary key (BEST_BIDS_ID))
create table BIDS (BID_ID bigint not null, owner varchar(255), price numeric, priceMax numeric, quant numeric, time timestamp, pos bigint not null, primary key (BID_ID))
create table BOOK (BOOK_ID bigint not null, BOOK_TYPE varchar(255) not null, market bigint not null, claim bigint not null, primary key (BOOK_ID), unique (market))
create table BOOK_OFFERS (BOOK_ID bigint not null, SORTEDORDERS_ID bigint not null, POSITIONS_ID bigint not null, primary key (BOOK_ID, POSITIONS_ID))
create table CASHBANKS (CASHBANK_ID bigint not null, token bigint not null, primary key (CASHBANK_ID), unique (token))
create table CBANK_POS_TOKENS (COUPONBANK_ID bigint not null, CURRENCYTOKEN_ID bigint not null, positions bigint not null, primary key (COUPONBANK_ID, positions))
create table CLAIMS (CLAIMS_ID bigint not null, CLAIM_TYPE varchar(255) not null, name varchar(255), owner bigint not null, description varchar(255), primary key (CLAIMS_ID))
create table COUPONBANKS (COUPONBANK_ID bigint not null, minted numeric, redeemed numeric, FUNDS_ID bigint not null, claim bigint not null, primary key (COUPONBANK_ID), unique (FUNDS_ID))
create table COUPONS (COUPONS_ID bigint not null, quant numeric, token bigint not null, POSITIONS_ID bigint not null, primary key (COUPONS_ID))
create table CURRENCYTOKENS (CURRENCYTOKEN_ID bigint not null, name varchar(255), primary key (CURRENCYTOKEN_ID))
create table FUNDSS (FUNDS_ID bigint not null, quant numeric, token bigint not null, primary key (FUNDS_ID))
create table MARKET (MARKETS_ID bigint not null, MARKET_TYPE varchar(255) not null, priceBetteringRequired bit, wholeShareTradingOnly bit, lastTrade timestamp, marketClosed bit, owner bigint not null, couponMint bigint not null, Outcome_ID bigint, claim bigint not null, maxPrice numeric, maxPriceMax numeric, primary key (MARKETS_ID), unique (Outcome_ID))
create table MARKETMAKER (MARKETMAKER_ID bigint not null, MarketMaker_TYPE varchar(255) not null, beta numeric, market bigint not null, accounts bigint not null, probability numeric, primary key (MARKETMAKER_ID), unique (market), unique (accounts))
create table MM_Probabilities (MARKETMAKER_ID bigint not null, probability numeric, POSITIONS_ID bigint not null, primary key (MARKETMAKER_ID, POSITIONS_ID))
create table MOCKDATA (DATUM_ID bigint not null, title varchar(255), primary key (DATUM_ID))
create table ORDERREMOVALS (ORDERREMOVAL_ID bigint not null, owner varchar(255), price numeric, priceMax numeric, quant numeric, fullfilledQuant numeric, voidedQuant numeric, time timestamp, pos bigint not null, primary key (ORDERREMOVAL_ID))
create table ORDER_TBL (ORDER_ID bigint not null, price numeric, priceMax numeric, quant numeric, fullfilled numeric, voided numeric, USER_ID bigint not null, POSITIONS_ID bigint not null, primary key (ORDER_ID))
create table OUTCOME (OUTCOME_ID bigint not null, OUTCOME_TYPE varchar(255) not null, continuous bit, POSITIONS_ID bigint, primary key (OUTCOME_ID))
create table POSITIONS (POSITIONS_ID bigint not null, name varchar(255), CLAIMS_ID bigint not null, idx integer, primary key (POSITIONS_ID))
create table REDEMPTIONS (Redemption_ID bigint not null, owner varchar(255), price numeric, priceMax numeric, quant numeric, time timestamp, pos bigint not null, primary key (Redemption_ID))
create table SELFDEALING (SELFDEALING_ID bigint not null, owner varchar(255), price numeric, priceMax numeric, quant numeric, time timestamp, pos bigint not null, primary key (SELFDEALING_ID))
create table SORTEDORDERS (SORTEDORDERS_ID bigint not null, POSITIONS_ID bigint not null, samplePrice numeric, samplePriceMax numeric, primary key (SORTEDORDERS_ID))
create table SORTEDORDERS_POS_ORDER (SORTEDORDERS_ID bigint not null, ORDER_ID bigint not null, primary key (SORTEDORDERS_ID, ORDER_ID), unique (ORDER_ID))
create table TRADES (TRADE_ID bigint not null, TRADE_TYPE varchar(255) not null, owner varchar(255), price numeric, priceMax numeric, quant numeric, time timestamp, pos bigint not null, openingPrice numeric, openingPriceMax numeric, closingPrice numeric, closingPriceMax numeric, primary key (TRADE_ID))
create table UNCONFIRMED_USERS (USER_ID bigint not null, name varchar(255), emailAddress varchar(255), password varchar(255), confirmationToken varchar(255), primary key (USER_ID))
create table USERS (USER_ID bigint not null, name varchar(255), email varchar(255), hashedPassword varbinary(255), accounts bigint not null, primary key (USER_ID), unique (accounts))
alter table ACCOUNTS add constraint FKAF43ABE618085ABA foreign key (cash) references FUNDSS
alter table ACCOUNT_HOLDINGS add constraint FKAB0B6C023AA42D41 foreign key (POSITIONS_ID) references POSITIONS
alter table ACCOUNT_HOLDINGS add constraint FKAB0B6C02F513C021 foreign key (ACCOUNTS_ID) references ACCOUNTS
alter table ACCOUNT_HOLDINGS add constraint FKAB0B6C024BC7993 foreign key (COUPONS_ID) references COUPONS
alter table ASKS add constraint FK1ECD1A38904A85 foreign key (pos) references POSITIONS
alter table BEST_ASKS add constraint FKF4AB869538904A85 foreign key (pos) references POSITIONS
alter table BEST_BIDS add constraint FKF4ABD49138904A85 foreign key (pos) references POSITIONS
alter table BIDS add constraint FK1F1B1638904A85 foreign key (pos) references POSITIONS
alter table BOOK add constraint FK1F32E94C01F0EF foreign key (claim) references CLAIMS
alter table BOOK add constraint FK1F32E978D5D654 foreign key (market) references MARKET
alter table BOOK_OFFERS add constraint FK21F087AD3AA42D41 foreign key (POSITIONS_ID) references POSITIONS
alter table BOOK_OFFERS add constraint FK21F087ADAF241F6D foreign key (SORTEDORDERS_ID) references SORTEDORDERS
alter table BOOK_OFFERS add constraint FK21F087AD458F91F6 foreign key (BOOK_ID) references BOOK
alter table CASHBANKS add constraint FKD3585E44B5A0569A foreign key (token) references CURRENCYTOKENS
alter table CBANK_POS_TOKENS add constraint FKB63B09459E4F249B foreign key (positions) references POSITIONS
alter table CBANK_POS_TOKENS add constraint FKB63B0945152634D3 foreign key (CURRENCYTOKEN_ID) references CURRENCYTOKENS
alter table CBANK_POS_TOKENS add constraint FKB63B0945A95DC501 foreign key (COUPONBANK_ID) references COUPONBANKS
alter table CLAIMS add constraint FK76A253B7CB114E02 foreign key (owner) references USERS
alter table COUPONBANKS add constraint FKE782A5316A36D033 foreign key (FUNDS_ID) references FUNDSS
alter table COUPONBANKS add constraint FKE782A5317E3EEE70 foreign key (claim) references CLAIMS
alter table COUPONS add constraint FK63E3B8ED3AA42D41 foreign key (POSITIONS_ID) references POSITIONS
alter table COUPONS add constraint FK63E3B8EDB5A0569A foreign key (token) references CURRENCYTOKENS
alter table FUNDSS add constraint FK7C4587E5B5A0569A foreign key (token) references CURRENCYTOKENS
alter table MARKET add constraint FK871F883C760F7B71 foreign key (couponMint) references COUPONBANKS
alter table MARKET add constraint FK871F883C7E3EEE70 foreign key (claim) references CLAIMS
alter table MARKET add constraint FK871F883CF5AE661E foreign key (Outcome_ID) references OUTCOME
alter table MARKET add constraint FK871F883CCB114E02 foreign key (owner) references USERS
alter table MARKETMAKER add constraint FK9213FD6878D5D654 foreign key (market) references MARKET
alter table MARKETMAKER add constraint FK9213FD68420317F3 foreign key (accounts) references ACCOUNTS
alter table MM_Probabilities add constraint FK1D59E3143AA42D41 foreign key (POSITIONS_ID) references POSITIONS
alter table MM_Probabilities add constraint FK1D59E3145AE3447D foreign key (MARKETMAKER_ID) references MARKETMAKER
alter table ORDERREMOVALS add constraint FK3E1573538904A85 foreign key (pos) references POSITIONS
alter table ORDER_TBL add constraint FK8ED4BB0D3AA42D41 foreign key (POSITIONS_ID) references POSITIONS
alter table ORDER_TBL add constraint FK8ED4BB0DBBF8495E foreign key (USER_ID) references USERS
alter table OUTCOME add constraint FKE8D793323AA42D41 foreign key (POSITIONS_ID) references POSITIONS
alter table POSITIONS add constraint FKBD89C4A66AE28D7 foreign key (CLAIMS_ID) references CLAIMS
alter table REDEMPTIONS add constraint FK6170EF8838904A85 foreign key (pos) references POSITIONS
alter table SELFDEALING add constraint FK10726B0A38904A85 foreign key (pos) references POSITIONS
alter table SORTEDORDERS add constraint FKEF719BE23AA42D41 foreign key (POSITIONS_ID) references POSITIONS
alter table SORTEDORDERS_POS_ORDER add constraint FKD8B355466DA91987 foreign key (ORDER_ID) references ORDER_TBL
alter table SORTEDORDERS_POS_ORDER add constraint FKD8B35546AF241F6D foreign key (SORTEDORDERS_ID) references SORTEDORDERS
alter table TRADES add constraint FK93F92F8F38904A85 foreign key (pos) references POSITIONS
alter table USERS add constraint FK4D495E8420317F3 foreign key (accounts) references ACCOUNTS
DISCONNECT
/*C35*/INSERT INTO CURRENCYTOKENS VALUES(1,'money')
INSERT INTO CASHBANKS VALUES(1,1)
INSERT INTO FUNDSS VALUES(1,30000,1)
INSERT INTO ACCOUNTS VALUES(1,1)
INSERT INTO USERS VALUES(1,'owner','someone@example.com','d015cc465bdb4e51987df7fb870472d3fb9a3505',1)
INSERT INTO CLAIMS VALUES(1,'BIN','rain',1,'will it rain tomorrow?')
INSERT INTO POSITIONS VALUES(1,'yes',1,NULL)
INSERT INTO POSITIONS VALUES(2,'no',1,NULL)
INSERT INTO CURRENCYTOKENS VALUES(2,'yes')
INSERT INTO CURRENCYTOKENS VALUES(3,'no')
INSERT INTO OUTCOME VALUES(1,'Open',FALSE,NULL)
INSERT INTO SORTEDORDERS VALUES(1,1,100,100)
INSERT INTO SORTEDORDERS VALUES(2,2,100,100)
INSERT INTO FUNDSS VALUES(2,0,1)
INSERT INTO COUPONBANKS VALUES(1,0,0,2,1)
INSERT INTO MARKET VALUES(1,'Bin',FALSE,FALSE,'2009-12-15 18:19:10.307000000',FALSE,1,1,1,1,100,100)
INSERT INTO BOOK VALUES(1,'Binary',1,1)
INSERT INTO FUNDSS VALUES(3,20000,1)
INSERT INTO ACCOUNTS VALUES(2,3)
INSERT INTO MARKETMAKER VALUES(1,'Bin',288.539008,1,2,0.5)
INSERT INTO FUNDSS VALUES(4,30000,1)
INSERT INTO ACCOUNTS VALUES(3,4)
INSERT INTO USERS VALUES(2,'joe','joe@example.com','d015cc465bdb4e51987df7fb870472d3fb9a3505',3)
INSERT INTO FUNDSS VALUES(5,30000,1)
INSERT INTO ACCOUNTS VALUES(4,5)
INSERT INTO USERS VALUES(3,'alice','alice@example.com','d015cc465bdb4e51987df7fb870472d3fb9a3505',4)
INSERT INTO COUPONS VALUES(1,0,2,1)
INSERT INTO COUPONS VALUES(2,0,3,2)
INSERT INTO COUPONS VALUES(3,0,2,1)
INSERT INTO TRADES VALUES(1,'MAKER','joe',50.4332030,100,9.99999892,'2009-12-15 18:19:10.309000000',1,50.0,100,50.8663473,100)
INSERT INTO COUPONS VALUES(4,0,3,2)
INSERT INTO TRADES VALUES(2,'MAKER','alice',50.0000016,100,19.9999993,'2009-12-15 18:19:10.362000000',2,49.1336527,100,50.8663472,100)
INSERT INTO TRADES VALUES(3,'MAKER','joe',49.5667976,100,10.0000017,'2009-12-15 18:19:10.401000000',1,49.1336528,100,50.0000001,100)
DELETE FROM FUNDSS WHERE FUNDS_ID=1
INSERT INTO FUNDSS VALUES(1,10000,1)
DELETE FROM FUNDSS WHERE FUNDS_ID=2
INSERT INTO FUNDSS VALUES(2,1999.999932,1)
DELETE FROM COUPONBANKS WHERE COUPONBANK_ID=1
INSERT INTO COUPONBANKS VALUES(1,19.99999932,0,2,1)
DELETE FROM MARKET WHERE MARKETS_ID=1
INSERT INTO MARKET VALUES(1,'Bin',FALSE,FALSE,'2009-12-15 18:19:10.448000000',FALSE,1,1,1,1,100,100)
DELETE FROM FUNDSS WHERE FUNDS_ID=3
INSERT INTO FUNDSS VALUES(3,20000.000160,1)
DELETE FROM MARKETMAKER WHERE MARKETMAKER_ID=1
INSERT INTO MARKETMAKER VALUES(1,'Bin',288.539008,1,2,0.500000001)
DELETE FROM FUNDSS WHERE FUNDS_ID=4
INSERT INTO FUNDSS VALUES(4,28999.9999,1)
DELETE FROM FUNDSS WHERE FUNDS_ID=5
INSERT INTO FUNDSS VALUES(5,29000.0000,1)
DELETE FROM COUPONS WHERE COUPONS_ID=1
INSERT INTO COUPONS VALUES(1,-0.00000130,2,1)
DELETE FROM COUPONS WHERE COUPONS_ID=2
INSERT INTO COUPONS VALUES(2,2E-8,3,2)
DELETE FROM COUPONS WHERE COUPONS_ID=3
INSERT INTO COUPONS VALUES(3,20.00000062,2,1)
DELETE FROM COUPONS WHERE COUPONS_ID=4
INSERT INTO COUPONS VALUES(4,19.9999993,3,2)
DELETE FROM POSITIONS WHERE POSITIONS_ID=1
INSERT INTO POSITIONS VALUES(1,'yes',1,0)
DELETE FROM POSITIONS WHERE POSITIONS_ID=2
INSERT INTO POSITIONS VALUES(2,'no',1,1)
INSERT INTO CBANK_POS_TOKENS VALUES(1,2,1)
INSERT INTO CBANK_POS_TOKENS VALUES(1,3,2)
INSERT INTO BOOK_OFFERS VALUES(1,1,1)
INSERT INTO BOOK_OFFERS VALUES(1,2,2)
INSERT INTO ACCOUNT_HOLDINGS VALUES(2,1,1)
INSERT INTO ACCOUNT_HOLDINGS VALUES(2,2,2)
INSERT INTO ACCOUNT_HOLDINGS VALUES(3,3,1)
INSERT INTO ACCOUNT_HOLDINGS VALUES(4,4,2)
COMMIT
DISCONNECT
/*C37*/SET SCHEMA PUBLIC
CONNECT USER SA
SET AUTOCOMMIT FALSE
/*C38*/SET SCHEMA PUBLIC
CONNECT USER SA
SET AUTOCOMMIT FALSE
SET AUTOCOMMIT TRUE
SET AUTOCOMMIT FALSE
DISCONNECT
/*C37*/INSERT INTO CLAIMS VALUES(2,'BIN','hockey',1,'Will the home team win?')
INSERT INTO POSITIONS VALUES(3,'yes',2,NULL)
INSERT INTO POSITIONS VALUES(4,'no',2,NULL)
INSERT INTO CURRENCYTOKENS VALUES(4,'yes')
INSERT INTO CURRENCYTOKENS VALUES(5,'no')
INSERT INTO OUTCOME VALUES(2,'Open',FALSE,NULL)
INSERT INTO SORTEDORDERS VALUES(3,3,100,100)
INSERT INTO SORTEDORDERS VALUES(4,4,100,100)
INSERT INTO FUNDSS VALUES(6,0,1)
INSERT INTO COUPONBANKS VALUES(2,0,0,6,2)
INSERT INTO MARKET VALUES(2,'Bin',FALSE,FALSE,'2009-12-15 18:19:10.721000000',FALSE,1,2,2,2,100,100)
INSERT INTO BOOK VALUES(2,'Binary',2,2)
INSERT INTO FUNDSS VALUES(7,50,1)
INSERT INTO ACCOUNTS VALUES(5,7)
INSERT INTO MARKETMAKER VALUES(2,'Bin',0.721347520,2,5,0.5)
DELETE FROM FUNDSS WHERE FUNDS_ID=1
INSERT INTO FUNDSS VALUES(1,9950,1)
DELETE FROM POSITIONS WHERE POSITIONS_ID=3
INSERT INTO POSITIONS VALUES(3,'yes',2,0)
DELETE FROM POSITIONS WHERE POSITIONS_ID=4
INSERT INTO POSITIONS VALUES(4,'no',2,1)
INSERT INTO CBANK_POS_TOKENS VALUES(2,5,4)
INSERT INTO CBANK_POS_TOKENS VALUES(2,4,3)
INSERT INTO BOOK_OFFERS VALUES(2,4,4)
INSERT INTO BOOK_OFFERS VALUES(2,3,3)
INSERT INTO COUPONS VALUES(5,0,4,3)
INSERT INTO COUPONS VALUES(6,0,5,4)
INSERT INTO COUPONS VALUES(7,0,4,3)
INSERT INTO TRADES VALUES(4,'MAKER','joe',52.5041868,100,0.144753307,'2009-12-15 18:19:10.732000000',3,50.0,100,55.00,100)
DELETE FROM FUNDSS WHERE FUNDS_ID=6
INSERT INTO FUNDSS VALUES(6,14.4753307,1)
DELETE FROM COUPONBANKS WHERE COUPONBANK_ID=2
INSERT INTO COUPONBANKS VALUES(2,0.144753307,0,6,2)
DELETE FROM MARKET WHERE MARKETS_ID=2
INSERT INTO MARKET VALUES(2,'Bin',FALSE,FALSE,'2009-12-15 18:19:10.735000000',FALSE,1,2,2,2,100,100)
DELETE FROM FUNDSS WHERE FUNDS_ID=7
INSERT INTO FUNDSS VALUES(7,43.1248240,1)
DELETE FROM MARKETMAKER WHERE MARKETMAKER_ID=2
INSERT INTO MARKETMAKER VALUES(2,'Bin',0.721347520,2,5,0.55)
DELETE FROM FUNDSS WHERE FUNDS_ID=4
INSERT INTO FUNDSS VALUES(4,28992.3997,1)
DELETE FROM COUPONS WHERE COUPONS_ID=6
INSERT INTO COUPONS VALUES(6,0.144753307,5,4)
DELETE FROM COUPONS WHERE COUPONS_ID=7
INSERT INTO COUPONS VALUES(7,0.144753307,4,3)
INSERT INTO ACCOUNT_HOLDINGS VALUES(5,6,4)
INSERT INTO ACCOUNT_HOLDINGS VALUES(5,5,3)
INSERT INTO ACCOUNT_HOLDINGS VALUES(3,7,3)
INSERT INTO COUPONS VALUES(8,0,5,4)
INSERT INTO TRADES VALUES(5,'MAKER','alice',50.0000002,100,0.289506617,'2009-12-15 18:19:10.740000000',4,45.00,100,55.00,100)
DELETE FROM FUNDSS WHERE FUNDS_ID=6
INSERT INTO FUNDSS VALUES(6,28.9506617,1)
DELETE FROM COUPONBANKS WHERE COUPONBANK_ID=2
INSERT INTO COUPONBANKS VALUES(2,0.289506617,0,6,2)
DELETE FROM MARKET WHERE MARKETS_ID=2
INSERT INTO MARKET VALUES(2,'Bin',FALSE,FALSE,'2009-12-15 18:19:10.743000000',FALSE,1,2,2,2,100,100)
DELETE FROM FUNDSS WHERE FUNDS_ID=7
INSERT INTO FUNDSS VALUES(7,43.1248239,1)
DELETE FROM MARKETMAKER WHERE MARKETMAKER_ID=2
INSERT INTO MARKETMAKER VALUES(2,'Bin',0.721347520,2,5,0.45)
DELETE FROM FUNDSS WHERE FUNDS_ID=5
INSERT INTO FUNDSS VALUES(5,28985.5247,1)
DELETE FROM COUPONS WHERE COUPONS_ID=5
INSERT INTO COUPONS VALUES(5,0.144753310,4,3)
DELETE FROM COUPONS WHERE COUPONS_ID=6
INSERT INTO COUPONS VALUES(6,0E-9,5,4)
DELETE FROM COUPONS WHERE COUPONS_ID=8
INSERT INTO COUPONS VALUES(8,0.289506617,5,4)
INSERT INTO ACCOUNT_HOLDINGS VALUES(4,8,4)
INSERT INTO TRADES VALUES(6,'MAKER','alice',60.0701102,100,0.301789090,'2009-12-15 18:19:10.745000000',4,55.00,100,65.00,100)
INSERT INTO TRADES VALUES(7,'MAKER','joe',50.0000001,100,0.893084795,'2009-12-15 18:19:10.750000000',3,35.00,100,65.00,100)
DELETE FROM FUNDSS WHERE FUNDS_ID=6
INSERT INTO FUNDSS VALUES(6,103.7838102,1)
DELETE FROM COUPONBANKS WHERE COUPONBANK_ID=2
INSERT INTO COUPONBANKS VALUES(2,1.037838102,0,6,2)
DELETE FROM MARKET WHERE MARKETS_ID=2
INSERT INTO MARKET VALUES(2,'Bin',FALSE,FALSE,'2009-12-15 18:19:10.753000000',FALSE,1,2,2,2,100,100)
DELETE FROM FUNDSS WHERE FUNDS_ID=7
INSERT INTO FUNDSS VALUES(7,31.0744191,1)
DELETE FROM MARKETMAKER WHERE MARKETMAKER_ID=2
INSERT INTO MARKETMAKER VALUES(2,'Bin',0.721347520,2,5,0.65)
DELETE FROM FUNDSS WHERE FUNDS_ID=5
INSERT INTO FUNDSS VALUES(5,28967.3962,1)
DELETE FROM FUNDSS WHERE FUNDS_ID=4
INSERT INTO FUNDSS VALUES(4,28947.7455,1)
DELETE FROM COUPONS WHERE COUPONS_ID=5
INSERT INTO COUPONS VALUES(5,0E-9,4,3)
DELETE FROM COUPONS WHERE COUPONS_ID=6
INSERT INTO COUPONS VALUES(6,0.446542395,5,4)
DELETE FROM COUPONS WHERE COUPONS_ID=7
INSERT INTO COUPONS VALUES(7,1.037838102,4,3)
DELETE FROM COUPONS WHERE COUPONS_ID=8
INSERT INTO COUPONS VALUES(8,0.591295707,5,4)
ROLLBACK
DISCONNECT
/*C39*/SET SCHEMA PUBLIC
CONNECT USER SA
SET AUTOCOMMIT FALSE
/*C40*/SET SCHEMA PUBLIC
CONNECT USER SA
SET AUTOCOMMIT FALSE
SET AUTOCOMMIT TRUE
alter table ACCOUNTS drop constraint FKAF43ABE618085ABA
alter table ACCOUNT_HOLDINGS drop constraint FKAB0B6C023AA42D41
alter table ACCOUNT_HOLDINGS drop constraint FKAB0B6C02F513C021
alter table ACCOUNT_HOLDINGS drop constraint FKAB0B6C024BC7993
alter table ASKS drop constraint FK1ECD1A38904A85
alter table BEST_ASKS drop constraint FKF4AB869538904A85
alter table BEST_BIDS drop constraint FKF4ABD49138904A85
alter table BIDS drop constraint FK1F1B1638904A85
alter table BOOK drop constraint FK1F32E94C01F0EF
alter table BOOK drop constraint FK1F32E978D5D654
alter table BOOK_OFFERS drop constraint FK21F087AD3AA42D41
alter table BOOK_OFFERS drop constraint FK21F087ADAF241F6D
alter table BOOK_OFFERS drop constraint FK21F087AD458F91F6
alter table CASHBANKS drop constraint FKD3585E44B5A0569A
alter table CBANK_POS_TOKENS drop constraint FKB63B09459E4F249B
alter table CBANK_POS_TOKENS drop constraint FKB63B0945152634D3
alter table CBANK_POS_TOKENS drop constraint FKB63B0945A95DC501
alter table CLAIMS drop constraint FK76A253B7CB114E02
alter table COUPONBANKS drop constraint FKE782A5316A36D033
alter table COUPONBANKS drop constraint FKE782A5317E3EEE70
alter table COUPONS drop constraint FK63E3B8ED3AA42D41
alter table COUPONS drop constraint FK63E3B8EDB5A0569A
alter table FUNDSS drop constraint FK7C4587E5B5A0569A
alter table MARKET drop constraint FK871F883C760F7B71
alter table MARKET drop constraint FK871F883C7E3EEE70
alter table MARKET drop constraint FK871F883CF5AE661E
alter table MARKET drop constraint FK871F883CCB114E02
alter table MARKETMAKER drop constraint FK9213FD6878D5D654
alter table MARKETMAKER drop constraint FK9213FD68420317F3
alter table MM_Probabilities drop constraint FK1D59E3143AA42D41
alter table MM_Probabilities drop constraint FK1D59E3145AE3447D
alter table ORDERREMOVALS drop constraint FK3E1573538904A85
alter table ORDER_TBL drop constraint FK8ED4BB0D3AA42D41
alter table ORDER_TBL drop constraint FK8ED4BB0DBBF8495E
alter table OUTCOME drop constraint FKE8D793323AA42D41
alter table POSITIONS drop constraint FKBD89C4A66AE28D7
alter table REDEMPTIONS drop constraint FK6170EF8838904A85
alter table SELFDEALING drop constraint FK10726B0A38904A85
alter table SORTEDORDERS drop constraint FKEF719BE23AA42D41
alter table SORTEDORDERS_POS_ORDER drop constraint FKD8B355466DA91987
alter table SORTEDORDERS_POS_ORDER drop constraint FKD8B35546AF241F6D
alter table TRADES drop constraint FK93F92F8F38904A85
alter table USERS drop constraint FK4D495E8420317F3
drop table ACCOUNTS if exists
drop table ACCOUNT_HOLDINGS if exists
drop table ASKS if exists
drop table BEST_ASKS if exists
drop table BEST_BIDS if exists
drop table BIDS if exists
drop table BOOK if exists
drop table BOOK_OFFERS if exists
drop table CASHBANKS if exists
drop table CBANK_POS_TOKENS if exists
drop table CLAIMS if exists
drop table COUPONBANKS if exists
drop table COUPONS if exists
drop table CURRENCYTOKENS if exists
drop table FUNDSS if exists
drop table MARKET if exists
drop table MARKETMAKER if exists
drop table MM_Probabilities if exists
drop table MOCKDATA if exists
drop table ORDERREMOVALS if exists
drop table ORDER_TBL if exists
drop table OUTCOME if exists
drop table POSITIONS if exists
drop table REDEMPTIONS if exists
drop table SELFDEALING if exists
drop table SORTEDORDERS if exists
drop table SORTEDORDERS_POS_ORDER if exists
drop table TRADES if exists
drop table UNCONFIRMED_USERS if exists
drop table USERS if exists
create table ACCOUNTS (ACCOUNTS_ID bigint not null, cash bigint not null, primary key (ACCOUNTS_ID))
create table ACCOUNT_HOLDINGS (ACCOUNTS_ID bigint not null, COUPONS_ID bigint not null, POSITIONS_ID bigint not null, primary key (ACCOUNTS_ID, POSITIONS_ID))
create table ASKS (ASKS_ID bigint not null, owner varchar(255), price numeric, priceMax numeric, quant numeric, time timestamp, pos bigint not null, primary key (ASKS_ID))
create table BEST_ASKS (BEST_ASKS_ID bigint not null, owner varchar(255), price numeric, priceMax numeric, quant numeric, time timestamp, pos bigint not null, primary key (BEST_ASKS_ID))
create table BEST_BIDS (BEST_BIDS_ID bigint not null, owner varchar(255), price numeric, priceMax numeric, quant numeric, time timestamp, pos bigint not null, primary key (BEST_BIDS_ID))
create table BIDS (BID_ID bigint not null, owner varchar(255), price numeric, priceMax numeric, quant numeric, time timestamp, pos bigint not null, primary key (BID_ID))
create table BOOK (BOOK_ID bigint not null, BOOK_TYPE varchar(255) not null, market bigint not null, claim bigint not null, primary key (BOOK_ID), unique (market))
create table BOOK_OFFERS (BOOK_ID bigint not null, SORTEDORDERS_ID bigint not null, POSITIONS_ID bigint not null, primary key (BOOK_ID, POSITIONS_ID))
create table CASHBANKS (CASHBANK_ID bigint not null, token bigint not null, primary key (CASHBANK_ID), unique (token))
create table CBANK_POS_TOKENS (COUPONBANK_ID bigint not null, CURRENCYTOKEN_ID bigint not null, positions bigint not null, primary key (COUPONBANK_ID, positions))
create table CLAIMS (CLAIMS_ID bigint not null, CLAIM_TYPE varchar(255) not null, name varchar(255), owner bigint not null, description varchar(255), primary key (CLAIMS_ID))
create table COUPONBANKS (COUPONBANK_ID bigint not null, minted numeric, redeemed numeric, FUNDS_ID bigint not null, claim bigint not null, primary key (COUPONBANK_ID), unique (FUNDS_ID))
create table COUPONS (COUPONS_ID bigint not null, quant numeric, token bigint not null, POSITIONS_ID bigint not null, primary key (COUPONS_ID))
create table CURRENCYTOKENS (CURRENCYTOKEN_ID bigint not null, name varchar(255), primary key (CURRENCYTOKEN_ID))
create table FUNDSS (FUNDS_ID bigint not null, quant numeric, token bigint not null, primary key (FUNDS_ID))
create table MARKET (MARKETS_ID bigint not null, MARKET_TYPE varchar(255) not null, priceBetteringRequired bit, wholeShareTradingOnly bit, lastTrade timestamp, marketClosed bit, owner bigint not null, couponMint bigint not null, Outcome_ID bigint, claim bigint not null, maxPrice numeric, maxPriceMax numeric, primary key (MARKETS_ID), unique (Outcome_ID))
create table MARKETMAKER (MARKETMAKER_ID bigint not null, MarketMaker_TYPE varchar(255) not null, beta numeric, market bigint not null, accounts bigint not null, probability numeric, primary key (MARKETMAKER_ID), unique (market), unique (accounts))
create table MM_Probabilities (MARKETMAKER_ID bigint not null, probability numeric, POSITIONS_ID bigint not null, primary key (MARKETMAKER_ID, POSITIONS_ID))
create table MOCKDATA (DATUM_ID bigint not null, title varchar(255), primary key (DATUM_ID))
create table ORDERREMOVALS (ORDERREMOVAL_ID bigint not null, owner varchar(255), price numeric, priceMax numeric, quant numeric, fullfilledQuant numeric, voidedQuant numeric, time timestamp, pos bigint not null, primary key (ORDERREMOVAL_ID))
create table ORDER_TBL (ORDER_ID bigint not null, price numeric, priceMax numeric, quant numeric, fullfilled numeric, voided numeric, USER_ID bigint not null, POSITIONS_ID bigint not null, primary key (ORDER_ID))
create table OUTCOME (OUTCOME_ID bigint not null, OUTCOME_TYPE varchar(255) not null, continuous bit, POSITIONS_ID bigint, primary key (OUTCOME_ID))
create table POSITIONS (POSITIONS_ID bigint not null, name varchar(255), CLAIMS_ID bigint not null, idx integer, primary key (POSITIONS_ID))
create table REDEMPTIONS (Redemption_ID bigint not null, owner varchar(255), price numeric, priceMax numeric, quant numeric, time timestamp, pos bigint not null, primary key (Redemption_ID))
create table SELFDEALING (SELFDEALING_ID bigint not null, owner varchar(255), price numeric, priceMax numeric, quant numeric, time timestamp, pos bigint not null, primary key (SELFDEALING_ID))
create table SORTEDORDERS (SORTEDORDERS_ID bigint not null, POSITIONS_ID bigint not null, samplePrice numeric, samplePriceMax numeric, primary key (SORTEDORDERS_ID))
create table SORTEDORDERS_POS_ORDER (SORTEDORDERS_ID bigint not null, ORDER_ID bigint not null, primary key (SORTEDORDERS_ID, ORDER_ID), unique (ORDER_ID))
create table TRADES (TRADE_ID bigint not null, TRADE_TYPE varchar(255) not null, owner varchar(255), price numeric, priceMax numeric, quant numeric, time timestamp, pos bigint not null, openingPrice numeric, openingPriceMax numeric, closingPrice numeric, closingPriceMax numeric, primary key (TRADE_ID))
create table UNCONFIRMED_USERS (USER_ID bigint not null, name varchar(255), emailAddress varchar(255), password varchar(255), confirmationToken varchar(255), primary key (USER_ID))
create table USERS (USER_ID bigint not null, name varchar(255), email varchar(255), hashedPassword varbinary(255), accounts bigint not null, primary key (USER_ID), unique (accounts))
alter table ACCOUNTS add constraint FKAF43ABE618085ABA foreign key (cash) references FUNDSS
alter table ACCOUNT_HOLDINGS add constraint FKAB0B6C023AA42D41 foreign key (POSITIONS_ID) references POSITIONS
alter table ACCOUNT_HOLDINGS add constraint FKAB0B6C02F513C021 foreign key (ACCOUNTS_ID) references ACCOUNTS
alter table ACCOUNT_HOLDINGS add constraint FKAB0B6C024BC7993 foreign key (COUPONS_ID) references COUPONS
alter table ASKS add constraint FK1ECD1A38904A85 foreign key (pos) references POSITIONS
alter table BEST_ASKS add constraint FKF4AB869538904A85 foreign key (pos) references POSITIONS
alter table BEST_BIDS add constraint FKF4ABD49138904A85 foreign key (pos) references POSITIONS
alter table BIDS add constraint FK1F1B1638904A85 foreign key (pos) references POSITIONS
alter table BOOK add constraint FK1F32E94C01F0EF foreign key (claim) references CLAIMS
alter table BOOK add constraint FK1F32E978D5D654 foreign key (market) references MARKET
alter table BOOK_OFFERS add constraint FK21F087AD3AA42D41 foreign key (POSITIONS_ID) references POSITIONS
alter table BOOK_OFFERS add constraint FK21F087ADAF241F6D foreign key (SORTEDORDERS_ID) references SORTEDORDERS
alter table BOOK_OFFERS add constraint FK21F087AD458F91F6 foreign key (BOOK_ID) references BOOK
alter table CASHBANKS add constraint FKD3585E44B5A0569A foreign key (token) references CURRENCYTOKENS
alter table CBANK_POS_TOKENS add constraint FKB63B09459E4F249B foreign key (positions) references POSITIONS
alter table CBANK_POS_TOKENS add constraint FKB63B0945152634D3 foreign key (CURRENCYTOKEN_ID) references CURRENCYTOKENS
alter table CBANK_POS_TOKENS add constraint FKB63B0945A95DC501 foreign key (COUPONBANK_ID) references COUPONBANKS
alter table CLAIMS add constraint FK76A253B7CB114E02 foreign key (owner) references USERS
alter table COUPONBANKS add constraint FKE782A5316A36D033 foreign key (FUNDS_ID) references FUNDSS
alter table COUPONBANKS add constraint FKE782A5317E3EEE70 foreign key (claim) references CLAIMS
alter table COUPONS add constraint FK63E3B8ED3AA42D41 foreign key (POSITIONS_ID) references POSITIONS
alter table COUPONS add constraint FK63E3B8EDB5A0569A foreign key (token) references CURRENCYTOKENS
alter table FUNDSS add constraint FK7C4587E5B5A0569A foreign key (token) references CURRENCYTOKENS
alter table MARKET add constraint FK871F883C760F7B71 foreign key (couponMint) references COUPONBANKS
alter table MARKET add constraint FK871F883C7E3EEE70 foreign key (claim) references CLAIMS
alter table MARKET add constraint FK871F883CF5AE661E foreign key (Outcome_ID) references OUTCOME
alter table MARKET add constraint FK871F883CCB114E02 foreign key (owner) references USERS
alter table MARKETMAKER add constraint FK9213FD6878D5D654 foreign key (market) references MARKET
alter table MARKETMAKER add constraint FK9213FD68420317F3 foreign key (accounts) references ACCOUNTS
alter table MM_Probabilities add constraint FK1D59E3143AA42D41 foreign key (POSITIONS_ID) references POSITIONS
alter table MM_Probabilities add constraint FK1D59E3145AE3447D foreign key (MARKETMAKER_ID) references MARKETMAKER
alter table ORDERREMOVALS add constraint FK3E1573538904A85 foreign key (pos) references POSITIONS
alter table ORDER_TBL add constraint FK8ED4BB0D3AA42D41 foreign key (POSITIONS_ID) references POSITIONS
alter table ORDER_TBL add constraint FK8ED4BB0DBBF8495E foreign key (USER_ID) references USERS
alter table OUTCOME add constraint FKE8D793323AA42D41 foreign key (POSITIONS_ID) references POSITIONS
alter table POSITIONS add constraint FKBD89C4A66AE28D7 foreign key (CLAIMS_ID) references CLAIMS
alter table REDEMPTIONS add constraint FK6170EF8838904A85 foreign key (pos) references POSITIONS
alter table SELFDEALING add constraint FK10726B0A38904A85 foreign key (pos) references POSITIONS
alter table SORTEDORDERS add constraint FKEF719BE23AA42D41 foreign key (POSITIONS_ID) references POSITIONS
alter table SORTEDORDERS_POS_ORDER add constraint FKD8B355466DA91987 foreign key (ORDER_ID) references ORDER_TBL
alter table SORTEDORDERS_POS_ORDER add constraint FKD8B35546AF241F6D foreign key (SORTEDORDERS_ID) references SORTEDORDERS
alter table TRADES add constraint FK93F92F8F38904A85 foreign key (pos) references POSITIONS
alter table USERS add constraint FK4D495E8420317F3 foreign key (accounts) references ACCOUNTS
DISCONNECT
/*C39*/INSERT INTO CURRENCYTOKENS VALUES(1,'money')
INSERT INTO CASHBANKS VALUES(1,1)
INSERT INTO FUNDSS VALUES(1,30000,1)
INSERT INTO ACCOUNTS VALUES(1,1)
INSERT INTO USERS VALUES(1,'owner','someone@example.com','d015cc465bdb4e51987df7fb870472d3fb9a3505',1)
INSERT INTO CLAIMS VALUES(1,'BIN','rain',1,'will it rain tomorrow?')
INSERT INTO POSITIONS VALUES(1,'yes',1,NULL)
INSERT INTO POSITIONS VALUES(2,'no',1,NULL)
INSERT INTO CURRENCYTOKENS VALUES(2,'yes')
INSERT INTO CURRENCYTOKENS VALUES(3,'no')
INSERT INTO OUTCOME VALUES(1,'Open',FALSE,NULL)
INSERT INTO SORTEDORDERS VALUES(1,1,100,100)
INSERT INTO SORTEDORDERS VALUES(2,2,100,100)
INSERT INTO FUNDSS VALUES(2,0,1)
INSERT INTO COUPONBANKS VALUES(1,0,0,2,1)
INSERT INTO MARKET VALUES(1,'Bin',FALSE,FALSE,'2009-12-15 18:19:11.65000000',FALSE,1,1,1,1,100,100)
INSERT INTO BOOK VALUES(1,'Binary',1,1)
INSERT INTO FUNDSS VALUES(3,20000,1)
INSERT INTO ACCOUNTS VALUES(2,3)
INSERT INTO MARKETMAKER VALUES(1,'Bin',288.539008,1,2,0.5)
INSERT INTO FUNDSS VALUES(4,30000,1)
INSERT INTO ACCOUNTS VALUES(3,4)
INSERT INTO USERS VALUES(2,'joe','joe@example.com','d015cc465bdb4e51987df7fb870472d3fb9a3505',3)
INSERT INTO FUNDSS VALUES(5,30000,1)
INSERT INTO ACCOUNTS VALUES(4,5)
INSERT INTO USERS VALUES(3,'alice','alice@example.com','d015cc465bdb4e51987df7fb870472d3fb9a3505',4)
INSERT INTO COUPONS VALUES(1,0,2,1)
INSERT INTO COUPONS VALUES(2,0,3,2)
INSERT INTO COUPONS VALUES(3,0,2,1)
INSERT INTO TRADES VALUES(1,'MAKER','joe',50.4332030,100,9.99999892,'2009-12-15 18:19:11.67000000',1,50.0,100,50.8663473,100)
INSERT INTO COUPONS VALUES(4,0,3,2)
INSERT INTO TRADES VALUES(2,'MAKER','alice',50.0000016,100,19.9999993,'2009-12-15 18:19:11.116000000',2,49.1336527,100,50.8663472,100)
INSERT INTO TRADES VALUES(3,'MAKER','joe',49.5667976,100,10.0000017,'2009-12-15 18:19:11.168000000',1,49.1336528,100,50.0000001,100)
DELETE FROM FUNDSS WHERE FUNDS_ID=1
INSERT INTO FUNDSS VALUES(1,10000,1)
DELETE FROM FUNDSS WHERE FUNDS_ID=2
INSERT INTO FUNDSS VALUES(2,1999.999932,1)
DELETE FROM COUPONBANKS WHERE COUPONBANK_ID=1
INSERT INTO COUPONBANKS VALUES(1,19.99999932,0,2,1)
DELETE FROM MARKET WHERE MARKETS_ID=1
INSERT INTO MARKET VALUES(1,'Bin',FALSE,FALSE,'2009-12-15 18:19:11.205000000',FALSE,1,1,1,1,100,100)
DELETE FROM FUNDSS WHERE FUNDS_ID=3
INSERT INTO FUNDSS VALUES(3,20000.000160,1)
DELETE FROM MARKETMAKER WHERE MARKETMAKER_ID=1
INSERT INTO MARKETMAKER VALUES(1,'Bin',288.539008,1,2,0.500000001)
DELETE FROM FUNDSS WHERE FUNDS_ID=4
INSERT INTO FUNDSS VALUES(4,28999.9999,1)
DELETE FROM FUNDSS WHERE FUNDS_ID=5
INSERT INTO FUNDSS VALUES(5,29000.0000,1)
DELETE FROM COUPONS WHERE COUPONS_ID=1
INSERT INTO COUPONS VALUES(1,-0.00000130,2,1)
DELETE FROM COUPONS WHERE COUPONS_ID=2
INSERT INTO COUPONS VALUES(2,2E-8,3,2)
DELETE FROM COUPONS WHERE COUPONS_ID=3
INSERT INTO COUPONS VALUES(3,20.00000062,2,1)
DELETE FROM COUPONS WHERE COUPONS_ID=4
INSERT INTO COUPONS VALUES(4,19.9999993,3,2)
DELETE FROM POSITIONS WHERE POSITIONS_ID=1
INSERT INTO POSITIONS VALUES(1,'yes',1,0)
DELETE FROM POSITIONS WHERE POSITIONS_ID=2
INSERT INTO POSITIONS VALUES(2,'no',1,1)
INSERT INTO CBANK_POS_TOKENS VALUES(1,2,1)
INSERT INTO CBANK_POS_TOKENS VALUES(1,3,2)
INSERT INTO BOOK_OFFERS VALUES(1,1,1)
INSERT INTO BOOK_OFFERS VALUES(1,2,2)
INSERT INTO ACCOUNT_HOLDINGS VALUES(2,1,1)
INSERT INTO ACCOUNT_HOLDINGS VALUES(2,2,2)
INSERT INTO ACCOUNT_HOLDINGS VALUES(3,3,1)
INSERT INTO ACCOUNT_HOLDINGS VALUES(4,4,2)
COMMIT
DISCONNECT
