04/13 11:43:02.427/IST   WARN - Session Config - 2# no announce.new.markets property found in initialization file; defaulting to false
04/13 11:43:02.430/IST   WARN -       Config - Using Cost Limit Purchase pages
04/13 11:43:02.488/IST   INFO -        trace -    creating AllMarkets
04/13 11:43:04.454/IST   INFO -   AllMarkets -  opened port '30020'.  Browse to                    http://<<yourhost>>:30020/Welcome.jsp
04/13 11:43:04.455/IST   WARN - Session Config - 34# no RPC.server.enable property found in initialization file; defaulting to false
04/13 11:43:19.537/IST   WARN -    UserError - 35# told User(logging in) "Please type an account name and password".
04/13 11:43:32.299/IST   INFO -     NewChart - The chart for IPL2012 has been updated.
04/13 11:43:44.296/IST  DEBUG -      Trading - test2 wants to buy Pune Warriors India with limit of 25 @ 11.
04/13 11:43:44.308/IST   INFO -  PriceAction - 639# test2 traded with the market maker for 0 of IPL2012:Royal Challengers Bangalore changing the price from 8.1749 to 7.9234
04/13 11:43:44.315/IST   INFO -  PriceAction - 640# test2 traded with the market maker for 0 of IPL2012:Kings XI Punjab changing the price from 8.1749 to 7.9234
04/13 11:43:44.315/IST   INFO -  PriceAction - 641# test2 traded with the market maker for 0 of IPL2012:Kolkata Knight Riders changing the price from 8.1749 to 7.9234
04/13 11:43:44.316/IST   INFO -  PriceAction - 642# test2 traded with the market maker for 0 of IPL2012:Chennai Super Kings changing the price from 30.776 to 29.8291
04/13 11:43:44.316/IST   INFO -  PriceAction - 643# test2 traded with the market maker for 0 of IPL2012:Mumbai Indians changing the price from 8.1749 to 7.9234
04/13 11:43:44.316/IST   INFO -  PriceAction - 644# test2 traded with the market maker for 0 of IPL2012:Delhi Daredevils changing the price from 8.1749 to 7.9233
04/13 11:43:44.317/IST   INFO -  PriceAction - 645# test2 traded with the market maker for 0 of IPL2012:Rajasthan Royals changing the price from 8.1749 to 7.9234
04/13 11:43:44.317/IST   INFO -  PriceAction - 646# test2 traded with the market maker for 0 of IPL2012:Deccan Chargers changing the price from 12 to 11.6308
04/13 11:43:44.317/IST   INFO -  PriceAction - 647# test2 traded with the market maker for 14.932 of IPL2012:Pune Warriors India changing the price from 8.1749 to 11
04/13 11:43:44.398/IST   INFO -     NewChart - The chart for IPL2012 has been updated.
04/13 11:43:44.399/IST   INFO -  PriceChange - prices in market 'IPL2012' changed.  IPL2012:Royal Challengers Bangalore: 8, IPL2012:Kings XI Punjab: 8, IPL2012:Kolkata Knight Riders: 8, IPL2012:Chennai Super Kings: 30, IPL2012:Mumbai Indians: 8, IPL2012:Delhi Daredevils: 8, IPL2012:Rajasthan Royals: 8, IPL2012:Deccan Chargers: 12, IPL2012:Pune Warriors India: 11
04/13 11:43:44.399/IST   WARN -    UserError - 648# told test2 "Bought 14.932 shares of the team.".
04/13 11:43:44.547/IST   INFO -     NewChart - The chart for IPL2012 has been updated.
