03/10 11:39:13.370/IST   WARN - Session Config - 2# no announce.new.markets property found in initialization file; defaulting to false
03/10 11:39:13.382/IST   WARN -       Config - Using Cost Limit Purchase pages
03/10 11:39:13.490/IST   INFO -        trace -    creating AllMarkets
03/10 11:39:15.484/IST  ERROR - SchemaUpdate - could not get database metadata
com.mysql.jdbc.exceptions.jdbc4.MySQLSyntaxErrorException: Unknown table 'system_sequences' in information_schema
	at sun.reflect.NativeConstructorAccessorImpl.newInstance0(Native Method)
	at sun.reflect.NativeConstructorAccessorImpl.newInstance(NativeConstructorAccessorImpl.java:62)
	at sun.reflect.DelegatingConstructorAccessorImpl.newInstance(DelegatingConstructorAccessorImpl.java:45)
	at java.lang.reflect.Constructor.newInstance(Constructor.java:408)
	at com.mysql.jdbc.Util.handleNewInstance(Util.java:411)
	at com.mysql.jdbc.Util.getInstance(Util.java:386)
	at com.mysql.jdbc.SQLError.createSQLException(SQLError.java:1052)
	at com.mysql.jdbc.MysqlIO.checkErrorPacket(MysqlIO.java:3609)
	at com.mysql.jdbc.MysqlIO.checkErrorPacket(MysqlIO.java:3541)
	at com.mysql.jdbc.MysqlIO.sendCommand(MysqlIO.java:2002)
	at com.mysql.jdbc.MysqlIO.sqlQueryDirect(MysqlIO.java:2163)
	at com.mysql.jdbc.ConnectionImpl.execSQL(ConnectionImpl.java:2618)
	at com.mysql.jdbc.ConnectionImpl.execSQL(ConnectionImpl.java:2568)
	at com.mysql.jdbc.StatementImpl.executeQuery(StatementImpl.java:1557)
	at org.hibernate.tool.hbm2ddl.DatabaseMetadata.initSequences(DatabaseMetadata.java:113)
	at org.hibernate.tool.hbm2ddl.DatabaseMetadata.<init>(DatabaseMetadata.java:39)
	at org.hibernate.tool.hbm2ddl.SchemaUpdate.execute(SchemaUpdate.java:124)
	at org.hibernate.impl.SessionFactoryImpl.<init>(SessionFactoryImpl.java:265)
	at org.hibernate.cfg.Configuration.buildSessionFactory(Configuration.java:1005)
	at net.commerce.zocalo.hibernate.HibernateUtil.initializeSessionFactory(HibernateUtil.java:51)
	at net.commerce.zocalo.service.AllMarkets.initializeDB(AllMarkets.java:116)
	at net.commerce.zocalo.service.AllMarkets.configure(AllMarkets.java:95)
	at net.commerce.zocalo.service.AllMarkets.<init>(AllMarkets.java:87)
	at net.commerce.zocalo.service.AllMarkets.main(AllMarkets.java:43)
03/10 11:39:15.487/IST  ERROR - SchemaUpdate - could not complete schema update
com.mysql.jdbc.exceptions.jdbc4.MySQLSyntaxErrorException: Unknown table 'system_sequences' in information_schema
	at sun.reflect.NativeConstructorAccessorImpl.newInstance0(Native Method)
	at sun.reflect.NativeConstructorAccessorImpl.newInstance(NativeConstructorAccessorImpl.java:62)
	at sun.reflect.DelegatingConstructorAccessorImpl.newInstance(DelegatingConstructorAccessorImpl.java:45)
	at java.lang.reflect.Constructor.newInstance(Constructor.java:408)
	at com.mysql.jdbc.Util.handleNewInstance(Util.java:411)
	at com.mysql.jdbc.Util.getInstance(Util.java:386)
	at com.mysql.jdbc.SQLError.createSQLException(SQLError.java:1052)
	at com.mysql.jdbc.MysqlIO.checkErrorPacket(MysqlIO.java:3609)
	at com.mysql.jdbc.MysqlIO.checkErrorPacket(MysqlIO.java:3541)
	at com.mysql.jdbc.MysqlIO.sendCommand(MysqlIO.java:2002)
	at com.mysql.jdbc.MysqlIO.sqlQueryDirect(MysqlIO.java:2163)
	at com.mysql.jdbc.ConnectionImpl.execSQL(ConnectionImpl.java:2618)
	at com.mysql.jdbc.ConnectionImpl.execSQL(ConnectionImpl.java:2568)
	at com.mysql.jdbc.StatementImpl.executeQuery(StatementImpl.java:1557)
	at org.hibernate.tool.hbm2ddl.DatabaseMetadata.initSequences(DatabaseMetadata.java:113)
	at org.hibernate.tool.hbm2ddl.DatabaseMetadata.<init>(DatabaseMetadata.java:39)
	at org.hibernate.tool.hbm2ddl.SchemaUpdate.execute(SchemaUpdate.java:124)
	at org.hibernate.impl.SessionFactoryImpl.<init>(SessionFactoryImpl.java:265)
	at org.hibernate.cfg.Configuration.buildSessionFactory(Configuration.java:1005)
	at net.commerce.zocalo.hibernate.HibernateUtil.initializeSessionFactory(HibernateUtil.java:51)
	at net.commerce.zocalo.service.AllMarkets.initializeDB(AllMarkets.java:116)
	at net.commerce.zocalo.service.AllMarkets.configure(AllMarkets.java:95)
	at net.commerce.zocalo.service.AllMarkets.<init>(AllMarkets.java:87)
	at net.commerce.zocalo.service.AllMarkets.main(AllMarkets.java:43)
03/10 11:39:15.641/IST   INFO -   AllMarkets -  opened port '30020'.  Browse to                    http://<<yourhost>>:30020/Welcome.jsp
03/10 11:39:15.642/IST   WARN - Session Config - 34# no RPC.server.enable property found in initialization file; defaulting to false
03/10 11:39:36.199/IST   WARN -    UserError - 35# told User(logging in) "Please type an account name and password".
03/10 11:39:40.291/IST   WARN -    UserError - 36# told User(logging in) "Added Admin Credentials.  Login to an account to trade or create markets.".
03/10 11:39:48.030/IST   WARN -    UserError - 37# told harit "Please specify a name for the market.".
03/10 11:40:04.972/IST   WARN -    UserError - 38# told harit "A market with the name 'India vs Bangladesh Quarter Final' already exists.".
03/10 11:41:49.594/IST   WARN -    UserError - 43# told User(logging in) "Please type an account name and password".
03/10 11:41:56.097/IST   WARN -    UserError - 44# told User(logging in) "removed Admin Authorization.  Login as Admin again when needed.".
03/10 11:42:13.032/IST   WARN -    UserError - 45# told User(logging in) "Please type an account name and password".
03/10 11:42:22.488/IST   WARN -    UserError - 46# told User(logging in) "Added Admin Credentials.  Login to an account to trade or create markets.".
03/10 11:42:30.409/IST   WARN -    UserError - 47# told harit "A market with the name 'India vs Bangladesh Quarter Final' already exists.".
03/10 11:42:42.929/IST   INFO -   CouponBank - 50# Redeemed 0 'India' Coupons for India vs Bangladesh Quarter Final
03/10 11:42:42.932/IST   WARN -    UserError - 51# told harit "10.00 was refunded at Market close.".
03/10 11:42:42.936/IST   WARN -    UserError - 52# told harit "Redeemed 0 pairs.".
03/10 11:42:59.393/IST  ERROR - JDBCExceptionReporter - You have an error in your SQL syntax; check the manual that corresponds to your MySQL server version for the right syntax to use near '1 this_.MARKETS_ID as MARKETS1_2_, this_.priceBetteringRequired as priceBet3_15_' at line 1
03/10 11:43:02.026/IST   WARN -    UserError - 55# told harit "A market with the name 'India vs Bangladesh Quarter Final' already exists.".
03/10 11:43:02.043/IST   WARN -    UserError - 56# told harit "market is closed.".
03/10 11:43:04.763/IST   WARN -    UserError - 59# told User(logging in) "Please type an account name and password".
03/10 11:43:15.276/IST   WARN -    UserError - 60# told harit "A market with the name 'India vs Bangladesh Quarter Final' already exists.".
03/10 11:43:15.288/IST   WARN -    UserError - 61# told harit "market is closed.".
