03/11 01:41:44.251/IST   WARN - Session Config - 2# no announce.new.markets property found in initialization file; defaulting to false
03/11 01:41:44.254/IST   WARN -       Config - Using Cost Limit Purchase pages
03/11 01:41:44.365/IST   INFO -        trace -    creating AllMarkets
03/11 01:41:47.914/IST   WARN - Configurator - No configuration found. Configuring ehcache from ehcache-failsafe.xml found in the classpath: jar:file:/home/harit/Courses/GT/Project/zocalo/zocalo_SOURCE_ENV/build/jars/ehcache-1.1.jar!/ehcache-failsafe.xml
03/11 01:42:01.348/IST  ERROR - SchemaExport - Unsuccessful: create table ACCOUNTS (ACCOUNTS_ID bigint not null, cash bigint not null, primary key (ACCOUNTS_ID))
03/11 01:42:01.348/IST  ERROR - SchemaExport - Table 'ACCOUNTS' already exists
03/11 01:42:01.414/IST  ERROR - SchemaExport - Unsuccessful: create table ACCOUNT_HOLDINGS (ACCOUNTS_ID bigint not null, COUPONS_ID bigint not null, POSITIONS_ID bigint not null, primary key (ACCOUNTS_ID, POSITIONS_ID))
03/11 01:42:01.415/IST  ERROR - SchemaExport - Table 'ACCOUNT_HOLDINGS' already exists
03/11 01:42:01.503/IST  ERROR - SchemaExport - Unsuccessful: create table ASKS (ASKS_ID bigint not null, owner varchar(255), price numeric(19,2), priceMax numeric(19,2), quant numeric(19,2), time datetime, pos bigint not null, primary key (ASKS_ID))
03/11 01:42:01.504/IST  ERROR - SchemaExport - Table 'ASKS' already exists
03/11 01:42:01.581/IST  ERROR - SchemaExport - Unsuccessful: create table BEST_ASKS (BEST_ASKS_ID bigint not null, owner varchar(255), price numeric(19,2), priceMax numeric(19,2), quant numeric(19,2), time datetime, pos bigint not null, primary key (BEST_ASKS_ID))
03/11 01:42:01.582/IST  ERROR - SchemaExport - Table 'BEST_ASKS' already exists
03/11 01:42:01.670/IST  ERROR - SchemaExport - Unsuccessful: create table BEST_BIDS (BEST_BIDS_ID bigint not null, owner varchar(255), price numeric(19,2), priceMax numeric(19,2), quant numeric(19,2), time datetime, pos bigint not null, primary key (BEST_BIDS_ID))
03/11 01:42:01.671/IST  ERROR - SchemaExport - Table 'BEST_BIDS' already exists
03/11 01:42:01.804/IST  ERROR - SchemaExport - Unsuccessful: create table BIDS (BID_ID bigint not null, owner varchar(255), price numeric(19,2), priceMax numeric(19,2), quant numeric(19,2), time datetime, pos bigint not null, primary key (BID_ID))
03/11 01:42:01.804/IST  ERROR - SchemaExport - Table 'BIDS' already exists
03/11 01:42:01.871/IST  ERROR - SchemaExport - Unsuccessful: create table BOOK (BOOK_ID bigint not null, BOOK_TYPE varchar(255) not null, market bigint not null unique, claim bigint not null, primary key (BOOK_ID))
03/11 01:42:01.871/IST  ERROR - SchemaExport - Table 'BOOK' already exists
03/11 01:42:01.937/IST  ERROR - SchemaExport - Unsuccessful: create table BOOK_OFFERS (BOOK_ID bigint not null, SORTEDORDERS_ID bigint not null, POSITIONS_ID bigint not null, primary key (BOOK_ID, POSITIONS_ID))
03/11 01:42:01.938/IST  ERROR - SchemaExport - Table 'BOOK_OFFERS' already exists
03/11 01:42:02.004/IST  ERROR - SchemaExport - Unsuccessful: create table CASHBANKS (CASHBANK_ID bigint not null, token bigint not null unique, primary key (CASHBANK_ID))
03/11 01:42:02.005/IST  ERROR - SchemaExport - Table 'CASHBANKS' already exists
03/11 01:42:02.071/IST  ERROR - SchemaExport - Unsuccessful: create table CBANK_POS_TOKENS (COUPONBANK_ID bigint not null, CURRENCYTOKEN_ID bigint not null, positions bigint not null, primary key (COUPONBANK_ID, positions))
03/11 01:42:02.071/IST  ERROR - SchemaExport - Table 'CBANK_POS_TOKENS' already exists
03/11 01:42:02.139/IST  ERROR - SchemaExport - Unsuccessful: create table CLAIMS (CLAIMS_ID bigint not null, CLAIM_TYPE varchar(255) not null, name varchar(255), owner bigint not null, description varchar(255), primary key (CLAIMS_ID))
03/11 01:42:02.139/IST  ERROR - SchemaExport - Table 'CLAIMS' already exists
03/11 01:42:02.207/IST  ERROR - SchemaExport - Unsuccessful: create table COUPONBANKS (COUPONBANK_ID bigint not null, minted numeric(19,2), redeemed numeric(19,2), FUNDS_ID bigint not null unique, claim bigint not null, primary key (COUPONBANK_ID))
03/11 01:42:02.207/IST  ERROR - SchemaExport - Table 'COUPONBANKS' already exists
03/11 01:42:02.295/IST  ERROR - SchemaExport - Unsuccessful: create table COUPONS (COUPONS_ID bigint not null, quant numeric(19,2), token bigint not null, POSITIONS_ID bigint not null, primary key (COUPONS_ID))
03/11 01:42:02.296/IST  ERROR - SchemaExport - Table 'COUPONS' already exists
03/11 01:42:02.362/IST  ERROR - SchemaExport - Unsuccessful: create table CURRENCYTOKENS (CURRENCYTOKEN_ID bigint not null, name varchar(255), primary key (CURRENCYTOKEN_ID))
03/11 01:42:02.362/IST  ERROR - SchemaExport - Table 'CURRENCYTOKENS' already exists
03/11 01:42:02.429/IST  ERROR - SchemaExport - Unsuccessful: create table FUNDSS (FUNDS_ID bigint not null, quant numeric(19,2), token bigint not null, primary key (FUNDS_ID))
03/11 01:42:02.430/IST  ERROR - SchemaExport - Table 'FUNDSS' already exists
03/11 01:42:02.496/IST  ERROR - SchemaExport - Unsuccessful: create table MARKET (MARKETS_ID bigint not null, MARKET_TYPE varchar(255) not null, priceBetteringRequired bit, wholeShareTradingOnly bit, lastTrade datetime, marketClosed bit, owner bigint not null, couponMint bigint not null, Outcome_ID bigint unique, claim bigint not null, maxPrice numeric(19,2), maxPriceMax numeric(19,2), primary key (MARKETS_ID))
03/11 01:42:02.497/IST  ERROR - SchemaExport - Table 'MARKET' already exists
03/11 01:42:02.585/IST  ERROR - SchemaExport - Unsuccessful: create table MARKETMAKER (MARKETMAKER_ID bigint not null, MarketMaker_TYPE varchar(255) not null, beta numeric(19,2), betaQuadratic numeric(19,2), betaSpherical numeric(19,2), market bigint not null unique, accounts bigint not null unique, probability numeric(19,2), primary key (MARKETMAKER_ID))
03/11 01:42:02.585/IST  ERROR - SchemaExport - Table 'MARKETMAKER' already exists
03/11 01:42:02.663/IST  ERROR - SchemaExport - Unsuccessful: create table MM_Probabilities (MARKETMAKER_ID bigint not null, probability numeric(19,2), POSITIONS_ID bigint not null, primary key (MARKETMAKER_ID, POSITIONS_ID))
03/11 01:42:02.663/IST  ERROR - SchemaExport - Table 'MM_Probabilities' already exists
03/11 01:42:03.161/IST  ERROR - SchemaExport - Unsuccessful: create table MM_Stocks (MARKETMAKER_ID bigint not null, stock numeric(19,2), POSITIONS_ID bigint not null, primary key (MARKETMAKER_ID, POSITIONS_ID))
03/11 01:42:03.162/IST  ERROR - SchemaExport - Table 'MM_Stocks' already exists
03/11 01:42:03.228/IST  ERROR - SchemaExport - Unsuccessful: create table ORDERREMOVALS (ORDERREMOVAL_ID bigint not null, owner varchar(255), price numeric(19,2), priceMax numeric(19,2), quant numeric(19,2), fullfilledQuant numeric(19,2), voidedQuant numeric(19,2), time datetime, pos bigint not null, primary key (ORDERREMOVAL_ID))
03/11 01:42:03.229/IST  ERROR - SchemaExport - Table 'ORDERREMOVALS' already exists
03/11 01:42:03.295/IST  ERROR - SchemaExport - Unsuccessful: create table ORDER_TBL (ORDER_ID bigint not null, price numeric(19,2), priceMax numeric(19,2), quant numeric(19,2), fullfilled numeric(19,2), voided numeric(19,2), USER_ID bigint not null, POSITIONS_ID bigint not null, primary key (ORDER_ID))
03/11 01:42:03.295/IST  ERROR - SchemaExport - Table 'ORDER_TBL' already exists
03/11 01:42:03.362/IST  ERROR - SchemaExport - Unsuccessful: create table OUTCOME (OUTCOME_ID bigint not null, OUTCOME_TYPE varchar(255) not null, continuous bit, POSITIONS_ID bigint, primary key (OUTCOME_ID))
03/11 01:42:03.362/IST  ERROR - SchemaExport - Table 'OUTCOME' already exists
03/11 01:42:03.429/IST  ERROR - SchemaExport - Unsuccessful: create table POSITIONS (POSITIONS_ID bigint not null, name varchar(255), CLAIMS_ID bigint not null, idx integer, primary key (POSITIONS_ID))
03/11 01:42:03.429/IST  ERROR - SchemaExport - Table 'POSITIONS' already exists
03/11 01:42:03.496/IST  ERROR - SchemaExport - Unsuccessful: create table REDEMPTIONS (Redemption_ID bigint not null, owner varchar(255), price numeric(19,2), priceMax numeric(19,2), quant numeric(19,2), time datetime, pos bigint not null, primary key (Redemption_ID))
03/11 01:42:03.496/IST  ERROR - SchemaExport - Table 'REDEMPTIONS' already exists
03/11 01:42:03.574/IST  ERROR - SchemaExport - Unsuccessful: create table SELFDEALING (SELFDEALING_ID bigint not null, owner varchar(255), price numeric(19,2), priceMax numeric(19,2), quant numeric(19,2), time datetime, pos bigint not null, primary key (SELFDEALING_ID))
03/11 01:42:03.574/IST  ERROR - SchemaExport - Table 'SELFDEALING' already exists
03/11 01:42:03.652/IST  ERROR - SchemaExport - Unsuccessful: create table SORTEDORDERS (SORTEDORDERS_ID bigint not null, POSITIONS_ID bigint not null, samplePrice numeric(19,2), samplePriceMax numeric(19,2), primary key (SORTEDORDERS_ID))
03/11 01:42:03.652/IST  ERROR - SchemaExport - Table 'SORTEDORDERS' already exists
03/11 01:42:03.852/IST  ERROR - SchemaExport - Unsuccessful: create table SORTEDORDERS_POS_ORDER (SORTEDORDERS_ID bigint not null, ORDER_ID bigint not null unique, primary key (SORTEDORDERS_ID, ORDER_ID))
03/11 01:42:03.852/IST  ERROR - SchemaExport - Table 'SORTEDORDERS_POS_ORDER' already exists
03/11 01:42:03.954/IST  ERROR - SchemaExport - Unsuccessful: create table TRADES (TRADE_ID bigint not null, TRADE_TYPE varchar(255) not null, owner varchar(255), price numeric(19,2), priceMax numeric(19,2), quant numeric(19,2), time datetime, pos bigint not null, openingPrice numeric(19,2), openingPriceMax numeric(19,2), closingPrice numeric(19,2), closingPriceMax numeric(19,2), primary key (TRADE_ID))
03/11 01:42:03.954/IST  ERROR - SchemaExport - Table 'TRADES' already exists
03/11 01:42:04.151/IST  ERROR - SchemaExport - Unsuccessful: create table UNCONFIRMED_USERS (USER_ID bigint not null, name varchar(255), emailAddress varchar(255), password varchar(255), confirmationToken varchar(255), primary key (USER_ID))
03/11 01:42:04.152/IST  ERROR - SchemaExport - Table 'UNCONFIRMED_USERS' already exists
03/11 01:42:04.218/IST  ERROR - SchemaExport - Unsuccessful: create table USERS (USER_ID bigint not null, name varchar(255), email varchar(255), hashedPassword tinyblob, accounts bigint not null unique, primary key (USER_ID))
03/11 01:42:04.219/IST  ERROR - SchemaExport - Table 'USERS' already exists
03/11 01:42:04.385/IST  ERROR - SchemaExport - Unsuccessful: alter table ACCOUNTS add index FKAF43ABE618085ABA (cash), add constraint FKAF43ABE618085ABA foreign key (cash) references FUNDSS (FUNDS_ID)
03/11 01:42:04.386/IST  ERROR - SchemaExport - Duplicate key name 'FKAF43ABE618085ABA'
03/11 01:42:04.553/IST  ERROR - SchemaExport - Unsuccessful: alter table ACCOUNT_HOLDINGS add index FKAB0B6C024BC7993 (COUPONS_ID), add constraint FKAB0B6C024BC7993 foreign key (COUPONS_ID) references COUPONS (COUPONS_ID)
03/11 01:42:04.554/IST  ERROR - SchemaExport - Duplicate key name 'FKAB0B6C024BC7993'
03/11 01:42:04.787/IST  ERROR - SchemaExport - Unsuccessful: alter table ACCOUNT_HOLDINGS add index FKAB0B6C023AA42D41 (POSITIONS_ID), add constraint FKAB0B6C023AA42D41 foreign key (POSITIONS_ID) references POSITIONS (POSITIONS_ID)
03/11 01:42:04.787/IST  ERROR - SchemaExport - Duplicate key name 'FKAB0B6C023AA42D41'
03/11 01:42:04.954/IST  ERROR - SchemaExport - Unsuccessful: alter table ACCOUNT_HOLDINGS add index FKAB0B6C02F513C021 (ACCOUNTS_ID), add constraint FKAB0B6C02F513C021 foreign key (ACCOUNTS_ID) references ACCOUNTS (ACCOUNTS_ID)
03/11 01:42:04.954/IST  ERROR - SchemaExport - Duplicate key name 'FKAB0B6C02F513C021'
03/11 01:42:05.121/IST  ERROR - SchemaExport - Unsuccessful: alter table ASKS add index FK1ECD1A38904A85 (pos), add constraint FK1ECD1A38904A85 foreign key (pos) references POSITIONS (POSITIONS_ID)
03/11 01:42:05.122/IST  ERROR - SchemaExport - Duplicate key name 'FK1ECD1A38904A85'
03/11 01:42:05.288/IST  ERROR - SchemaExport - Unsuccessful: alter table BEST_ASKS add index FKF4AB869538904A85 (pos), add constraint FKF4AB869538904A85 foreign key (pos) references POSITIONS (POSITIONS_ID)
03/11 01:42:05.289/IST  ERROR - SchemaExport - Duplicate key name 'FKF4AB869538904A85'
03/11 01:42:05.455/IST  ERROR - SchemaExport - Unsuccessful: alter table BEST_BIDS add index FKF4ABD49138904A85 (pos), add constraint FKF4ABD49138904A85 foreign key (pos) references POSITIONS (POSITIONS_ID)
03/11 01:42:05.456/IST  ERROR - SchemaExport - Duplicate key name 'FKF4ABD49138904A85'
03/11 01:42:05.623/IST  ERROR - SchemaExport - Unsuccessful: alter table BIDS add index FK1F1B1638904A85 (pos), add constraint FK1F1B1638904A85 foreign key (pos) references POSITIONS (POSITIONS_ID)
03/11 01:42:05.623/IST  ERROR - SchemaExport - Duplicate key name 'FK1F1B1638904A85'
03/11 01:42:05.900/IST  ERROR - SchemaExport - Unsuccessful: alter table BOOK add index FK1F32E978D5D654 (market), add constraint FK1F32E978D5D654 foreign key (market) references MARKET (MARKETS_ID)
03/11 01:42:05.901/IST  ERROR - SchemaExport - Duplicate key name 'FK1F32E978D5D654'
03/11 01:42:06.090/IST  ERROR - SchemaExport - Unsuccessful: alter table BOOK add index FK1F32E94C01F0EF (claim), add constraint FK1F32E94C01F0EF foreign key (claim) references CLAIMS (CLAIMS_ID)
03/11 01:42:06.090/IST  ERROR - SchemaExport - Duplicate key name 'FK1F32E94C01F0EF'
03/11 01:42:06.257/IST  ERROR - SchemaExport - Unsuccessful: alter table BOOK_OFFERS add index FK21F087ADAF241F6D (SORTEDORDERS_ID), add constraint FK21F087ADAF241F6D foreign key (SORTEDORDERS_ID) references SORTEDORDERS (SORTEDORDERS_ID)
03/11 01:42:06.257/IST  ERROR - SchemaExport - Duplicate key name 'FK21F087ADAF241F6D'
03/11 01:42:06.424/IST  ERROR - SchemaExport - Unsuccessful: alter table BOOK_OFFERS add index FK21F087AD458F91F6 (BOOK_ID), add constraint FK21F087AD458F91F6 foreign key (BOOK_ID) references BOOK (BOOK_ID)
03/11 01:42:06.424/IST  ERROR - SchemaExport - Duplicate key name 'FK21F087AD458F91F6'
03/11 01:42:06.592/IST  ERROR - SchemaExport - Unsuccessful: alter table BOOK_OFFERS add index FK21F087AD3AA42D41 (POSITIONS_ID), add constraint FK21F087AD3AA42D41 foreign key (POSITIONS_ID) references POSITIONS (POSITIONS_ID)
03/11 01:42:06.593/IST  ERROR - SchemaExport - Duplicate key name 'FK21F087AD3AA42D41'
03/11 01:42:06.826/IST  ERROR - SchemaExport - Unsuccessful: alter table CASHBANKS add index FKD3585E44B5A0569A (token), add constraint FKD3585E44B5A0569A foreign key (token) references CURRENCYTOKENS (CURRENCYTOKEN_ID)
03/11 01:42:06.826/IST  ERROR - SchemaExport - Duplicate key name 'FKD3585E44B5A0569A'
03/11 01:42:06.993/IST  ERROR - SchemaExport - Unsuccessful: alter table CBANK_POS_TOKENS add index FKB63B0945A95DC501 (COUPONBANK_ID), add constraint FKB63B0945A95DC501 foreign key (COUPONBANK_ID) references COUPONBANKS (COUPONBANK_ID)
03/11 01:42:06.993/IST  ERROR - SchemaExport - Duplicate key name 'FKB63B0945A95DC501'
03/11 01:42:07.160/IST  ERROR - SchemaExport - Unsuccessful: alter table CBANK_POS_TOKENS add index FKB63B09459E4F249B (positions), add constraint FKB63B09459E4F249B foreign key (positions) references POSITIONS (POSITIONS_ID)
03/11 01:42:07.160/IST  ERROR - SchemaExport - Duplicate key name 'FKB63B09459E4F249B'
03/11 01:42:07.327/IST  ERROR - SchemaExport - Unsuccessful: alter table CBANK_POS_TOKENS add index FKB63B0945152634D3 (CURRENCYTOKEN_ID), add constraint FKB63B0945152634D3 foreign key (CURRENCYTOKEN_ID) references CURRENCYTOKENS (CURRENCYTOKEN_ID)
03/11 01:42:07.327/IST  ERROR - SchemaExport - Duplicate key name 'FKB63B0945152634D3'
03/11 01:42:07.505/IST  ERROR - SchemaExport - Unsuccessful: alter table CLAIMS add index FK76A253B7CB114E02 (owner), add constraint FK76A253B7CB114E02 foreign key (owner) references USERS (USER_ID)
03/11 01:42:07.506/IST  ERROR - SchemaExport - Duplicate key name 'FK76A253B7CB114E02'
03/11 01:42:07.750/IST  ERROR - SchemaExport - Unsuccessful: alter table COUPONBANKS add index FKE782A5316A36D033 (FUNDS_ID), add constraint FKE782A5316A36D033 foreign key (FUNDS_ID) references FUNDSS (FUNDS_ID)
03/11 01:42:07.750/IST  ERROR - SchemaExport - Duplicate key name 'FKE782A5316A36D033'
03/11 01:42:08.029/IST  ERROR - SchemaExport - Unsuccessful: alter table COUPONBANKS add index FKE782A5317E3EEE70 (claim), add constraint FKE782A5317E3EEE70 foreign key (claim) references CLAIMS (CLAIMS_ID)
03/11 01:42:08.029/IST  ERROR - SchemaExport - Duplicate key name 'FKE782A5317E3EEE70'
03/11 01:42:08.196/IST  ERROR - SchemaExport - Unsuccessful: alter table COUPONS add index FK63E3B8ED3AA42D41 (POSITIONS_ID), add constraint FK63E3B8ED3AA42D41 foreign key (POSITIONS_ID) references POSITIONS (POSITIONS_ID)
03/11 01:42:08.196/IST  ERROR - SchemaExport - Duplicate key name 'FK63E3B8ED3AA42D41'
03/11 01:42:08.362/IST  ERROR - SchemaExport - Unsuccessful: alter table COUPONS add index FK63E3B8EDB5A0569A (token), add constraint FK63E3B8EDB5A0569A foreign key (token) references CURRENCYTOKENS (CURRENCYTOKEN_ID)
03/11 01:42:08.363/IST  ERROR - SchemaExport - Duplicate key name 'FK63E3B8EDB5A0569A'
03/11 01:42:08.520/IST  ERROR - SchemaExport - Unsuccessful: alter table FUNDSS add index FK7C4587E5B5A0569A (token), add constraint FK7C4587E5B5A0569A foreign key (token) references CURRENCYTOKENS (CURRENCYTOKEN_ID)
03/11 01:42:08.520/IST  ERROR - SchemaExport - Duplicate key name 'FK7C4587E5B5A0569A'
03/11 01:42:08.742/IST  ERROR - SchemaExport - Unsuccessful: alter table MARKET add index FK871F883CCB114E02 (owner), add constraint FK871F883CCB114E02 foreign key (owner) references USERS (USER_ID)
03/11 01:42:08.742/IST  ERROR - SchemaExport - Duplicate key name 'FK871F883CCB114E02'
03/11 01:42:08.932/IST  ERROR - SchemaExport - Unsuccessful: alter table MARKET add index FK871F883C760F7B71 (couponMint), add constraint FK871F883C760F7B71 foreign key (couponMint) references COUPONBANKS (COUPONBANK_ID)
03/11 01:42:08.933/IST  ERROR - SchemaExport - Duplicate key name 'FK871F883C760F7B71'
03/11 01:42:09.099/IST  ERROR - SchemaExport - Unsuccessful: alter table MARKET add index FK871F883CF5AE661E (Outcome_ID), add constraint FK871F883CF5AE661E foreign key (Outcome_ID) references OUTCOME (OUTCOME_ID)
03/11 01:42:09.100/IST  ERROR - SchemaExport - Duplicate key name 'FK871F883CF5AE661E'
03/11 01:42:09.310/IST  ERROR - SchemaExport - Unsuccessful: alter table MARKET add index FK871F883C7E3EEE70 (claim), add constraint FK871F883C7E3EEE70 foreign key (claim) references CLAIMS (CLAIMS_ID)
03/11 01:42:09.310/IST  ERROR - SchemaExport - Duplicate key name 'FK871F883C7E3EEE70'
03/11 01:42:09.522/IST  ERROR - SchemaExport - Unsuccessful: alter table MARKETMAKER add index FK9213FD6878D5D654 (market), add constraint FK9213FD6878D5D654 foreign key (market) references MARKET (MARKETS_ID)
03/11 01:42:09.522/IST  ERROR - SchemaExport - Duplicate key name 'FK9213FD6878D5D654'
03/11 01:42:09.755/IST  ERROR - SchemaExport - Unsuccessful: alter table MARKETMAKER add index FK9213FD68420317F3 (accounts), add constraint FK9213FD68420317F3 foreign key (accounts) references ACCOUNTS (ACCOUNTS_ID)
03/11 01:42:09.755/IST  ERROR - SchemaExport - Duplicate key name 'FK9213FD68420317F3'
03/11 01:42:09.922/IST  ERROR - SchemaExport - Unsuccessful: alter table MM_Probabilities add index FK1D59E3143AA42D41 (POSITIONS_ID), add constraint FK1D59E3143AA42D41 foreign key (POSITIONS_ID) references POSITIONS (POSITIONS_ID)
03/11 01:42:09.923/IST  ERROR - SchemaExport - Duplicate key name 'FK1D59E3143AA42D41'
03/11 01:42:10.090/IST  ERROR - SchemaExport - Unsuccessful: alter table MM_Probabilities add index FK1D59E3145AE3447D (MARKETMAKER_ID), add constraint FK1D59E3145AE3447D foreign key (MARKETMAKER_ID) references MARKETMAKER (MARKETMAKER_ID)
03/11 01:42:10.090/IST  ERROR - SchemaExport - Duplicate key name 'FK1D59E3145AE3447D'
03/11 01:42:10.257/IST  ERROR - SchemaExport - Unsuccessful: alter table MM_Stocks add index FKCF8B7BC3AA42D41 (POSITIONS_ID), add constraint FKCF8B7BC3AA42D41 foreign key (POSITIONS_ID) references POSITIONS (POSITIONS_ID)
03/11 01:42:10.258/IST  ERROR - SchemaExport - Duplicate key name 'FKCF8B7BC3AA42D41'
03/11 01:42:10.458/IST  ERROR - SchemaExport - Unsuccessful: alter table MM_Stocks add index FKCF8B7BC5AE3447D (MARKETMAKER_ID), add constraint FKCF8B7BC5AE3447D foreign key (MARKETMAKER_ID) references MARKETMAKER (MARKETMAKER_ID)
03/11 01:42:10.458/IST  ERROR - SchemaExport - Duplicate key name 'FKCF8B7BC5AE3447D'
03/11 01:42:10.625/IST  ERROR - SchemaExport - Unsuccessful: alter table ORDERREMOVALS add index FK3E1573538904A85 (pos), add constraint FK3E1573538904A85 foreign key (pos) references POSITIONS (POSITIONS_ID)
03/11 01:42:10.626/IST  ERROR - SchemaExport - Duplicate key name 'FK3E1573538904A85'
03/11 01:42:10.986/IST  ERROR - SchemaExport - Unsuccessful: alter table ORDER_TBL add index FK8ED4BB0DBBF8495E (USER_ID), add constraint FK8ED4BB0DBBF8495E foreign key (USER_ID) references USERS (USER_ID)
03/11 01:42:10.987/IST  ERROR - SchemaExport - Duplicate key name 'FK8ED4BB0DBBF8495E'
03/11 01:42:11.248/IST  ERROR - SchemaExport - Unsuccessful: alter table ORDER_TBL add index FK8ED4BB0D3AA42D41 (POSITIONS_ID), add constraint FK8ED4BB0D3AA42D41 foreign key (POSITIONS_ID) references POSITIONS (POSITIONS_ID)
03/11 01:42:11.248/IST  ERROR - SchemaExport - Duplicate key name 'FK8ED4BB0D3AA42D41'
03/11 01:42:11.559/IST  ERROR - SchemaExport - Unsuccessful: alter table OUTCOME add index FKE8D793323AA42D41 (POSITIONS_ID), add constraint FKE8D793323AA42D41 foreign key (POSITIONS_ID) references POSITIONS (POSITIONS_ID)
03/11 01:42:11.560/IST  ERROR - SchemaExport - Duplicate key name 'FKE8D793323AA42D41'
03/11 01:42:11.749/IST  ERROR - SchemaExport - Unsuccessful: alter table POSITIONS add index FKBD89C4A66AE28D7 (CLAIMS_ID), add constraint FKBD89C4A66AE28D7 foreign key (CLAIMS_ID) references CLAIMS (CLAIMS_ID)
03/11 01:42:11.750/IST  ERROR - SchemaExport - Duplicate key name 'FKBD89C4A66AE28D7'
03/11 01:42:11.927/IST  ERROR - SchemaExport - Unsuccessful: alter table REDEMPTIONS add index FK6170EF8838904A85 (pos), add constraint FK6170EF8838904A85 foreign key (pos) references POSITIONS (POSITIONS_ID)
03/11 01:42:11.927/IST  ERROR - SchemaExport - Duplicate key name 'FK6170EF8838904A85'
03/11 01:42:12.095/IST  ERROR - SchemaExport - Unsuccessful: alter table SELFDEALING add index FK10726B0A38904A85 (pos), add constraint FK10726B0A38904A85 foreign key (pos) references POSITIONS (POSITIONS_ID)
03/11 01:42:12.095/IST  ERROR - SchemaExport - Duplicate key name 'FK10726B0A38904A85'
03/11 01:42:12.261/IST  ERROR - SchemaExport - Unsuccessful: alter table SORTEDORDERS add index FKEF719BE23AA42D41 (POSITIONS_ID), add constraint FKEF719BE23AA42D41 foreign key (POSITIONS_ID) references POSITIONS (POSITIONS_ID)
03/11 01:42:12.261/IST  ERROR - SchemaExport - Duplicate key name 'FKEF719BE23AA42D41'
03/11 01:42:12.485/IST  ERROR - SchemaExport - Unsuccessful: alter table SORTEDORDERS_POS_ORDER add index FKD8B35546AF241F6D (SORTEDORDERS_ID), add constraint FKD8B35546AF241F6D foreign key (SORTEDORDERS_ID) references SORTEDORDERS (SORTEDORDERS_ID)
03/11 01:42:12.485/IST  ERROR - SchemaExport - Duplicate key name 'FKD8B35546AF241F6D'
03/11 01:42:12.674/IST  ERROR - SchemaExport - Unsuccessful: alter table SORTEDORDERS_POS_ORDER add index FKD8B355466DA91987 (ORDER_ID), add constraint FKD8B355466DA91987 foreign key (ORDER_ID) references ORDER_TBL (ORDER_ID)
03/11 01:42:12.675/IST  ERROR - SchemaExport - Duplicate key name 'FKD8B355466DA91987'
03/11 01:42:13.096/IST  ERROR - SchemaExport - Unsuccessful: alter table TRADES add index FK93F92F8F38904A85 (pos), add constraint FK93F92F8F38904A85 foreign key (pos) references POSITIONS (POSITIONS_ID)
03/11 01:42:13.096/IST  ERROR - SchemaExport - Duplicate key name 'FK93F92F8F38904A85'
03/11 01:42:13.263/IST  ERROR - SchemaExport - Unsuccessful: alter table USERS add index FK4D495E8420317F3 (accounts), add constraint FK4D495E8420317F3 foreign key (accounts) references ACCOUNTS (ACCOUNTS_ID)
03/11 01:42:13.264/IST  ERROR - SchemaExport - Duplicate key name 'FK4D495E8420317F3'
03/11 01:42:13.431/IST   INFO -   AllMarkets -  opened port '30020'.  Browse to                    http://<<yourhost>>:30020/Welcome.jsp
03/11 01:42:13.432/IST   WARN - Session Config - 34# no RPC.server.enable property found in initialization file; defaulting to false
