04/06 11:31:54.809/IST   WARN - Session Config - 2# no announce.new.markets property found in initialization file; defaulting to false
04/06 11:31:54.811/IST   WARN -       Config - Using Cost Limit Purchase pages
04/06 11:31:54.871/IST   INFO -        trace -    creating AllMarkets
04/06 11:31:56.594/IST   INFO -   AllMarkets -  opened port '30000'.  Browse to                    http://<<yourhost>>:30000/Welcome.jsp
04/06 11:31:56.594/IST   WARN - Session Config - 34# no RPC.server.enable property found in initialization file; defaulting to false
04/06 11:32:06.108/IST   WARN -    UserError - 35# told User(logging in) "Please type an account name and password".
04/06 11:32:30.617/IST   WARN -    UserError - 36# told User(logging in) "Added Admin Credentials.  Login to an account to trade or create markets.".
04/06 11:32:42.307/IST   WARN -    UserError - 37# told testadmin "Please specify a name for the market.".
04/06 11:33:01.466/IST   INFO -   Transition - 38# State transition: new Multi Market, round: 0.
04/06 11:33:01.468/IST   INFO -  PriceAction - 39# testadmin traded with the market maker for 0 of IPL1:1 at 11.1111
04/06 11:33:01.469/IST   INFO -  PriceAction - 40# testadmin traded with the market maker for 0 of IPL1:2 at 11.1111
04/06 11:33:01.469/IST   INFO -  PriceAction - 41# testadmin traded with the market maker for 0 of IPL1:3 at 11.1111
04/06 11:33:01.469/IST   INFO -  PriceAction - 42# testadmin traded with the market maker for 0 of IPL1:4 at 11.1111
04/06 11:33:01.470/IST   INFO -  PriceAction - 43# testadmin traded with the market maker for 0 of IPL1:5 at 11.1111
04/06 11:33:01.471/IST   INFO -  PriceAction - 44# testadmin traded with the market maker for 0 of IPL1:6 at 11.1111
04/06 11:33:01.472/IST   INFO -  PriceAction - 45# testadmin traded with the market maker for 0 of IPL1:7 at 11.1111
04/06 11:33:01.472/IST   INFO -  PriceAction - 46# testadmin traded with the market maker for 0 of IPL1:8 at 11.1111
04/06 11:33:01.473/IST   INFO -  PriceAction - 47# testadmin traded with the market maker for 0 of IPL1:9 at 11.1111
04/06 11:33:04.214/IST   WARN -    UserError - 48# told User(logging in) "Please type an account name and password".
04/06 11:33:12.135/IST   INFO -     NewChart - The chart for IPL1 has been updated.
04/06 11:33:26.348/IST  DEBUG -      Trading - test1 wants to buy 1 with limit of 100 @ 12.
