0:0:0:0:0:0:0:1 -  -  [08/Apr/2012:10:01:37 +0000] "GET / HTTP/1.1" 200 766 "-" "Mozilla/5.0 (X11; Linux x86_64; rv:10.0.1) Gecko/20100101 Firefox/10.0.1"
0:0:0:0:0:0:0:1 -  -  [08/Apr/2012:10:01:37 +0000] "GET /images/Logo/mainlogo.gif HTTP/1.1" 200 230826 "http://localhost:30020/" "Mozilla/5.0 (X11; Linux x86_64; rv:10.0.1) Gecko/20100101 Firefox/10.0.1"
0:0:0:0:0:0:0:1 -  -  [08/Apr/2012:10:01:37 +0000] "GET /favicon.ico HTTP/1.1" 404 1397 "-" "Mozilla/5.0 (X11; Linux x86_64; rv:10.0.1) Gecko/20100101 Firefox/10.0.1"
0:0:0:0:0:0:0:1 -  -  [08/Apr/2012:10:01:37 +0000] "GET /favicon.ico HTTP/1.1" 404 1397 "-" "Mozilla/5.0 (X11; Linux x86_64; rv:10.0.1) Gecko/20100101 Firefox/10.0.1"
0:0:0:0:0:0:0:1 -  -  [08/Apr/2012:10:01:39 +0000] "GET /Welcome.jsp HTTP/1.1" 200 1820 "http://localhost:30020/" "Mozilla/5.0 (X11; Linux x86_64; rv:10.0.1) Gecko/20100101 Firefox/10.0.1"
0:0:0:0:0:0:0:1 -  -  [08/Apr/2012:10:01:39 +0000] "GET /images/Logo/csk2011.jpg HTTP/1.1" 200 194369 "http://localhost:30020/Welcome.jsp" "Mozilla/5.0 (X11; Linux x86_64; rv:10.0.1) Gecko/20100101 Firefox/10.0.1"
0:0:0:0:0:0:0:1 -  -  [08/Apr/2012:10:02:25 +0000] "GET /pages/Help.html HTTP/1.1" 200 4639 "http://localhost:30020/Welcome.jsp" "Mozilla/5.0 (X11; Linux x86_64; rv:10.0.1) Gecko/20100101 Firefox/10.0.1"
0:0:0:0:0:0:0:1 -  -  [08/Apr/2012:10:02:25 +0000] "GET /pagenotfound/index03d3.html HTTP/1.1" 404 1413 "http://localhost:30020/pages/Help.html" "Mozilla/5.0 (X11; Linux x86_64; rv:10.0.1) Gecko/20100101 Firefox/10.0.1"
0:0:0:0:0:0:0:1 -  -  [08/Apr/2012:10:02:25 +0000] "GET /pages/Logo/8066275.cms.jpg HTTP/1.1" 200 64539 "http://localhost:30020/pages/Help.html" "Mozilla/5.0 (X11; Linux x86_64; rv:10.0.1) Gecko/20100101 Firefox/10.0.1"
0:0:0:0:0:0:0:1 -  -  [08/Apr/2012:10:02:25 +0000] "GET /pages/menu.js HTTP/1.1" 200 784 "http://localhost:30020/pages/Help.html" "Mozilla/5.0 (X11; Linux x86_64; rv:10.0.1) Gecko/20100101 Firefox/10.0.1"
0:0:0:0:0:0:0:1 -  -  [08/Apr/2012:10:02:25 +0000] "GET /pages/stm31.js HTTP/1.1" 200 36766 "http://localhost:30020/pages/Help.html" "Mozilla/5.0 (X11; Linux x86_64; rv:10.0.1) Gecko/20100101 Firefox/10.0.1"
0:0:0:0:0:0:0:1 -  -  [08/Apr/2012:10:02:25 +0000] "GET /pages/blank.gif HTTP/1.1" 200 49 "http://localhost:30020/pages/Help.html" "Mozilla/5.0 (X11; Linux x86_64; rv:10.0.1) Gecko/20100101 Firefox/10.0.1"
0:0:0:0:0:0:0:1 -  -  [08/Apr/2012:10:02:34 +0000] "GET /pages/GameRule.html HTTP/1.1" 200 4859 "http://localhost:30020/pages/Help.html" "Mozilla/5.0 (X11; Linux x86_64; rv:10.0.1) Gecko/20100101 Firefox/10.0.1"
0:0:0:0:0:0:0:1 -  -  [08/Apr/2012:10:02:34 +0000] "GET /pagenotfound/index03d3.html HTTP/1.1" 404 1413 "http://localhost:30020/pages/GameRule.html" "Mozilla/5.0 (X11; Linux x86_64; rv:10.0.1) Gecko/20100101 Firefox/10.0.1"
0:0:0:0:0:0:0:1 -  -  [08/Apr/2012:10:02:57 +0000] "GET /pages/HowToPlay.html HTTP/1.1" 200 4775 "http://localhost:30020/pages/GameRule.html" "Mozilla/5.0 (X11; Linux x86_64; rv:10.0.1) Gecko/20100101 Firefox/10.0.1"
0:0:0:0:0:0:0:1 -  -  [08/Apr/2012:10:02:57 +0000] "GET /pagenotfound/index03d3.html HTTP/1.1" 404 1413 "http://localhost:30020/pages/HowToPlay.html" "Mozilla/5.0 (X11; Linux x86_64; rv:10.0.1) Gecko/20100101 Firefox/10.0.1"
0:0:0:0:0:0:0:1 -  -  [08/Apr/2012:10:03:13 +0000] "GET /pagenotfound/index03d3.html HTTP/1.1" 404 1413 "http://localhost:30020/pages/Help.html" "Mozilla/5.0 (X11; Linux x86_64; rv:10.0.1) Gecko/20100101 Firefox/10.0.1"
0:0:0:0:0:0:0:1 -  -  [08/Apr/2012:10:08:08 +0000] "GET /images/Logo/mainlogo.gif HTTP/1.1" 304 0 "http://localhost:30020/" "Mozilla/5.0 (X11; Linux x86_64; rv:10.0.1) Gecko/20100101 Firefox/10.0.1"
0:0:0:0:0:0:0:1 -  -  [08/Apr/2012:10:08:10 +0000] "GET /Welcome.jsp HTTP/1.1" 200 1820 "http://localhost:30020/" "Mozilla/5.0 (X11; Linux x86_64; rv:10.0.1) Gecko/20100101 Firefox/10.0.1"
0:0:0:0:0:0:0:1 -  -  [08/Apr/2012:10:08:10 +0000] "GET /images/Logo/csk2011.jpg HTTP/1.1" 304 0 "http://localhost:30020/Welcome.jsp" "Mozilla/5.0 (X11; Linux x86_64; rv:10.0.1) Gecko/20100101 Firefox/10.0.1"
0:0:0:0:0:0:0:1 -  -  [08/Apr/2012:10:08:15 +0000] "GET /createAccount.jsp HTTP/1.1" 200 2672 "http://localhost:30020/Welcome.jsp" "Mozilla/5.0 (X11; Linux x86_64; rv:10.0.1) Gecko/20100101 Firefox/10.0.1"
0:0:0:0:0:0:0:1 -  -  [08/Apr/2012:10:08:15 +0000] "GET /trading.css HTTP/1.1" 200 2156 "http://localhost:30020/createAccount.jsp" "Mozilla/5.0 (X11; Linux x86_64; rv:10.0.1) Gecko/20100101 Firefox/10.0.1"
0:0:0:0:0:0:0:1 -  -  [08/Apr/2012:10:08:15 +0000] "GET /images/Logo/createAccountLogo.gif HTTP/1.1" 200 88874 "http://localhost:30020/createAccount.jsp" "Mozilla/5.0 (X11; Linux x86_64; rv:10.0.1) Gecko/20100101 Firefox/10.0.1"
0:0:0:0:0:0:0:1 -  -  [08/Apr/2012:10:08:15 +0000] "GET /display.js HTTP/1.1" 200 671 "http://localhost:30020/createAccount.jsp" "Mozilla/5.0 (X11; Linux x86_64; rv:10.0.1) Gecko/20100101 Firefox/10.0.1"
0:0:0:0:0:0:0:1 -  -  [08/Apr/2012:10:08:26 +0000] "POST /createAccount.jsp HTTP/1.1" 200 2866 "http://localhost:30020/createAccount.jsp" "Mozilla/5.0 (X11; Linux x86_64; rv:10.0.1) Gecko/20100101 Firefox/10.0.1"
0:0:0:0:0:0:0:1 -  -  [08/Apr/2012:10:08:53 +0000] "GET /createAccount.jsp?userName=testadmin&confirmation=CfVOwmKR8a HTTP/1.1" 302 0 "-" "Mozilla/5.0 (X11; Linux x86_64; rv:10.0.1) Gecko/20100101 Firefox/10.0.1"
0:0:0:0:0:0:0:1 -  -  [08/Apr/2012:10:08:53 +0000] "GET /Welcome.jsp HTTP/1.1" 200 1820 "-" "Mozilla/5.0 (X11; Linux x86_64; rv:10.0.1) Gecko/20100101 Firefox/10.0.1"
0:0:0:0:0:0:0:1 -  -  [08/Apr/2012:10:09:04 +0000] "GET /createAccount.jsp HTTP/1.1" 200 2815 "http://localhost:30020/Welcome.jsp" "Mozilla/5.0 (X11; Linux x86_64; rv:10.0.1) Gecko/20100101 Firefox/10.0.1"
0:0:0:0:0:0:0:1 -  -  [08/Apr/2012:10:09:13 +0000] "POST /createAccount.jsp HTTP/1.1" 200 2858 "http://localhost:30020/createAccount.jsp" "Mozilla/5.0 (X11; Linux x86_64; rv:10.0.1) Gecko/20100101 Firefox/10.0.1"
0:0:0:0:0:0:0:1 -  -  [08/Apr/2012:10:09:33 +0000] "GET /createAccount.jsp?userName=test1&confirmation=nNmeupUYAO HTTP/1.1" 302 0 "-" "Mozilla/5.0 (X11; Linux x86_64; rv:10.0.1) Gecko/20100101 Firefox/10.0.1"
0:0:0:0:0:0:0:1 -  -  [08/Apr/2012:10:09:33 +0000] "GET /Welcome.jsp HTTP/1.1" 200 1820 "-" "Mozilla/5.0 (X11; Linux x86_64; rv:10.0.1) Gecko/20100101 Firefox/10.0.1"
0:0:0:0:0:0:0:1 -  -  [08/Apr/2012:10:09:33 +0000] "GET /images/Logo/mainlogo.gif HTTP/1.1" 304 0 "http://localhost:30020/Welcome.jsp" "Mozilla/5.0 (X11; Linux x86_64; rv:10.0.1) Gecko/20100101 Firefox/10.0.1"
0:0:0:0:0:0:0:1 -  -  [08/Apr/2012:10:09:33 +0000] "GET /images/Logo/csk2011.jpg HTTP/1.1" 304 0 "http://localhost:30020/Welcome.jsp" "Mozilla/5.0 (X11; Linux x86_64; rv:10.0.1) Gecko/20100101 Firefox/10.0.1"
0:0:0:0:0:0:0:1 -  -  [08/Apr/2012:10:09:43 +0000] "GET /Welcome.jsp?userName=testadmin&password=1111111&action=Sign+In HTTP/1.1" 302 0 "http://localhost:30020/Welcome.jsp" "Mozilla/5.0 (X11; Linux x86_64; rv:10.0.1) Gecko/20100101 Firefox/10.0.1"
0:0:0:0:0:0:0:1 -  -  [08/Apr/2012:10:09:43 +0000] "GET /account.jsp HTTP/1.1" 200 1898 "http://localhost:30020/Welcome.jsp" "Mozilla/5.0 (X11; Linux x86_64; rv:10.0.1) Gecko/20100101 Firefox/10.0.1"
0:0:0:0:0:0:0:1 -  -  [08/Apr/2012:10:09:43 +0000] "GET /images/Logo/iisclogo.jpg HTTP/1.1" 200 78661 "http://localhost:30020/account.jsp" "Mozilla/5.0 (X11; Linux x86_64; rv:10.0.1) Gecko/20100101 Firefox/10.0.1"
0:0:0:0:0:0:0:1 -  -  [08/Apr/2012:10:09:57 +0000] "POST /Market.jsp HTTP/1.1" 200 1949 "http://localhost:30020/account.jsp" "Mozilla/5.0 (X11; Linux x86_64; rv:10.0.1) Gecko/20100101 Firefox/10.0.1"
0:0:0:0:0:0:0:1 -  -  [08/Apr/2012:10:09:57 +0000] "GET /images/Logo/MarketJsp.gif HTTP/1.1" 200 63517 "http://localhost:30020/Market.jsp" "Mozilla/5.0 (X11; Linux x86_64; rv:10.0.1) Gecko/20100101 Firefox/10.0.1"
0:0:0:0:0:0:0:1 -  -  [08/Apr/2012:10:10:06 +0000] "POST /Welcome.jsp HTTP/1.1" 200 1820 "http://localhost:30020/account.jsp" "Mozilla/5.0 (X11; Linux x86_64; rv:10.0.1) Gecko/20100101 Firefox/10.0.1"
0:0:0:0:0:0:0:1 -  -  [08/Apr/2012:10:10:11 +0000] "GET /Welcome.jsp?userName=testadmin&password=unsafe&action=Sign+In HTTP/1.1" 303 1853 "http://localhost:30020/Welcome.jsp" "Mozilla/5.0 (X11; Linux x86_64; rv:10.0.1) Gecko/20100101 Firefox/10.0.1"
0:0:0:0:0:0:0:1 -  -  [08/Apr/2012:10:10:18 +0000] "GET /Welcome.jsp?userName=testadmin&password=1111111&action=Sign+In HTTP/1.1" 302 0 "http://localhost:30020/Welcome.jsp?userName=testadmin&password=unsafe&action=Sign+In" "Mozilla/5.0 (X11; Linux x86_64; rv:10.0.1) Gecko/20100101 Firefox/10.0.1"
0:0:0:0:0:0:0:1 -  -  [08/Apr/2012:10:10:18 +0000] "GET /account.jsp HTTP/1.1" 200 2082 "http://localhost:30020/Welcome.jsp?userName=testadmin&password=unsafe&action=Sign+In" "Mozilla/5.0 (X11; Linux x86_64; rv:10.0.1) Gecko/20100101 Firefox/10.0.1"
0:0:0:0:0:0:0:1 -  -  [08/Apr/2012:10:10:21 +0000] "POST /createMarkets.jsp HTTP/1.1" 303 2903 "http://localhost:30020/account.jsp" "Mozilla/5.0 (X11; Linux x86_64; rv:10.0.1) Gecko/20100101 Firefox/10.0.1"
0:0:0:0:0:0:0:1 -  -  [08/Apr/2012:10:10:39 +0000] "POST /createMarkets.jsp HTTP/1.1" 200 2809 "http://localhost:30020/createMarkets.jsp" "Mozilla/5.0 (X11; Linux x86_64; rv:10.0.1) Gecko/20100101 Firefox/10.0.1"
0:0:0:0:0:0:0:1 -  -  [08/Apr/2012:10:10:42 +0000] "POST /Market.jsp HTTP/1.1" 200 2568 "http://localhost:30020/createMarkets.jsp" "Mozilla/5.0 (X11; Linux x86_64; rv:10.0.1) Gecko/20100101 Firefox/10.0.1"
0:0:0:0:0:0:0:1 -  -  [08/Apr/2012:10:10:45 +0000] "GET /purchaseCost.jsp?claimName=testmarket HTTP/1.1" 200 5996 "http://localhost:30020/Market.jsp" "Mozilla/5.0 (X11; Linux x86_64; rv:10.0.1) Gecko/20100101 Firefox/10.0.1"
0:0:0:0:0:0:0:1 -  -  [08/Apr/2012:10:10:46 +0000] "GET /reactiveIssue.js HTTP/1.1" 200 11985 "http://localhost:30020/purchaseCost.jsp?claimName=testmarket" "Mozilla/5.0 (X11; Linux x86_64; rv:10.0.1) Gecko/20100101 Firefox/10.0.1"
0:0:0:0:0:0:0:1 -  -  [08/Apr/2012:10:10:46 +0000] "GET /charts/testmarket-p.png HTTP/1.1" 200 8189 "http://localhost:30020/purchaseCost.jsp?claimName=testmarket" "Mozilla/5.0 (X11; Linux x86_64; rv:10.0.1) Gecko/20100101 Firefox/10.0.1"
0:0:0:0:0:0:0:1 -  -  [08/Apr/2012:10:10:46 +0000] "GET /images/Logo/purchaseCost.gif HTTP/1.1" 200 43189 "http://localhost:30020/purchaseCost.jsp?claimName=testmarket" "Mozilla/5.0 (X11; Linux x86_64; rv:10.0.1) Gecko/20100101 Firefox/10.0.1"
0:0:0:0:0:0:0:1 -  -  [08/Apr/2012:10:10:46 +0000] "GET /dojo/dojo/dojo.js HTTP/1.1" 200 76755 "http://localhost:30020/purchaseCost.jsp?claimName=testmarket" "Mozilla/5.0 (X11; Linux x86_64; rv:10.0.1) Gecko/20100101 Firefox/10.0.1"
0:0:0:0:0:0:0:1 -  -  [08/Apr/2012:10:10:46 +0000] "GET /tradingUI.js HTTP/1.1" 200 3224 "http://localhost:30020/purchaseCost.jsp?claimName=testmarket" "Mozilla/5.0 (X11; Linux x86_64; rv:10.0.1) Gecko/20100101 Firefox/10.0.1"
0:0:0:0:0:0:0:1 -  -  [08/Apr/2012:10:10:46 +0000] "GET /dojo/dojox/cometd.js HTTP/1.1" 200 340 "http://localhost:30020/purchaseCost.jsp?claimName=testmarket" "Mozilla/5.0 (X11; Linux x86_64; rv:10.0.1) Gecko/20100101 Firefox/10.0.1"
0:0:0:0:0:0:0:1 -  -  [08/Apr/2012:10:10:46 +0000] "GET /dojo/dojox/cometd/_base.js HTTP/1.1" 200 28051 "http://localhost:30020/purchaseCost.jsp?claimName=testmarket" "Mozilla/5.0 (X11; Linux x86_64; rv:10.0.1) Gecko/20100101 Firefox/10.0.1"
0:0:0:0:0:0:0:1 -  -  [08/Apr/2012:10:10:46 +0000] "GET /dojo/dojo/AdapterRegistry.js HTTP/1.1" 200 3538 "http://localhost:30020/purchaseCost.jsp?claimName=testmarket" "Mozilla/5.0 (X11; Linux x86_64; rv:10.0.1) Gecko/20100101 Firefox/10.0.1"
0:0:0:0:0:0:0:1 -  -  [08/Apr/2012:10:10:46 +0000] "GET /dojo/dojo/io/script.js HTTP/1.1" 200 6910 "http://localhost:30020/purchaseCost.jsp?claimName=testmarket" "Mozilla/5.0 (X11; Linux x86_64; rv:10.0.1) Gecko/20100101 Firefox/10.0.1"
0:0:0:0:0:0:0:1 -  -  [08/Apr/2012:10:10:46 +0000] "GET /dojo/dojo/fx.js HTTP/1.1" 200 11391 "http://localhost:30020/purchaseCost.jsp?claimName=testmarket" "Mozilla/5.0 (X11; Linux x86_64; rv:10.0.1) Gecko/20100101 Firefox/10.0.1"
0:0:0:0:0:0:0:1 -  -  [08/Apr/2012:10:10:46 +0000] "POST /cometd HTTP/1.1" 200 297 "http://localhost:30020/purchaseCost.jsp?claimName=testmarket" "Mozilla/5.0 (X11; Linux x86_64; rv:10.0.1) Gecko/20100101 Firefox/10.0.1"
0:0:0:0:0:0:0:1 -  -  [08/Apr/2012:10:10:46 +0000] "GET /charts/testmarket-p.png?0.22263427221398668 HTTP/1.1" 200 8189 "http://localhost:30020/purchaseCost.jsp?claimName=testmarket" "Mozilla/5.0 (X11; Linux x86_64; rv:10.0.1) Gecko/20100101 Firefox/10.0.1"
0:0:0:0:0:0:0:1 -  -  [08/Apr/2012:10:10:46 +0000] "POST /cometd HTTP/1.1" 200 123 "http://localhost:30020/purchaseCost.jsp?claimName=testmarket" "Mozilla/5.0 (X11; Linux x86_64; rv:10.0.1) Gecko/20100101 Firefox/10.0.1"
0:0:0:0:0:0:0:1 -  -  [08/Apr/2012:10:10:46 +0000] "POST /cometd HTTP/1.1" 200 286 "http://localhost:30020/purchaseCost.jsp?claimName=testmarket" "Mozilla/5.0 (X11; Linux x86_64; rv:10.0.1) Gecko/20100101 Firefox/10.0.1"
0:0:0:0:0:0:0:1 -  -  [08/Apr/2012:10:10:49 +0000] "POST /cometd HTTP/1.1" 200 65 "http://localhost:30020/purchaseCost.jsp?claimName=testmarket" "Mozilla/5.0 (X11; Linux x86_64; rv:10.0.1) Gecko/20100101 Firefox/10.0.1"
0:0:0:0:0:0:0:1 -  -  [08/Apr/2012:10:10:49 +0000] "POST /Welcome.jsp HTTP/1.1" 200 1820 "http://localhost:30020/purchaseCost.jsp?claimName=testmarket" "Mozilla/5.0 (X11; Linux x86_64; rv:10.0.1) Gecko/20100101 Firefox/10.0.1"
0:0:0:0:0:0:0:1 -  -  [08/Apr/2012:10:10:49 +0000] "POST /cometd HTTP/1.1" 200 62 "http://localhost:30020/purchaseCost.jsp?claimName=testmarket" "Mozilla/5.0 (X11; Linux x86_64; rv:10.0.1) Gecko/20100101 Firefox/10.0.1"
0:0:0:0:0:0:0:1 -  -  [08/Apr/2012:10:11:00 +0000] "GET /Welcome.jsp?userName=test1&password=1111111&action=Sign+In HTTP/1.1" 302 0 "http://localhost:30020/Welcome.jsp" "Mozilla/5.0 (X11; Linux x86_64; rv:10.0.1) Gecko/20100101 Firefox/10.0.1"
0:0:0:0:0:0:0:1 -  -  [08/Apr/2012:10:11:00 +0000] "GET /account.jsp HTTP/1.1" 200 2078 "http://localhost:30020/Welcome.jsp" "Mozilla/5.0 (X11; Linux x86_64; rv:10.0.1) Gecko/20100101 Firefox/10.0.1"
0:0:0:0:0:0:0:1 -  -  [08/Apr/2012:10:11:04 +0000] "POST /createMarkets.jsp HTTP/1.1" 302 0 "http://localhost:30020/account.jsp" "Mozilla/5.0 (X11; Linux x86_64; rv:10.0.1) Gecko/20100101 Firefox/10.0.1"
0:0:0:0:0:0:0:1 -  -  [08/Apr/2012:10:11:04 +0000] "GET /purchaseCost.jsp?claimName=testmarket HTTP/1.1" 200 11016 "http://localhost:30020/account.jsp" "Mozilla/5.0 (X11; Linux x86_64; rv:10.0.1) Gecko/20100101 Firefox/10.0.1"
0:0:0:0:0:0:0:1 -  -  [08/Apr/2012:10:11:04 +0000] "GET /images/Logo/Team/csk.jpg HTTP/1.1" 200 3447 "http://localhost:30020/purchaseCost.jsp?claimName=testmarket" "Mozilla/5.0 (X11; Linux x86_64; rv:10.0.1) Gecko/20100101 Firefox/10.0.1"
0:0:0:0:0:0:0:1 -  -  [08/Apr/2012:10:11:04 +0000] "GET /images/Logo/Team/dd.jpg HTTP/1.1" 200 2811 "http://localhost:30020/purchaseCost.jsp?claimName=testmarket" "Mozilla/5.0 (X11; Linux x86_64; rv:10.0.1) Gecko/20100101 Firefox/10.0.1"
0:0:0:0:0:0:0:1 -  -  [08/Apr/2012:10:11:04 +0000] "GET /images/Logo/Team/kkr.jpg HTTP/1.1" 200 15196 "http://localhost:30020/purchaseCost.jsp?claimName=testmarket" "Mozilla/5.0 (X11; Linux x86_64; rv:10.0.1) Gecko/20100101 Firefox/10.0.1"
0:0:0:0:0:0:0:1 -  -  [08/Apr/2012:10:11:04 +0000] "GET /images/Logo/Team/kxi.jpg HTTP/1.1" 200 4482 "http://localhost:30020/purchaseCost.jsp?claimName=testmarket" "Mozilla/5.0 (X11; Linux x86_64; rv:10.0.1) Gecko/20100101 Firefox/10.0.1"
0:0:0:0:0:0:0:1 -  -  [08/Apr/2012:10:11:04 +0000] "GET /images/Logo/Team/pwi.jpg HTTP/1.1" 200 4414 "http://localhost:30020/purchaseCost.jsp?claimName=testmarket" "Mozilla/5.0 (X11; Linux x86_64; rv:10.0.1) Gecko/20100101 Firefox/10.0.1"
0:0:0:0:0:0:0:1 -  -  [08/Apr/2012:10:11:04 +0000] "GET /images/Logo/Team/mi.jpg HTTP/1.1" 200 3197 "http://localhost:30020/purchaseCost.jsp?claimName=testmarket" "Mozilla/5.0 (X11; Linux x86_64; rv:10.0.1) Gecko/20100101 Firefox/10.0.1"
0:0:0:0:0:0:0:1 -  -  [08/Apr/2012:10:11:04 +0000] "GET /images/Logo/Team/rcb.jpg HTTP/1.1" 200 3975 "http://localhost:30020/purchaseCost.jsp?claimName=testmarket" "Mozilla/5.0 (X11; Linux x86_64; rv:10.0.1) Gecko/20100101 Firefox/10.0.1"
0:0:0:0:0:0:0:1 -  -  [08/Apr/2012:10:11:04 +0000] "GET /images/Logo/Team/rr.jpg HTTP/1.1" 200 3673 "http://localhost:30020/purchaseCost.jsp?claimName=testmarket" "Mozilla/5.0 (X11; Linux x86_64; rv:10.0.1) Gecko/20100101 Firefox/10.0.1"
0:0:0:0:0:0:0:1 -  -  [08/Apr/2012:10:11:04 +0000] "GET /images/Logo/Team/deccan.jpg HTTP/1.1" 200 4519 "http://localhost:30020/purchaseCost.jsp?claimName=testmarket" "Mozilla/5.0 (X11; Linux x86_64; rv:10.0.1) Gecko/20100101 Firefox/10.0.1"
0:0:0:0:0:0:0:1 -  -  [08/Apr/2012:10:11:04 +0000] "GET /charts/testmarket-p.png HTTP/1.1" 304 0 "http://localhost:30020/purchaseCost.jsp?claimName=testmarket" "Mozilla/5.0 (X11; Linux x86_64; rv:10.0.1) Gecko/20100101 Firefox/10.0.1"
0:0:0:0:0:0:0:1 -  -  [08/Apr/2012:10:11:04 +0000] "POST /cometd HTTP/1.1" 200 297 "http://localhost:30020/purchaseCost.jsp?claimName=testmarket" "Mozilla/5.0 (X11; Linux x86_64; rv:10.0.1) Gecko/20100101 Firefox/10.0.1"
0:0:0:0:0:0:0:1 -  -  [08/Apr/2012:10:11:04 +0000] "GET /charts/testmarket-p.png?0.5531069494662574 HTTP/1.1" 200 8189 "http://localhost:30020/purchaseCost.jsp?claimName=testmarket" "Mozilla/5.0 (X11; Linux x86_64; rv:10.0.1) Gecko/20100101 Firefox/10.0.1"
0:0:0:0:0:0:0:1 -  -  [08/Apr/2012:10:11:04 +0000] "POST /cometd HTTP/1.1" 200 123 "http://localhost:30020/purchaseCost.jsp?claimName=testmarket" "Mozilla/5.0 (X11; Linux x86_64; rv:10.0.1) Gecko/20100101 Firefox/10.0.1"
0:0:0:0:0:0:0:1 -  -  [08/Apr/2012:10:11:04 +0000] "POST /cometd HTTP/1.1" 200 286 "http://localhost:30020/purchaseCost.jsp?claimName=testmarket" "Mozilla/5.0 (X11; Linux x86_64; rv:10.0.1) Gecko/20100101 Firefox/10.0.1"
0:0:0:0:0:0:0:1 -  -  [08/Apr/2012:10:11:17 +0000] "POST /cometd HTTP/1.1" 200 65 "http://localhost:30020/purchaseCost.jsp?claimName=testmarket" "Mozilla/5.0 (X11; Linux x86_64; rv:10.0.1) Gecko/20100101 Firefox/10.0.1"
0:0:0:0:0:0:0:1 -  -  [08/Apr/2012:10:11:17 +0000] "POST /cometd HTTP/1.1" 200 62 "http://localhost:30020/purchaseCost.jsp?claimName=testmarket" "Mozilla/5.0 (X11; Linux x86_64; rv:10.0.1) Gecko/20100101 Firefox/10.0.1"
0:0:0:0:0:0:0:1 -  -  [08/Apr/2012:10:11:17 +0000] "POST /Welcome.jsp HTTP/1.1" 200 1820 "http://localhost:30020/purchaseCost.jsp?claimName=testmarket" "Mozilla/5.0 (X11; Linux x86_64; rv:10.0.1) Gecko/20100101 Firefox/10.0.1"
0:0:0:0:0:0:0:1 -  -  [08/Apr/2012:10:11:17 +0000] "GET /images/Logo/mainlogo.gif HTTP/1.1" 304 0 "http://localhost:30020/Welcome.jsp" "Mozilla/5.0 (X11; Linux x86_64; rv:10.0.1) Gecko/20100101 Firefox/10.0.1"
0:0:0:0:0:0:0:1 -  -  [08/Apr/2012:10:11:17 +0000] "GET /images/Logo/csk2011.jpg HTTP/1.1" 304 0 "http://localhost:30020/Welcome.jsp" "Mozilla/5.0 (X11; Linux x86_64; rv:10.0.1) Gecko/20100101 Firefox/10.0.1"
