03/11 03:08:31.531/IST   WARN - Session Config - 2# no announce.new.markets property found in initialization file; defaulting to false
03/11 03:08:31.542/IST   WARN -       Config - Using Cost Limit Purchase pages
03/11 03:08:31.645/IST   INFO -        trace -    creating AllMarkets
03/11 03:08:33.304/IST  ERROR - SchemaUpdate - could not get database metadata
com.mysql.jdbc.exceptions.jdbc4.MySQLSyntaxErrorException: Unknown table 'system_sequences' in information_schema
	at sun.reflect.NativeConstructorAccessorImpl.newInstance0(Native Method)
	at sun.reflect.NativeConstructorAccessorImpl.newInstance(NativeConstructorAccessorImpl.java:62)
	at sun.reflect.DelegatingConstructorAccessorImpl.newInstance(DelegatingConstructorAccessorImpl.java:45)
	at java.lang.reflect.Constructor.newInstance(Constructor.java:408)
	at com.mysql.jdbc.Util.handleNewInstance(Util.java:411)
	at com.mysql.jdbc.Util.getInstance(Util.java:386)
	at com.mysql.jdbc.SQLError.createSQLException(SQLError.java:1052)
	at com.mysql.jdbc.MysqlIO.checkErrorPacket(MysqlIO.java:3609)
	at com.mysql.jdbc.MysqlIO.checkErrorPacket(MysqlIO.java:3541)
	at com.mysql.jdbc.MysqlIO.sendCommand(MysqlIO.java:2002)
	at com.mysql.jdbc.MysqlIO.sqlQueryDirect(MysqlIO.java:2163)
	at com.mysql.jdbc.ConnectionImpl.execSQL(ConnectionImpl.java:2618)
	at com.mysql.jdbc.ConnectionImpl.execSQL(ConnectionImpl.java:2568)
	at com.mysql.jdbc.StatementImpl.executeQuery(StatementImpl.java:1557)
	at org.hibernate.tool.hbm2ddl.DatabaseMetadata.initSequences(DatabaseMetadata.java:113)
	at org.hibernate.tool.hbm2ddl.DatabaseMetadata.<init>(DatabaseMetadata.java:39)
	at org.hibernate.tool.hbm2ddl.SchemaUpdate.execute(SchemaUpdate.java:124)
	at org.hibernate.impl.SessionFactoryImpl.<init>(SessionFactoryImpl.java:265)
	at org.hibernate.cfg.Configuration.buildSessionFactory(Configuration.java:1005)
	at net.commerce.zocalo.hibernate.HibernateUtil.initializeSessionFactory(HibernateUtil.java:51)
	at net.commerce.zocalo.service.AllMarkets.initializeDB(AllMarkets.java:116)
	at net.commerce.zocalo.service.AllMarkets.configure(AllMarkets.java:95)
	at net.commerce.zocalo.service.AllMarkets.<init>(AllMarkets.java:87)
	at net.commerce.zocalo.service.AllMarkets.main(AllMarkets.java:43)
03/11 03:08:33.306/IST  ERROR - SchemaUpdate - could not complete schema update
com.mysql.jdbc.exceptions.jdbc4.MySQLSyntaxErrorException: Unknown table 'system_sequences' in information_schema
	at sun.reflect.NativeConstructorAccessorImpl.newInstance0(Native Method)
	at sun.reflect.NativeConstructorAccessorImpl.newInstance(NativeConstructorAccessorImpl.java:62)
	at sun.reflect.DelegatingConstructorAccessorImpl.newInstance(DelegatingConstructorAccessorImpl.java:45)
	at java.lang.reflect.Constructor.newInstance(Constructor.java:408)
	at com.mysql.jdbc.Util.handleNewInstance(Util.java:411)
	at com.mysql.jdbc.Util.getInstance(Util.java:386)
	at com.mysql.jdbc.SQLError.createSQLException(SQLError.java:1052)
	at com.mysql.jdbc.MysqlIO.checkErrorPacket(MysqlIO.java:3609)
	at com.mysql.jdbc.MysqlIO.checkErrorPacket(MysqlIO.java:3541)
	at com.mysql.jdbc.MysqlIO.sendCommand(MysqlIO.java:2002)
	at com.mysql.jdbc.MysqlIO.sqlQueryDirect(MysqlIO.java:2163)
	at com.mysql.jdbc.ConnectionImpl.execSQL(ConnectionImpl.java:2618)
	at com.mysql.jdbc.ConnectionImpl.execSQL(ConnectionImpl.java:2568)
	at com.mysql.jdbc.StatementImpl.executeQuery(StatementImpl.java:1557)
	at org.hibernate.tool.hbm2ddl.DatabaseMetadata.initSequences(DatabaseMetadata.java:113)
	at org.hibernate.tool.hbm2ddl.DatabaseMetadata.<init>(DatabaseMetadata.java:39)
	at org.hibernate.tool.hbm2ddl.SchemaUpdate.execute(SchemaUpdate.java:124)
	at org.hibernate.impl.SessionFactoryImpl.<init>(SessionFactoryImpl.java:265)
	at org.hibernate.cfg.Configuration.buildSessionFactory(Configuration.java:1005)
	at net.commerce.zocalo.hibernate.HibernateUtil.initializeSessionFactory(HibernateUtil.java:51)
	at net.commerce.zocalo.service.AllMarkets.initializeDB(AllMarkets.java:116)
	at net.commerce.zocalo.service.AllMarkets.configure(AllMarkets.java:95)
	at net.commerce.zocalo.service.AllMarkets.<init>(AllMarkets.java:87)
	at net.commerce.zocalo.service.AllMarkets.main(AllMarkets.java:43)
03/11 03:08:33.447/IST   INFO -   AllMarkets -  opened port '30020'.  Browse to                    http://<<yourhost>>:30020/Welcome.jsp
03/11 03:08:33.447/IST   WARN - Session Config - 34# no RPC.server.enable property found in initialization file; defaulting to false
