03/13 06:39:28.712/IST   WARN - Session Config - 2# no announce.new.markets property found in initialization file; defaulting to false
03/13 06:39:28.717/IST   WARN -       Config - Using Cost Limit Purchase pages
03/13 06:39:28.717/IST   INFO -   AllMarkets - version = 1
03/13 06:39:28.796/IST   INFO -        trace -    creating AllMarkets
03/13 06:39:29.650/IST   WARN - Configurator - No configuration found. Configuring ehcache from ehcache-failsafe.xml found in the classpath: jar:file:/mnt/SOLIDSTATE/predictionmarket2015/zocalo/zocalo_PRODUCTION_ENV/jars/ehcache-1.1.jar!/ehcache-failsafe.xml
03/13 06:39:30.577/IST   INFO -   AllMarkets -  opened port '30020'.  Browse to                    http://<<yourhost>>:30020/Welcome.jsp
03/13 06:39:30.577/IST   WARN - Session Config - 34# no RPC.server.enable property found in initialization file; defaulting to false
03/13 06:39:53.818/IST   WARN -    UserError - 35# told User(logging in) "Please type an account name and password".
03/13 06:40:15.866/IST   WARN -    UserError - 36# told User(logging in) "<font color=red size=5><b>We've sent you a confirmation email. To activate your account, please follow the instructions in the email.</b></font>".
03/13 06:40:39.123/IST   WARN -    UserError - 37# told User(logging in) "Congratulations test3! You're now done. Now Jump in!".
03/13 06:40:39.128/IST   WARN -    UserError - 38# told User(logging in) "Please type an account name and password".
03/13 06:40:39.941/IST   WARN -    UserError - 39# told User(logging in) "Please type an account name and password".
03/13 06:40:50.315/IST   WARN -    UserError - 40# told User(logging in) "Congratulations test3! You're now done. Now Jump in!".
03/13 06:40:50.354/IST   WARN -    UserError - 41# told User(logging in) "Please type an account name and password".
03/13 06:41:13.407/IST  DEBUG -      Trading - rohithdv wants to buy Zimbabwe with limit of 25 @ 77.
03/13 06:41:13.417/IST   WARN -   CouponBank - CouponBank received 0 instead of 29.4986058 in printNewCouponSets().
03/13 06:41:13.418/IST   INFO -  PriceAction - 54# rohithdv traded with the market maker for 29.499 of India vs Zimbabwe:Zimbabwe changing the price from 30.23 to 77
03/13 06:41:13.420/IST   INFO -  PriceAction - 55# rohithdv traded with the market maker for 0 of India vs Zimbabwe:India changing the price from 69.77 to 23
03/13 06:41:13.421/IST   INFO -  PriceChange - prices in market 'India vs Zimbabwe' changed.  India vs Zimbabwe:Zimbabwe: 77, India vs Zimbabwe:India: 23
03/13 06:41:13.422/IST   WARN -    UserError - 56# told rohithdv "Bought 29.499 shares of the team.".
03/13 06:41:13.653/IST   INFO -     NewChart - The chart for India vs Zimbabwe has been updated.
03/13 06:41:15.096/IST  DEBUG -      Trading - test3 wants to sell Zimbabwe with limit of 25 @ 20.
03/13 06:41:15.105/IST   INFO -  PriceAction - 155# test3 traded with the market maker for -37.432 of India vs Zimbabwe:Zimbabwe changing the price from 77 to 20
03/13 06:41:15.106/IST   INFO -  PriceAction - 156# test3 traded with the market maker for 0 of India vs Zimbabwe:India changing the price from 23 to 80
03/13 06:41:15.172/IST   INFO -     NewChart - The chart for India vs Zimbabwe has been updated.
03/13 06:41:15.172/IST   INFO -  PriceChange - prices in market 'India vs Zimbabwe' changed.  India vs Zimbabwe:Zimbabwe: 20, India vs Zimbabwe:India: 80
03/13 06:41:15.173/IST   WARN -    UserError - 157# told test3 "Sold 37.432 shares of the team.".
03/13 06:41:15.255/IST   INFO -     NewChart - The chart for India vs Zimbabwe has been updated.
03/13 06:41:17.060/IST   WARN -    UserError - 158# told rohithdv "the price is already higher than you requested.".
03/13 06:41:17.128/IST   INFO -     NewChart - The chart for India vs Zimbabwe has been updated.
03/13 06:41:21.601/IST  DEBUG -      Trading - test3 wants to buy Zimbabwe with limit of 25 @ 20.
03/13 06:41:22.684/IST  DEBUG -      Trading - rohithdv wants to buy Zimbabwe with limit of 25 @ 77.
03/13 06:41:22.694/IST   INFO -  PriceAction - 175# rohithdv traded with the market maker for 37.432 of India vs Zimbabwe:Zimbabwe changing the price from 20 to 77
03/13 06:41:22.695/IST   INFO -  PriceAction - 176# rohithdv traded with the market maker for 0 of India vs Zimbabwe:India changing the price from 80 to 23
03/13 06:41:22.753/IST   INFO -     NewChart - The chart for India vs Zimbabwe has been updated.
03/13 06:41:22.753/IST   INFO -  PriceChange - prices in market 'India vs Zimbabwe' changed.  India vs Zimbabwe:Zimbabwe: 77, India vs Zimbabwe:India: 23
03/13 06:41:22.754/IST   WARN -    UserError - 177# told rohithdv "Bought 37.432 shares of the team.".
03/13 06:41:22.827/IST   INFO -     NewChart - The chart for India vs Zimbabwe has been updated.
03/13 06:41:26.971/IST  DEBUG -      Trading - test3 wants to liquidate India
03/13 06:41:26.982/IST   INFO -  PriceAction - 192# test3 traded with the market maker for -37.432 of India vs Zimbabwe:India changing the price from 23 to 2.18
03/13 06:41:26.983/IST   INFO -  PriceAction - 193# test3 traded with the market maker for 0 of India vs Zimbabwe:Zimbabwe changing the price from 77 to 97.82
03/13 06:41:27.040/IST   INFO -     NewChart - The chart for India vs Zimbabwe has been updated.
03/13 06:41:27.041/IST   INFO -  PriceChange - prices in market 'India vs Zimbabwe' changed.  India vs Zimbabwe:India: 2, India vs Zimbabwe:Zimbabwe: 98
03/13 06:41:27.095/IST   INFO -     NewChart - The chart for India vs Zimbabwe has been updated.
03/13 06:41:27.096/IST   WARN -    UserError - 194# told test3 "Sold 37.432".
03/13 06:41:27.374/IST  DEBUG -      Trading - rohithdv wants to liquidate Zimbabwe
03/13 06:41:27.384/IST   INFO -  PriceAction - 197# rohithdv traded with the market maker for -66.93 of India vs Zimbabwe:Zimbabwe changing the price from 97.82 to 30.25
03/13 06:41:27.385/IST   INFO -  PriceAction - 198# rohithdv traded with the market maker for 0 of India vs Zimbabwe:India changing the price from 2.18 to 69.75
03/13 06:41:27.441/IST   INFO -     NewChart - The chart for India vs Zimbabwe has been updated.
03/13 06:41:27.442/IST   INFO -  PriceChange - prices in market 'India vs Zimbabwe' changed.  India vs Zimbabwe:Zimbabwe: 30, India vs Zimbabwe:India: 70
03/13 06:41:27.496/IST   INFO -     NewChart - The chart for India vs Zimbabwe has been updated.
03/13 06:41:27.497/IST   WARN -    UserError - 199# told rohithdv "Sold 66.930".
03/13 06:41:43.843/IST  DEBUG -      Trading - test3 wants to sell Zimbabwe with limit of 25 @ 25.
03/13 06:41:43.850/IST   INFO -  PriceAction - 252# test3 traded with the market maker for 0 of India vs Zimbabwe:India changing the price from 69.75 to 75
03/13 06:41:43.851/IST   INFO -  PriceAction - 253# test3 traded with the market maker for -3.797 of India vs Zimbabwe:Zimbabwe changing the price from 30.25 to 25
03/13 06:41:43.909/IST   INFO -     NewChart - The chart for India vs Zimbabwe has been updated.
03/13 06:41:43.910/IST   INFO -  PriceChange - prices in market 'India vs Zimbabwe' changed.  India vs Zimbabwe:India: 75, India vs Zimbabwe:Zimbabwe: 25
03/13 06:41:43.910/IST   WARN -    UserError - 254# told test3 "Sold 3.797 shares of the team.".
03/13 06:41:43.994/IST   INFO -     NewChart - The chart for India vs Zimbabwe has been updated.
03/13 06:41:46.595/IST   INFO -     NewChart - The chart for India vs Zimbabwe has been updated.
03/13 06:41:48.213/IST  DEBUG -      Trading - test3 wants to liquidate India
03/13 06:41:48.220/IST   INFO -  PriceAction - 277# test3 traded with the market maker for -3.797 of India vs Zimbabwe:India changing the price from 75 to 69.75
03/13 06:41:48.221/IST   INFO -  PriceAction - 278# test3 traded with the market maker for 0 of India vs Zimbabwe:Zimbabwe changing the price from 25 to 30.25
03/13 06:41:48.280/IST   INFO -     NewChart - The chart for India vs Zimbabwe has been updated.
03/13 06:41:48.280/IST   INFO -  PriceChange - prices in market 'India vs Zimbabwe' changed.  India vs Zimbabwe:India: 70, India vs Zimbabwe:Zimbabwe: 30
03/13 06:41:48.332/IST   INFO -     NewChart - The chart for India vs Zimbabwe has been updated.
03/13 06:41:48.332/IST   WARN -    UserError - 279# told test3 "Sold 3.797".
03/13 06:41:55.980/IST  DEBUG -      Trading - test3 wants to buy Zimbabwe with limit of 25 @ 50.
03/13 06:41:55.987/IST   INFO -  PriceAction - 286# test3 traded with the market maker for 12.053 of India vs Zimbabwe:Zimbabwe changing the price from 30.25 to 50
03/13 06:41:55.988/IST   INFO -  PriceAction - 287# test3 traded with the market maker for 0 of India vs Zimbabwe:India changing the price from 69.75 to 50
03/13 06:41:56.040/IST   INFO -     NewChart - The chart for India vs Zimbabwe has been updated.
03/13 06:41:56.040/IST   INFO -  PriceChange - prices in market 'India vs Zimbabwe' changed.  India vs Zimbabwe:Zimbabwe: 50, India vs Zimbabwe:India: 50
03/13 06:41:56.041/IST   WARN -    UserError - 288# told test3 "Bought 12.053 shares of the team.".
03/13 06:41:56.107/IST   INFO -     NewChart - The chart for India vs Zimbabwe has been updated.
03/13 06:42:00.606/IST  DEBUG -      Trading - test3 wants to liquidate Zimbabwe
03/13 06:42:00.613/IST   INFO -  PriceAction - 315# test3 traded with the market maker for -12.053 of India vs Zimbabwe:Zimbabwe changing the price from 50 to 30.25
03/13 06:42:00.614/IST   INFO -  PriceAction - 316# test3 traded with the market maker for 0 of India vs Zimbabwe:India changing the price from 50 to 69.75
03/13 06:42:00.664/IST   INFO -     NewChart - The chart for India vs Zimbabwe has been updated.
03/13 06:42:00.665/IST   INFO -  PriceChange - prices in market 'India vs Zimbabwe' changed.  India vs Zimbabwe:Zimbabwe: 30, India vs Zimbabwe:India: 70
03/13 06:42:00.715/IST   INFO -     NewChart - The chart for India vs Zimbabwe has been updated.
03/13 06:42:00.715/IST   WARN -    UserError - 317# told test3 "Sold 12.053".
03/13 06:42:07.712/IST  DEBUG -      Trading - test3 wants to liquidate Zimbabwe
03/13 06:42:07.720/IST   INFO -  PriceAction - 328# test3 traded with the market maker for -12.054 of India vs Zimbabwe:Zimbabwe changing the price from 30.25 to 15.83
03/13 06:42:07.720/IST   INFO -  PriceAction - 329# test3 traded with the market maker for 0 of India vs Zimbabwe:India changing the price from 69.75 to 84.17
03/13 06:42:07.771/IST   INFO -     NewChart - The chart for India vs Zimbabwe has been updated.
03/13 06:42:07.771/IST   INFO -  PriceChange - prices in market 'India vs Zimbabwe' changed.  India vs Zimbabwe:Zimbabwe: 16, India vs Zimbabwe:India: 84
03/13 06:42:07.821/IST   INFO -     NewChart - The chart for India vs Zimbabwe has been updated.
03/13 06:42:07.821/IST   WARN -    UserError - 330# told test3 "Sold 12.054".
03/13 06:42:13.415/IST  DEBUG -      Trading - test3 wants to liquidate Zimbabwe
03/13 06:42:13.426/IST   INFO -  PriceAction - 343# test3 traded with the market maker for -12.051 of India vs Zimbabwe:Zimbabwe changing the price from 15.83 to 7.54
03/13 06:42:13.426/IST   INFO -  PriceAction - 344# test3 traded with the market maker for 0 of India vs Zimbabwe:India changing the price from 84.17 to 92.46
03/13 06:42:13.474/IST   INFO -     NewChart - The chart for India vs Zimbabwe has been updated.
03/13 06:42:13.474/IST   INFO -  PriceChange - prices in market 'India vs Zimbabwe' changed.  India vs Zimbabwe:Zimbabwe: 8, India vs Zimbabwe:India: 92
03/13 06:42:13.522/IST   INFO -     NewChart - The chart for India vs Zimbabwe has been updated.
03/13 06:42:13.522/IST   WARN -    UserError - 345# told test3 "Sold 12.051".
