03/10 11:21:43.787/IST   WARN - Session Config - 2# no announce.new.markets property found in initialization file; defaulting to false
03/10 11:21:43.792/IST   WARN -       Config - Using Cost Limit Purchase pages
03/10 11:21:43.894/IST   INFO -        trace -    creating AllMarkets
03/10 11:21:45.542/IST  ERROR - SchemaUpdate - could not get database metadata
java.sql.SQLException: No suitable driver found for jdbc:mysql://localhost:3306/zdb?user=root&password=cuberoot&zdb
	at java.sql.DriverManager.getConnection(DriverManager.java:689)
	at java.sql.DriverManager.getConnection(DriverManager.java:208)
	at org.hibernate.connection.DriverManagerConnectionProvider.getConnection(DriverManagerConnectionProvider.java:110)
	at org.hibernate.tool.hbm2ddl.SchemaUpdate.execute(SchemaUpdate.java:118)
	at org.hibernate.impl.SessionFactoryImpl.<init>(SessionFactoryImpl.java:265)
	at org.hibernate.cfg.Configuration.buildSessionFactory(Configuration.java:1005)
	at net.commerce.zocalo.hibernate.HibernateUtil.initializeSessionFactory(HibernateUtil.java:51)
	at net.commerce.zocalo.service.AllMarkets.initializeDB(AllMarkets.java:116)
	at net.commerce.zocalo.service.AllMarkets.configure(AllMarkets.java:95)
	at net.commerce.zocalo.service.AllMarkets.<init>(AllMarkets.java:87)
	at net.commerce.zocalo.service.AllMarkets.main(AllMarkets.java:43)
03/10 11:21:45.547/IST  ERROR - SchemaUpdate - could not complete schema update
java.sql.SQLException: No suitable driver found for jdbc:mysql://localhost:3306/zdb?user=root&password=cuberoot&zdb
	at java.sql.DriverManager.getConnection(DriverManager.java:689)
	at java.sql.DriverManager.getConnection(DriverManager.java:208)
	at org.hibernate.connection.DriverManagerConnectionProvider.getConnection(DriverManagerConnectionProvider.java:110)
	at org.hibernate.tool.hbm2ddl.SchemaUpdate.execute(SchemaUpdate.java:118)
	at org.hibernate.impl.SessionFactoryImpl.<init>(SessionFactoryImpl.java:265)
	at org.hibernate.cfg.Configuration.buildSessionFactory(Configuration.java:1005)
	at net.commerce.zocalo.hibernate.HibernateUtil.initializeSessionFactory(HibernateUtil.java:51)
	at net.commerce.zocalo.service.AllMarkets.initializeDB(AllMarkets.java:116)
	at net.commerce.zocalo.service.AllMarkets.configure(AllMarkets.java:95)
	at net.commerce.zocalo.service.AllMarkets.<init>(AllMarkets.java:87)
	at net.commerce.zocalo.service.AllMarkets.main(AllMarkets.java:43)
03/10 11:21:45.687/IST  ERROR - JDBCExceptionReporter - No suitable driver found for jdbc:mysql://localhost:3306/zdb?user=root&password=cuberoot&zdb
