03/13 04:55:00.721/IST   WARN - Session Config - 2# no announce.new.markets property found in initialization file; defaulting to false
03/13 04:55:00.726/IST   WARN -       Config - Using Cost Limit Purchase pages
03/13 04:55:00.726/IST   INFO -   AllMarkets - version = 1
03/13 04:55:00.807/IST   INFO -        trace -    creating AllMarkets
03/13 04:55:01.640/IST   WARN - Configurator - No configuration found. Configuring ehcache from ehcache-failsafe.xml found in the classpath: jar:file:/mnt/SOLIDSTATE/predictionmarket2015/zocalo/zocalo_PRODUCTION_ENV/jars/ehcache-1.1.jar!/ehcache-failsafe.xml
03/13 04:55:02.532/IST   INFO -   AllMarkets -  opened port '30020'.  Browse to                    http://<<yourhost>>:30020/Welcome.jsp
03/13 04:55:02.532/IST   WARN - Session Config - 34# no RPC.server.enable property found in initialization file; defaulting to false
03/13 04:55:15.283/IST   WARN -    UserError - 35# told User(logging in) "Please type an account name and password".
03/13 04:55:15.723/IST   WARN -    UserError - 36# told User(logging in) "Please type an account name and password".
03/13 04:55:22.377/IST   WARN -    UserError - 37# told User(logging in) "unknown account or password".
03/13 04:56:08.036/IST   WARN -    UserError - 38# told User(logging in) "<font color=red size=5><b>We've sent you a confirmation email. To activate your account, please follow the instructions in the email.</b></font>".
03/13 04:56:56.586/IST   WARN -    UserError - 39# told User(logging in) "Congratulations mauka! You're now done. Now Jump in!".
03/13 04:56:56.633/IST   WARN -    UserError - 40# told User(logging in) "Please type an account name and password".
03/13 04:57:04.100/IST   WARN -    UserError - 41# told User(logging in) "unknown account or password".
03/13 04:57:14.251/IST   WARN -    UserError - 42# told User(logging in) "unknown account or password".
03/13 04:57:30.505/IST   WARN -    UserError - 43# told User(logging in) "Please type an account name and password".
03/13 04:57:40.045/IST   WARN -    UserError - 44# told User(logging in) "unknown account or password".
03/13 04:57:47.393/IST   WARN -    UserError - 45# told User(logging in) "Added Admin Credentials.  Login to an account to trade or create markets.".
03/13 04:57:53.616/IST   WARN -    UserError - 46# told User(logging in) "unknown account or password".
03/13 04:58:02.462/IST   WARN -    UserError - 47# told mauka "Please specify a name for the market.".
03/13 05:00:47.801/IST   INFO -   Transition - 48# State transition: new Multi Market, round: 0.
03/13 05:00:47.803/IST   INFO -  PriceAction - 49# mauka traded with the market maker for 0 of India vs Zimbabwe:India at 50
03/13 05:00:47.804/IST   INFO -  PriceAction - 50# mauka traded with the market maker for 0 of India vs Zimbabwe:Zimbabwe at 50
03/13 05:00:47.820/IST  ERROR - JDBCExceptionReporter - Duplicate entry '1' for key 'market'
03/13 05:00:47.822/IST  ERROR - AbstractFlushingEventListener - Could not synchronize database state with session
org.hibernate.exception.ConstraintViolationException: Could not execute JDBC batch update
	at org.hibernate.exception.ErrorCodeConverter.convert(ErrorCodeConverter.java:74)
	at org.hibernate.exception.JDBCExceptionHelper.convert(JDBCExceptionHelper.java:43)
	at org.hibernate.jdbc.AbstractBatcher.executeBatch(AbstractBatcher.java:181)
	at org.hibernate.engine.ActionQueue.executeActions(ActionQueue.java:226)
	at org.hibernate.engine.ActionQueue.executeActions(ActionQueue.java:136)
	at org.hibernate.event.def.AbstractFlushingEventListener.performExecutions(AbstractFlushingEventListener.java:274)
	at org.hibernate.event.def.DefaultFlushEventListener.onFlush(DefaultFlushEventListener.java:27)
	at org.hibernate.impl.SessionImpl.flush(SessionImpl.java:730)
	at org.hibernate.impl.SessionImpl.managedFlush(SessionImpl.java:324)
	at org.hibernate.transaction.JDBCTransaction.commit(JDBCTransaction.java:86)
	at net.commerce.zocalo.JspSupport.ReloadablePage.commitTransaction(ReloadablePage.java:104)
	at org.apache.jsp.createMarkets_jsp._jspService(createMarkets_jsp.java:73)
	at org.apache.jasper.runtime.HttpJspBase.service(HttpJspBase.java:93)
	at javax.servlet.http.HttpServlet.service(HttpServlet.java:820)
	at org.mortbay.jetty.servlet.ServletHolder.handle(ServletHolder.java:487)
	at org.mortbay.jetty.servlet.ServletHandler.handle(ServletHandler.java:362)
	at org.mortbay.jetty.servlet.SessionHandler.handle(SessionHandler.java:181)
	at org.mortbay.jetty.handler.ContextHandler.handle(ContextHandler.java:729)
	at org.mortbay.jetty.handler.ContextHandlerCollection.handle(ContextHandlerCollection.java:206)
	at org.mortbay.jetty.handler.HandlerCollection.handle(HandlerCollection.java:114)
	at org.mortbay.jetty.handler.HandlerWrapper.handle(HandlerWrapper.java:152)
	at net.commerce.zocalo.service.ServletUtil$1.handle(ServletUtil.java:128)
	at org.mortbay.jetty.handler.HandlerWrapper.handle(HandlerWrapper.java:152)
	at org.mortbay.jetty.Server.handle(Server.java:324)
	at org.mortbay.jetty.HttpConnection.handleRequest(HttpConnection.java:505)
	at org.mortbay.jetty.HttpConnection$RequestHandler.content(HttpConnection.java:843)
	at org.mortbay.jetty.HttpParser.parseNext(HttpParser.java:647)
	at org.mortbay.jetty.HttpParser.parseAvailable(HttpParser.java:205)
	at org.mortbay.jetty.HttpConnection.handle(HttpConnection.java:380)
	at org.mortbay.io.nio.SelectChannelEndPoint.run(SelectChannelEndPoint.java:395)
	at org.mortbay.thread.QueuedThreadPool$PoolThread.run(QueuedThreadPool.java:488)
Caused by: java.sql.BatchUpdateException: Duplicate entry '1' for key 'market'
	at com.mysql.jdbc.PreparedStatement.executeBatchSerially(PreparedStatement.java:2028)
	at com.mysql.jdbc.PreparedStatement.executeBatch(PreparedStatement.java:1451)
	at org.hibernate.jdbc.BatchingBatcher.doExecuteBatch(BatchingBatcher.java:57)
	at org.hibernate.jdbc.AbstractBatcher.executeBatch(AbstractBatcher.java:174)
	... 28 more
Caused by: com.mysql.jdbc.exceptions.jdbc4.MySQLIntegrityConstraintViolationException: Duplicate entry '1' for key 'market'
	at sun.reflect.NativeConstructorAccessorImpl.newInstance0(Native Method)
	at sun.reflect.NativeConstructorAccessorImpl.newInstance(NativeConstructorAccessorImpl.java:57)
	at sun.reflect.DelegatingConstructorAccessorImpl.newInstance(DelegatingConstructorAccessorImpl.java:45)
	at java.lang.reflect.Constructor.newInstance(Constructor.java:525)
	at com.mysql.jdbc.Util.handleNewInstance(Util.java:411)
	at com.mysql.jdbc.Util.getInstance(Util.java:386)
	at com.mysql.jdbc.SQLError.createSQLException(SQLError.java:1039)
	at com.mysql.jdbc.MysqlIO.checkErrorPacket(MysqlIO.java:3609)
	at com.mysql.jdbc.MysqlIO.checkErrorPacket(MysqlIO.java:3541)
	at com.mysql.jdbc.MysqlIO.sendCommand(MysqlIO.java:2002)
	at com.mysql.jdbc.MysqlIO.sqlQueryDirect(MysqlIO.java:2163)
	at com.mysql.jdbc.ConnectionImpl.execSQL(ConnectionImpl.java:2624)
	at com.mysql.jdbc.PreparedStatement.executeInternal(PreparedStatement.java:2127)
	at com.mysql.jdbc.PreparedStatement.executeUpdate(PreparedStatement.java:2427)
	at com.mysql.jdbc.PreparedStatement.executeBatchSerially(PreparedStatement.java:1980)
	... 31 more
03/13 05:00:47.848/IST  ERROR - HibernateUtil - org.hibernate.exception.ConstraintViolationException: Could not execute JDBC batch update
03/13 05:00:47.849/IST   WARN -    UserError - 51# told mauka "Problems processing request; please try again.".
03/13 05:00:52.211/IST   INFO -   Transition - 52# State transition: new Multi Market, round: 0.
03/13 05:00:52.212/IST   INFO -  PriceAction - 53# mauka traded with the market maker for 0 of India vs Zimbabwe:India at 50
03/13 05:00:52.213/IST   INFO -  PriceAction - 54# mauka traded with the market maker for 0 of India vs Zimbabwe:Zimbabwe at 50
03/13 05:00:52.219/IST  ERROR - JDBCExceptionReporter - Duplicate entry '3' for key 'accounts'
03/13 05:00:52.219/IST  ERROR - AbstractFlushingEventListener - Could not synchronize database state with session
org.hibernate.exception.ConstraintViolationException: Could not execute JDBC batch update
	at org.hibernate.exception.ErrorCodeConverter.convert(ErrorCodeConverter.java:74)
	at org.hibernate.exception.JDBCExceptionHelper.convert(JDBCExceptionHelper.java:43)
	at org.hibernate.jdbc.AbstractBatcher.executeBatch(AbstractBatcher.java:181)
	at org.hibernate.engine.ActionQueue.executeActions(ActionQueue.java:226)
	at org.hibernate.engine.ActionQueue.executeActions(ActionQueue.java:136)
	at org.hibernate.event.def.AbstractFlushingEventListener.performExecutions(AbstractFlushingEventListener.java:274)
	at org.hibernate.event.def.DefaultFlushEventListener.onFlush(DefaultFlushEventListener.java:27)
	at org.hibernate.impl.SessionImpl.flush(SessionImpl.java:730)
	at org.hibernate.impl.SessionImpl.managedFlush(SessionImpl.java:324)
	at org.hibernate.transaction.JDBCTransaction.commit(JDBCTransaction.java:86)
	at net.commerce.zocalo.JspSupport.ReloadablePage.commitTransaction(ReloadablePage.java:104)
	at org.apache.jsp.createMarkets_jsp._jspService(createMarkets_jsp.java:73)
	at org.apache.jasper.runtime.HttpJspBase.service(HttpJspBase.java:93)
	at javax.servlet.http.HttpServlet.service(HttpServlet.java:820)
	at org.mortbay.jetty.servlet.ServletHolder.handle(ServletHolder.java:487)
	at org.mortbay.jetty.servlet.ServletHandler.handle(ServletHandler.java:362)
	at org.mortbay.jetty.servlet.SessionHandler.handle(SessionHandler.java:181)
	at org.mortbay.jetty.handler.ContextHandler.handle(ContextHandler.java:729)
	at org.mortbay.jetty.handler.ContextHandlerCollection.handle(ContextHandlerCollection.java:206)
	at org.mortbay.jetty.handler.HandlerCollection.handle(HandlerCollection.java:114)
	at org.mortbay.jetty.handler.HandlerWrapper.handle(HandlerWrapper.java:152)
	at net.commerce.zocalo.service.ServletUtil$1.handle(ServletUtil.java:128)
	at org.mortbay.jetty.handler.HandlerWrapper.handle(HandlerWrapper.java:152)
	at org.mortbay.jetty.Server.handle(Server.java:324)
	at org.mortbay.jetty.HttpConnection.handleRequest(HttpConnection.java:505)
	at org.mortbay.jetty.HttpConnection$RequestHandler.content(HttpConnection.java:843)
	at org.mortbay.jetty.HttpParser.parseNext(HttpParser.java:647)
	at org.mortbay.jetty.HttpParser.parseAvailable(HttpParser.java:205)
	at org.mortbay.jetty.HttpConnection.handle(HttpConnection.java:380)
	at org.mortbay.io.nio.SelectChannelEndPoint.run(SelectChannelEndPoint.java:395)
	at org.mortbay.thread.QueuedThreadPool$PoolThread.run(QueuedThreadPool.java:488)
Caused by: java.sql.BatchUpdateException: Duplicate entry '3' for key 'accounts'
	at com.mysql.jdbc.PreparedStatement.executeBatchSerially(PreparedStatement.java:2028)
	at com.mysql.jdbc.PreparedStatement.executeBatch(PreparedStatement.java:1451)
	at org.hibernate.jdbc.BatchingBatcher.doExecuteBatch(BatchingBatcher.java:57)
	at org.hibernate.jdbc.AbstractBatcher.executeBatch(AbstractBatcher.java:174)
	... 28 more
Caused by: com.mysql.jdbc.exceptions.jdbc4.MySQLIntegrityConstraintViolationException: Duplicate entry '3' for key 'accounts'
	at sun.reflect.NativeConstructorAccessorImpl.newInstance0(Native Method)
	at sun.reflect.NativeConstructorAccessorImpl.newInstance(NativeConstructorAccessorImpl.java:57)
	at sun.reflect.DelegatingConstructorAccessorImpl.newInstance(DelegatingConstructorAccessorImpl.java:45)
	at java.lang.reflect.Constructor.newInstance(Constructor.java:525)
	at com.mysql.jdbc.Util.handleNewInstance(Util.java:411)
	at com.mysql.jdbc.Util.getInstance(Util.java:386)
	at com.mysql.jdbc.SQLError.createSQLException(SQLError.java:1039)
	at com.mysql.jdbc.MysqlIO.checkErrorPacket(MysqlIO.java:3609)
	at com.mysql.jdbc.MysqlIO.checkErrorPacket(MysqlIO.java:3541)
	at com.mysql.jdbc.MysqlIO.sendCommand(MysqlIO.java:2002)
	at com.mysql.jdbc.MysqlIO.sqlQueryDirect(MysqlIO.java:2163)
	at com.mysql.jdbc.ConnectionImpl.execSQL(ConnectionImpl.java:2624)
	at com.mysql.jdbc.PreparedStatement.executeInternal(PreparedStatement.java:2127)
	at com.mysql.jdbc.PreparedStatement.executeUpdate(PreparedStatement.java:2427)
	at com.mysql.jdbc.PreparedStatement.executeBatchSerially(PreparedStatement.java:1980)
	... 31 more
03/13 05:00:52.257/IST  ERROR - HibernateUtil - org.hibernate.exception.ConstraintViolationException: Could not execute JDBC batch update
03/13 05:00:52.258/IST   WARN -    UserError - 55# told mauka "Problems processing request; please try again.".
03/13 05:01:07.459/IST   INFO -   Transition - 56# State transition: new Multi Market, round: 0.
03/13 05:01:07.460/IST   INFO -  PriceAction - 57# mauka traded with the market maker for 0 of India vs Zimbabwe:India at 50
03/13 05:01:07.461/IST   INFO -  PriceAction - 58# mauka traded with the market maker for 0 of India vs Zimbabwe:Zimbabwe at 50
03/13 05:01:19.016/IST   WARN -    UserError - 59# told User(logging in) "Please type an account name and password".
03/13 05:01:29.564/IST   WARN -    UserError - 60# told User(logging in) "<font color=red size=5><b>Sorry! This account name is unavailable. Please try another one. </b></font>mauka".
03/13 05:01:45.216/IST   WARN -    UserError - 61# told User(logging in) "<font color=red size=5><b>We've sent you a confirmation email. To activate your account, please follow the instructions in the email.</b></font>".
03/13 05:02:01.824/IST   WARN -    UserError - 62# told User(logging in) "Congratulations test! You're now done. Now Jump in!".
03/13 05:02:01.876/IST   WARN -    UserError - 63# told User(logging in) "Please type an account name and password".
03/13 05:02:07.361/IST   WARN -    UserError - 64# told User(logging in) "unknown account or password".
03/13 05:02:20.412/IST   INFO -     NewChart - The chart for India vs Zimbabwe has been updated.
03/13 05:02:30.851/IST   WARN -    UserError - 67# told test "A market with the name 'India vs Zimbabwe' already exists.".
03/13 05:02:33.590/IST   WARN -    UserError - 68# told User(logging in) "Please type an account name and password".
03/13 05:02:37.115/IST   WARN -    UserError - 69# told User(logging in) "removed Admin Authorization.  Login as Admin again when needed.".
03/13 05:02:45.222/IST   WARN -    UserError - 70# told User(logging in) "Added Admin Credentials.  Login to an account to trade or create markets.".
03/13 05:03:08.488/IST   WARN -    UserError - 71# told mauka "A market with the name 'India vs Zimbabwe' already exists.".
03/13 05:04:29.785/IST   WARN -    UserError - 78# told User(logging in) "Please type an account name and password".
03/13 05:04:36.347/IST   WARN -    UserError - 79# told User(logging in) "removed Admin Authorization.  Login as Admin again when needed.".
03/13 05:04:56.041/IST  DEBUG -      Trading - test wants to sell Zimbabwe with limit of 25 @ 30.
03/13 05:04:56.051/IST   INFO -  PriceAction - 80# test traded with the market maker for -12.224 of India vs Zimbabwe:Zimbabwe changing the price from 50 to 30
03/13 05:04:56.051/IST   INFO -  PriceAction - 81# test traded with the market maker for 0 of India vs Zimbabwe:India changing the price from 50 to 70
03/13 05:04:56.110/IST   INFO -     NewChart - The chart for India vs Zimbabwe has been updated.
03/13 05:04:56.111/IST   INFO -  PriceChange - prices in market 'India vs Zimbabwe' changed.  India vs Zimbabwe:Zimbabwe: 30, India vs Zimbabwe:India: 70
03/13 05:04:56.112/IST   WARN -    UserError - 84# told test "Sold 12.224 shares of the team.".
03/13 05:04:56.177/IST   INFO -     NewChart - The chart for India vs Zimbabwe has been updated.
03/13 05:05:03.554/IST  DEBUG -      Trading - test wants to liquidate India
03/13 05:05:03.564/IST   INFO -  PriceAction - 85# test traded with the market maker for -12.224 of India vs Zimbabwe:India changing the price from 70 to 50
03/13 05:05:03.565/IST   INFO -  PriceAction - 86# test traded with the market maker for 0 of India vs Zimbabwe:Zimbabwe changing the price from 30 to 50
03/13 05:05:03.608/IST   INFO -     NewChart - The chart for India vs Zimbabwe has been updated.
03/13 05:05:03.609/IST   INFO -  PriceChange - prices in market 'India vs Zimbabwe' changed.  India vs Zimbabwe:India: 50, India vs Zimbabwe:Zimbabwe: 50
03/13 05:05:03.651/IST   INFO -     NewChart - The chart for India vs Zimbabwe has been updated.
03/13 05:05:03.652/IST   WARN -    UserError - 87# told test "Sold 12.224".
03/13 05:05:10.629/IST  DEBUG -      Trading - test wants to buy India with limit of 25 @ 90.
03/13 05:05:10.637/IST   INFO -  PriceAction - 90# test traded with the market maker for 0 of India vs Zimbabwe:Zimbabwe changing the price from 50 to 10
03/13 05:05:10.638/IST   INFO -  PriceAction - 91# test traded with the market maker for 31.699 of India vs Zimbabwe:India changing the price from 50 to 90
03/13 05:05:10.681/IST   INFO -     NewChart - The chart for India vs Zimbabwe has been updated.
03/13 05:05:10.682/IST   INFO -  PriceChange - prices in market 'India vs Zimbabwe' changed.  India vs Zimbabwe:Zimbabwe: 10, India vs Zimbabwe:India: 90
03/13 05:05:10.682/IST   WARN -    UserError - 92# told test "Bought 31.699 shares of the team.".
03/13 05:05:10.742/IST   INFO -     NewChart - The chart for India vs Zimbabwe has been updated.
03/13 05:05:42.987/IST  DEBUG -      Trading - test wants to buy India with limit of 25 @ 90.
03/13 05:05:43.043/IST   INFO -     NewChart - The chart for India vs Zimbabwe has been updated.
03/13 05:05:54.100/IST  DEBUG -      Trading - test wants to buy India with limit of 25 @ 99.
03/13 05:05:54.109/IST   INFO -  PriceAction - 103# test traded with the market maker for 26.244 of India vs Zimbabwe:India changing the price from 90 to 98.23
03/13 05:05:54.109/IST   INFO -  PriceAction - 104# test traded with the market maker for 0 of India vs Zimbabwe:Zimbabwe changing the price from 10 to 1.77
03/13 05:05:54.151/IST   INFO -     NewChart - The chart for India vs Zimbabwe has been updated.
03/13 05:05:54.152/IST   INFO -  PriceChange - prices in market 'India vs Zimbabwe' changed.  India vs Zimbabwe:India: 98, India vs Zimbabwe:Zimbabwe: 2
03/13 05:05:54.153/IST   WARN -    UserError - 105# told test "Bought 26.244 shares of the team.".
03/13 05:05:54.225/IST   INFO -     NewChart - The chart for India vs Zimbabwe has been updated.
03/13 05:06:03.834/IST  DEBUG -      Trading - test wants to sell India with limit of 25 @ 49.
03/13 05:06:03.842/IST   INFO -  PriceAction - 112# test traded with the market maker for -57.944 of India vs Zimbabwe:India changing the price from 98.23 to 50
03/13 05:06:03.843/IST   INFO -  PriceAction - 113# test traded with the market maker for 0 of India vs Zimbabwe:Zimbabwe changing the price from 1.77 to 50
03/13 05:06:03.883/IST   INFO -     NewChart - The chart for India vs Zimbabwe has been updated.
03/13 05:06:03.884/IST   INFO -  PriceChange - prices in market 'India vs Zimbabwe' changed.  India vs Zimbabwe:India: 50, India vs Zimbabwe:Zimbabwe: 50
03/13 05:06:03.887/IST   INFO -  PriceAction - 114# test traded with the market maker for -0.577 of India vs Zimbabwe:India changing the price from 50 to 49
03/13 05:06:03.888/IST   INFO -  PriceAction - 115# test traded with the market maker for 0 of India vs Zimbabwe:Zimbabwe changing the price from 50 to 51
03/13 05:06:03.928/IST   INFO -     NewChart - The chart for India vs Zimbabwe has been updated.
03/13 05:06:03.928/IST   INFO -  PriceChange - prices in market 'India vs Zimbabwe' changed.  India vs Zimbabwe:India: 49, India vs Zimbabwe:Zimbabwe: 51
03/13 05:06:03.929/IST   WARN -    UserError - 116# told test "Sold 58.521 shares of the team.".
03/13 05:06:03.989/IST   INFO -     NewChart - The chart for India vs Zimbabwe has been updated.
03/13 05:06:24.412/IST   INFO -     NewChart - The chart for India vs Zimbabwe has been updated.
03/13 05:06:30.250/IST  DEBUG -      Trading - test wants to liquidate Zimbabwe
03/13 05:06:30.258/IST   INFO -  PriceAction - 137# test traded with the market maker for -0.577 of India vs Zimbabwe:Zimbabwe changing the price from 51 to 50
03/13 05:06:30.259/IST   INFO -  PriceAction - 138# test traded with the market maker for 0 of India vs Zimbabwe:India changing the price from 49 to 50
03/13 05:06:30.299/IST   INFO -     NewChart - The chart for India vs Zimbabwe has been updated.
03/13 05:06:30.299/IST   INFO -  PriceChange - prices in market 'India vs Zimbabwe' changed.  India vs Zimbabwe:Zimbabwe: 50, India vs Zimbabwe:India: 50
03/13 05:06:30.337/IST   INFO -     NewChart - The chart for India vs Zimbabwe has been updated.
03/13 05:06:30.338/IST   WARN -    UserError - 139# told test "Sold 0.577".
03/13 05:06:45.758/IST  DEBUG -      Trading - test wants to liquidate Zimbabwe
03/13 05:06:45.765/IST   INFO -  PriceAction - 166# test traded with the market maker for -0.577 of India vs Zimbabwe:Zimbabwe changing the price from 50 to 49
03/13 05:06:45.766/IST   INFO -  PriceAction - 167# test traded with the market maker for 0 of India vs Zimbabwe:India changing the price from 50 to 51
03/13 05:06:45.804/IST   INFO -     NewChart - The chart for India vs Zimbabwe has been updated.
03/13 05:06:45.805/IST   INFO -  PriceChange - prices in market 'India vs Zimbabwe' changed.  India vs Zimbabwe:Zimbabwe: 49, India vs Zimbabwe:India: 51
03/13 05:06:45.842/IST   INFO -     NewChart - The chart for India vs Zimbabwe has been updated.
03/13 05:06:45.842/IST   WARN -    UserError - 168# told test "Sold 0.577".
03/13 05:06:52.644/IST  DEBUG -      Trading - test wants to liquidate Zimbabwe
03/13 05:06:52.652/IST   INFO -  PriceAction - 183# test traded with the market maker for -0.578 of India vs Zimbabwe:Zimbabwe changing the price from 49 to 48
03/13 05:06:52.652/IST   INFO -  PriceAction - 184# test traded with the market maker for 0 of India vs Zimbabwe:India changing the price from 51 to 52
03/13 05:06:52.689/IST   INFO -     NewChart - The chart for India vs Zimbabwe has been updated.
03/13 05:06:52.690/IST   INFO -  PriceChange - prices in market 'India vs Zimbabwe' changed.  India vs Zimbabwe:Zimbabwe: 48, India vs Zimbabwe:India: 52
03/13 05:06:52.727/IST   INFO -     NewChart - The chart for India vs Zimbabwe has been updated.
03/13 05:06:52.728/IST   WARN -    UserError - 185# told test "Sold 0.578".
03/13 05:07:00.656/IST  DEBUG -      Trading - test wants to liquidate Zimbabwe
03/13 05:07:00.664/IST   INFO -  PriceAction - 202# test traded with the market maker for 0 of India vs Zimbabwe:India changing the price from 52 to 53
03/13 05:07:00.664/IST   INFO -  PriceAction - 203# test traded with the market maker for -0.579 of India vs Zimbabwe:Zimbabwe changing the price from 48 to 47
03/13 05:07:00.699/IST   INFO -     NewChart - The chart for India vs Zimbabwe has been updated.
03/13 05:07:00.699/IST   INFO -  PriceChange - prices in market 'India vs Zimbabwe' changed.  India vs Zimbabwe:India: 53, India vs Zimbabwe:Zimbabwe: 47
03/13 05:07:00.734/IST   INFO -     NewChart - The chart for India vs Zimbabwe has been updated.
03/13 05:07:00.734/IST   WARN -    UserError - 204# told test "Sold 0.579".
03/13 05:07:09.486/IST  DEBUG -      Trading - test wants to liquidate Zimbabwe
03/13 05:07:09.493/IST   INFO -  PriceAction - 223# test traded with the market maker for -0.58 of India vs Zimbabwe:Zimbabwe changing the price from 47 to 46
03/13 05:07:09.494/IST   INFO -  PriceAction - 224# test traded with the market maker for 0 of India vs Zimbabwe:India changing the price from 53 to 54
03/13 05:07:09.529/IST   INFO -     NewChart - The chart for India vs Zimbabwe has been updated.
03/13 05:07:09.530/IST   INFO -  PriceChange - prices in market 'India vs Zimbabwe' changed.  India vs Zimbabwe:Zimbabwe: 46, India vs Zimbabwe:India: 54
03/13 05:07:09.564/IST   INFO -     NewChart - The chart for India vs Zimbabwe has been updated.
03/13 05:07:09.565/IST   WARN -    UserError - 225# told test "Sold 0.580".
03/13 05:08:11.363/IST  DEBUG -      Trading - test wants to buy India with limit of 25 @ 55.
03/13 05:08:11.371/IST   INFO -  PriceAction - 268# test traded with the market maker for 0 of India vs Zimbabwe:Zimbabwe changing the price from 46 to 45.01
03/13 05:08:11.371/IST   INFO -  PriceAction - 269# test traded with the market maker for 0.576 of India vs Zimbabwe:India changing the price from 54 to 54.99
03/13 05:08:11.429/IST   INFO -     NewChart - The chart for India vs Zimbabwe has been updated.
03/13 05:08:11.429/IST   INFO -  PriceChange - prices in market 'India vs Zimbabwe' changed.  India vs Zimbabwe:Zimbabwe: 45, India vs Zimbabwe:India: 55
03/13 05:08:11.432/IST   INFO -  PriceAction - 294# test traded with the market maker for 0 of India vs Zimbabwe:Zimbabwe changing the price from 45.01 to 45
03/13 05:08:11.433/IST   INFO -  PriceAction - 295# test traded with the market maker for 0.006 of India vs Zimbabwe:India changing the price from 54.99 to 55
03/13 05:08:11.479/IST   INFO -     NewChart - The chart for India vs Zimbabwe has been updated.
03/13 05:08:11.479/IST   INFO -  PriceChange - prices in market 'India vs Zimbabwe' changed.  India vs Zimbabwe:Zimbabwe: 45, India vs Zimbabwe:India: 55
03/13 05:08:11.480/IST   WARN -    UserError - 296# told test "Bought 0.582 shares of the team.".
03/13 05:08:11.541/IST   INFO -     NewChart - The chart for India vs Zimbabwe has been updated.
03/13 05:08:19.447/IST  DEBUG -      Trading - test wants to liquidate India
03/13 05:08:19.455/IST   INFO -  PriceAction - 319# test traded with the market maker for 0 of India vs Zimbabwe:Zimbabwe changing the price from 45 to 45.01
03/13 05:08:19.455/IST   INFO -  PriceAction - 320# test traded with the market maker for -0.006 of India vs Zimbabwe:India changing the price from 55 to 54.99
03/13 05:08:19.500/IST   INFO -     NewChart - The chart for India vs Zimbabwe has been updated.
03/13 05:08:19.500/IST   INFO -  PriceChange - prices in market 'India vs Zimbabwe' changed.  India vs Zimbabwe:Zimbabwe: 45, India vs Zimbabwe:India: 55
03/13 05:08:19.545/IST   INFO -     NewChart - The chart for India vs Zimbabwe has been updated.
03/13 05:08:19.545/IST   WARN -    UserError - 321# told test "Sold 0.006".
03/13 05:08:29.737/IST  DEBUG -      Trading - test wants to sell India with limit of 25 @ 30.
03/13 05:08:29.742/IST   INFO -  PriceAction - 348# test traded with the market maker for -0.006 of India vs Zimbabwe:India changing the price from 54.99 to 54.98
03/13 05:08:29.743/IST   INFO -  PriceAction - 349# test traded with the market maker for 0 of India vs Zimbabwe:Zimbabwe changing the price from 45.01 to 45.02
03/13 05:08:29.789/IST   INFO -     NewChart - The chart for India vs Zimbabwe has been updated.
03/13 05:08:29.789/IST   INFO -  PriceChange - prices in market 'India vs Zimbabwe' changed.  India vs Zimbabwe:India: 55, India vs Zimbabwe:Zimbabwe: 45
03/13 05:08:29.793/IST   INFO -  PriceAction - 350# test traded with the market maker for -15.107 of India vs Zimbabwe:India changing the price from 54.98 to 30
03/13 05:08:29.794/IST   INFO -  PriceAction - 351# test traded with the market maker for 0 of India vs Zimbabwe:Zimbabwe changing the price from 45.02 to 70
03/13 05:08:29.837/IST   INFO -     NewChart - The chart for India vs Zimbabwe has been updated.
03/13 05:08:29.838/IST   INFO -  PriceChange - prices in market 'India vs Zimbabwe' changed.  India vs Zimbabwe:India: 30, India vs Zimbabwe:Zimbabwe: 70
03/13 05:08:29.839/IST   WARN -    UserError - 352# told test "Sold 15.113 shares of the team.".
03/13 05:08:29.896/IST   INFO -     NewChart - The chart for India vs Zimbabwe has been updated.
03/13 05:08:34.211/IST  DEBUG -      Trading - test wants to liquidate Zimbabwe
03/13 05:08:34.219/IST   INFO -  PriceAction - 381# test traded with the market maker for -15.102 of India vs Zimbabwe:Zimbabwe changing the price from 70 to 45.03
03/13 05:08:34.220/IST   INFO -  PriceAction - 382# test traded with the market maker for 0 of India vs Zimbabwe:India changing the price from 30 to 54.97
03/13 05:08:34.264/IST   INFO -     NewChart - The chart for India vs Zimbabwe has been updated.
03/13 05:08:34.265/IST   INFO -  PriceChange - prices in market 'India vs Zimbabwe' changed.  India vs Zimbabwe:Zimbabwe: 45, India vs Zimbabwe:India: 55
03/13 05:08:34.309/IST   INFO -     NewChart - The chart for India vs Zimbabwe has been updated.
03/13 05:08:34.310/IST   WARN -    UserError - 383# told test "Sold 15.102".
03/13 05:08:49.718/IST  DEBUG -      Trading - test wants to liquidate Zimbabwe
03/13 05:08:49.765/IST   INFO -     NewChart - The chart for India vs Zimbabwe has been updated.
03/13 05:08:49.766/IST   WARN -    UserError - 416# told test "Sold 0.000".
03/13 05:08:54.067/IST  DEBUG -      Trading - test wants to liquidate Zimbabwe
03/13 05:08:54.115/IST   INFO -     NewChart - The chart for India vs Zimbabwe has been updated.
03/13 05:08:54.115/IST   WARN -    UserError - 451# told test "Sold 0.000".
03/13 05:08:58.806/IST  DEBUG -      Trading - test wants to liquidate Zimbabwe
03/13 05:08:58.865/IST   INFO -     NewChart - The chart for India vs Zimbabwe has been updated.
03/13 05:08:58.866/IST   WARN -    UserError - 486# told test "Sold 0.000".
03/13 05:09:34.998/IST   WARN -    UserError - 521# told User(logging in) "Please type an account name and password".
03/13 05:09:51.643/IST   WARN -    UserError - 522# told User(logging in) "Added Admin Credentials.  Login to an account to trade or create markets.".
03/13 05:10:05.142/IST   WARN -    UserError - 523# told mauka "A market with the name 'India vs Zimbabwe' already exists.".
03/13 05:10:07.263/IST   WARN -    UserError - 526# told User(logging in) "Please type an account name and password".
